
C:\Users\gcristian\Desktop\F429\Drivers\obj\sx1276-Fsk.o:     file format elf32-littlearm
C:\Users\gcristian\Desktop\F429\Drivers\obj\sx1276-Fsk.o


Disassembly of section .text.SX1276FskInit:

00000000 <SX1276FskInit>:
SX1276FskInit():
C:\Users\gcristian\Desktop\F429\Drivers\src\radio/sx1276-Fsk.c:113
 */
static uint16_t TxPacketSize = 0;
static uint32_t TxTimeoutTimer = 0;

void SX1276FskInit( void )
{
   0:	b580      	push	{r7, lr}
   2:	af00      	add	r7, sp, #0
C:\Users\gcristian\Desktop\F429\Drivers\src\radio/sx1276-Fsk.c:114
    RFState = RF_STATE_IDLE;
   4:	4b74      	ldr	r3, [pc, #464]	; (1d8 <SX1276FskInit+0x1d8>)
   6:	f04f 0200 	mov.w	r2, #0
   a:	701a      	strb	r2, [r3, #0]
C:\Users\gcristian\Desktop\F429\Drivers\src\radio/sx1276-Fsk.c:116

    SX1276FskSetDefaults( );
   c:	f7ff fffe 	bl	0 <SX1276FskInit>
C:\Users\gcristian\Desktop\F429\Drivers\src\radio/sx1276-Fsk.c:118
    
    SX1276ReadBuffer( REG_OPMODE, SX1276Regs + 1, 0x70 - 1 );
  10:	f04f 0001 	mov.w	r0, #1
  14:	4971      	ldr	r1, [pc, #452]	; (1dc <SX1276FskInit+0x1dc>)
  16:	f04f 026f 	mov.w	r2, #111	; 0x6f
  1a:	f7ff fffe 	bl	0 <SX1276ReadBuffer>
C:\Users\gcristian\Desktop\F429\Drivers\src\radio/sx1276-Fsk.c:121

    // Set the device in FSK mode and Sleep Mode
    SX1276->RegOpMode = RF_OPMODE_MODULATIONTYPE_FSK | RF_OPMODE_SLEEP;
  1e:	4b70      	ldr	r3, [pc, #448]	; (1e0 <SX1276FskInit+0x1e0>)
  20:	681b      	ldr	r3, [r3, #0]
  22:	f04f 0200 	mov.w	r2, #0
  26:	705a      	strb	r2, [r3, #1]
C:\Users\gcristian\Desktop\F429\Drivers\src\radio/sx1276-Fsk.c:122
    SX1276Write( REG_OPMODE, SX1276->RegOpMode );
  28:	4b6d      	ldr	r3, [pc, #436]	; (1e0 <SX1276FskInit+0x1e0>)
  2a:	681b      	ldr	r3, [r3, #0]
  2c:	785b      	ldrb	r3, [r3, #1]
  2e:	f04f 0001 	mov.w	r0, #1
  32:	4619      	mov	r1, r3
  34:	f7ff fffe 	bl	0 <SX1276Write>
C:\Users\gcristian\Desktop\F429\Drivers\src\radio/sx1276-Fsk.c:124

    SX1276->RegPaRamp = RF_PARAMP_MODULATIONSHAPING_01;
  38:	4b69      	ldr	r3, [pc, #420]	; (1e0 <SX1276FskInit+0x1e0>)
  3a:	681b      	ldr	r3, [r3, #0]
  3c:	f04f 0220 	mov.w	r2, #32
  40:	729a      	strb	r2, [r3, #10]
C:\Users\gcristian\Desktop\F429\Drivers\src\radio/sx1276-Fsk.c:125
    SX1276Write( REG_PARAMP, SX1276->RegPaRamp );
  42:	4b67      	ldr	r3, [pc, #412]	; (1e0 <SX1276FskInit+0x1e0>)
  44:	681b      	ldr	r3, [r3, #0]
  46:	7a9b      	ldrb	r3, [r3, #10]
  48:	f04f 000a 	mov.w	r0, #10
  4c:	4619      	mov	r1, r3
  4e:	f7ff fffe 	bl	0 <SX1276Write>
C:\Users\gcristian\Desktop\F429\Drivers\src\radio/sx1276-Fsk.c:127

    SX1276->RegLna = RF_LNA_GAIN_G1;
  52:	4b63      	ldr	r3, [pc, #396]	; (1e0 <SX1276FskInit+0x1e0>)
  54:	681b      	ldr	r3, [r3, #0]
  56:	f04f 0220 	mov.w	r2, #32
  5a:	731a      	strb	r2, [r3, #12]
C:\Users\gcristian\Desktop\F429\Drivers\src\radio/sx1276-Fsk.c:128
    SX1276Write( REG_LNA, SX1276->RegLna );
  5c:	4b60      	ldr	r3, [pc, #384]	; (1e0 <SX1276FskInit+0x1e0>)
  5e:	681b      	ldr	r3, [r3, #0]
  60:	7b1b      	ldrb	r3, [r3, #12]
  62:	f04f 000c 	mov.w	r0, #12
  66:	4619      	mov	r1, r3
  68:	f7ff fffe 	bl	0 <SX1276Write>
C:\Users\gcristian\Desktop\F429\Drivers\src\radio/sx1276-Fsk.c:130

    if( FskSettings.AfcOn == true )
  6c:	4b5d      	ldr	r3, [pc, #372]	; (1e4 <SX1276FskInit+0x1e4>)
  6e:	7e5b      	ldrb	r3, [r3, #25]
  70:	2b00      	cmp	r3, #0
  72:	d005      	beq.n	80 <SX1276FskInit+0x80>
C:\Users\gcristian\Desktop\F429\Drivers\src\radio/sx1276-Fsk.c:132
    {
        SX1276->RegRxConfig = RF_RXCONFIG_RESTARTRXONCOLLISION_OFF | RF_RXCONFIG_AFCAUTO_ON |
  74:	4b5a      	ldr	r3, [pc, #360]	; (1e0 <SX1276FskInit+0x1e0>)
  76:	681b      	ldr	r3, [r3, #0]
  78:	f04f 021e 	mov.w	r2, #30
  7c:	735a      	strb	r2, [r3, #13]
  7e:	e004      	b.n	8a <SX1276FskInit+0x8a>
C:\Users\gcristian\Desktop\F429\Drivers\src\radio/sx1276-Fsk.c:137
                              RF_RXCONFIG_AGCAUTO_ON | RF_RXCONFIG_RXTRIGER_PREAMBLEDETECT;
    }
    else
    {
        SX1276->RegRxConfig = RF_RXCONFIG_RESTARTRXONCOLLISION_OFF | RF_RXCONFIG_AFCAUTO_OFF |
  80:	4b57      	ldr	r3, [pc, #348]	; (1e0 <SX1276FskInit+0x1e0>)
  82:	681b      	ldr	r3, [r3, #0]
  84:	f04f 020e 	mov.w	r2, #14
  88:	735a      	strb	r2, [r3, #13]
C:\Users\gcristian\Desktop\F429\Drivers\src\radio/sx1276-Fsk.c:141
                              RF_RXCONFIG_AGCAUTO_ON | RF_RXCONFIG_RXTRIGER_PREAMBLEDETECT;
    }

    SX1276->RegPreambleLsb = 8;
  8a:	4b55      	ldr	r3, [pc, #340]	; (1e0 <SX1276FskInit+0x1e0>)
  8c:	681b      	ldr	r3, [r3, #0]
  8e:	f04f 0208 	mov.w	r2, #8
  92:	f883 2026 	strb.w	r2, [r3, #38]	; 0x26
C:\Users\gcristian\Desktop\F429\Drivers\src\radio/sx1276-Fsk.c:143
    
    SX1276->RegPreambleDetect = RF_PREAMBLEDETECT_DETECTOR_ON | RF_PREAMBLEDETECT_DETECTORSIZE_2 |
  96:	4b52      	ldr	r3, [pc, #328]	; (1e0 <SX1276FskInit+0x1e0>)
  98:	681b      	ldr	r3, [r3, #0]
  9a:	f04f 02aa 	mov.w	r2, #170	; 0xaa
  9e:	77da      	strb	r2, [r3, #31]
C:\Users\gcristian\Desktop\F429\Drivers\src\radio/sx1276-Fsk.c:146
                                RF_PREAMBLEDETECT_DETECTORTOL_10;

    SX1276->RegRssiThresh = 0xFF;
  a0:	4b4f      	ldr	r3, [pc, #316]	; (1e0 <SX1276FskInit+0x1e0>)
  a2:	681b      	ldr	r3, [r3, #0]
  a4:	f04f 02ff 	mov.w	r2, #255	; 0xff
  a8:	741a      	strb	r2, [r3, #16]
C:\Users\gcristian\Desktop\F429\Drivers\src\radio/sx1276-Fsk.c:148

    SX1276->RegSyncConfig = RF_SYNCCONFIG_AUTORESTARTRXMODE_WAITPLL_ON | RF_SYNCCONFIG_PREAMBLEPOLARITY_AA |
  aa:	4b4d      	ldr	r3, [pc, #308]	; (1e0 <SX1276FskInit+0x1e0>)
  ac:	681b      	ldr	r3, [r3, #0]
  ae:	f04f 0293 	mov.w	r2, #147	; 0x93
  b2:	f883 2027 	strb.w	r2, [r3, #39]	; 0x27
C:\Users\gcristian\Desktop\F429\Drivers\src\radio/sx1276-Fsk.c:152
                            RF_SYNCCONFIG_SYNC_ON |
                            RF_SYNCCONFIG_SYNCSIZE_4;

    SX1276->RegSyncValue1 = 0x69;
  b6:	4b4a      	ldr	r3, [pc, #296]	; (1e0 <SX1276FskInit+0x1e0>)
  b8:	681b      	ldr	r3, [r3, #0]
  ba:	f04f 0269 	mov.w	r2, #105	; 0x69
  be:	f883 2028 	strb.w	r2, [r3, #40]	; 0x28
C:\Users\gcristian\Desktop\F429\Drivers\src\radio/sx1276-Fsk.c:153
    SX1276->RegSyncValue2 = 0x81;
  c2:	4b47      	ldr	r3, [pc, #284]	; (1e0 <SX1276FskInit+0x1e0>)
  c4:	681b      	ldr	r3, [r3, #0]
  c6:	f04f 0281 	mov.w	r2, #129	; 0x81
  ca:	f883 2029 	strb.w	r2, [r3, #41]	; 0x29
C:\Users\gcristian\Desktop\F429\Drivers\src\radio/sx1276-Fsk.c:154
    SX1276->RegSyncValue3 = 0x7E;
  ce:	4b44      	ldr	r3, [pc, #272]	; (1e0 <SX1276FskInit+0x1e0>)
  d0:	681b      	ldr	r3, [r3, #0]
  d2:	f04f 027e 	mov.w	r2, #126	; 0x7e
  d6:	f883 202a 	strb.w	r2, [r3, #42]	; 0x2a
C:\Users\gcristian\Desktop\F429\Drivers\src\radio/sx1276-Fsk.c:155
    SX1276->RegSyncValue4 = 0x96;
  da:	4b41      	ldr	r3, [pc, #260]	; (1e0 <SX1276FskInit+0x1e0>)
  dc:	681b      	ldr	r3, [r3, #0]
  de:	f04f 0296 	mov.w	r2, #150	; 0x96
  e2:	f883 202b 	strb.w	r2, [r3, #43]	; 0x2b
C:\Users\gcristian\Desktop\F429\Drivers\src\radio/sx1276-Fsk.c:157

    SX1276->RegPacketConfig1 = RF_PACKETCONFIG1_PACKETFORMAT_VARIABLE | RF_PACKETCONFIG1_DCFREE_OFF |
  e6:	4b3e      	ldr	r3, [pc, #248]	; (1e0 <SX1276FskInit+0x1e0>)
  e8:	681b      	ldr	r3, [r3, #0]
C:\Users\gcristian\Desktop\F429\Drivers\src\radio/sx1276-Fsk.c:158
                               ( FskSettings.CrcOn << 4 ) | RF_PACKETCONFIG1_CRCAUTOCLEAR_ON |
  ea:	4a3e      	ldr	r2, [pc, #248]	; (1e4 <SX1276FskInit+0x1e4>)
  ec:	7e12      	ldrb	r2, [r2, #24]
  ee:	ea4f 1202 	mov.w	r2, r2, lsl #4
C:\Users\gcristian\Desktop\F429\Drivers\src\radio/sx1276-Fsk.c:157
    SX1276->RegSyncValue1 = 0x69;
    SX1276->RegSyncValue2 = 0x81;
    SX1276->RegSyncValue3 = 0x7E;
    SX1276->RegSyncValue4 = 0x96;

    SX1276->RegPacketConfig1 = RF_PACKETCONFIG1_PACKETFORMAT_VARIABLE | RF_PACKETCONFIG1_DCFREE_OFF |
  f2:	b2d2      	uxtb	r2, r2
  f4:	f062 027f 	orn	r2, r2, #127	; 0x7f
  f8:	b2d2      	uxtb	r2, r2
  fa:	b2d2      	uxtb	r2, r2
  fc:	f883 2030 	strb.w	r2, [r3, #48]	; 0x30
C:\Users\gcristian\Desktop\F429\Drivers\src\radio/sx1276-Fsk.c:160
                               ( FskSettings.CrcOn << 4 ) | RF_PACKETCONFIG1_CRCAUTOCLEAR_ON |
                               RF_PACKETCONFIG1_ADDRSFILTERING_OFF | RF_PACKETCONFIG1_CRCWHITENINGTYPE_CCITT;
    SX1276FskGetPacketCrcOn( ); // Update CrcOn on FskSettings
 100:	f7ff fffe 	bl	0 <SX1276FskGetPacketCrcOn>
C:\Users\gcristian\Desktop\F429\Drivers\src\radio/sx1276-Fsk.c:162

    SX1276->RegPayloadLength = FskSettings.PayloadLength;
 104:	4b36      	ldr	r3, [pc, #216]	; (1e0 <SX1276FskInit+0x1e0>)
 106:	681b      	ldr	r3, [r3, #0]
 108:	4a36      	ldr	r2, [pc, #216]	; (1e4 <SX1276FskInit+0x1e4>)
 10a:	7e92      	ldrb	r2, [r2, #26]
 10c:	f883 2032 	strb.w	r2, [r3, #50]	; 0x32
C:\Users\gcristian\Desktop\F429\Drivers\src\radio/sx1276-Fsk.c:165

    // we can now update the registers with our configuration
    SX1276WriteBuffer( REG_OPMODE, SX1276Regs + 1, 0x70 - 1 );
 110:	f04f 0001 	mov.w	r0, #1
 114:	4931      	ldr	r1, [pc, #196]	; (1dc <SX1276FskInit+0x1dc>)
 116:	f04f 026f 	mov.w	r2, #111	; 0x6f
 11a:	f7ff fffe 	bl	0 <SX1276WriteBuffer>
C:\Users\gcristian\Desktop\F429\Drivers\src\radio/sx1276-Fsk.c:168

    // then we need to set the RF settings 
    SX1276FskSetRFFrequency( FskSettings.RFFrequency );
 11e:	4b31      	ldr	r3, [pc, #196]	; (1e4 <SX1276FskInit+0x1e4>)
 120:	681b      	ldr	r3, [r3, #0]
 122:	4618      	mov	r0, r3
 124:	f7ff fffe 	bl	0 <SX1276FskSetRFFrequency>
C:\Users\gcristian\Desktop\F429\Drivers\src\radio/sx1276-Fsk.c:169
    SX1276FskSetBitrate( FskSettings.Bitrate );
 128:	4b2e      	ldr	r3, [pc, #184]	; (1e4 <SX1276FskInit+0x1e4>)
 12a:	685b      	ldr	r3, [r3, #4]
 12c:	4618      	mov	r0, r3
 12e:	f7ff fffe 	bl	0 <SX1276FskSetBitrate>
C:\Users\gcristian\Desktop\F429\Drivers\src\radio/sx1276-Fsk.c:170
    SX1276FskSetFdev( FskSettings.Fdev );
 132:	4b2c      	ldr	r3, [pc, #176]	; (1e4 <SX1276FskInit+0x1e4>)
 134:	689b      	ldr	r3, [r3, #8]
 136:	4618      	mov	r0, r3
 138:	f7ff fffe 	bl	0 <SX1276FskSetFdev>
C:\Users\gcristian\Desktop\F429\Drivers\src\radio/sx1276-Fsk.c:172

    SX1276FskSetDccBw( &SX1276->RegRxBw, 0, FskSettings.RxBw );
 13c:	4b28      	ldr	r3, [pc, #160]	; (1e0 <SX1276FskInit+0x1e0>)
 13e:	681b      	ldr	r3, [r3, #0]
 140:	f103 0212 	add.w	r2, r3, #18
 144:	4b27      	ldr	r3, [pc, #156]	; (1e4 <SX1276FskInit+0x1e4>)
 146:	691b      	ldr	r3, [r3, #16]
 148:	4610      	mov	r0, r2
 14a:	f04f 0100 	mov.w	r1, #0
 14e:	461a      	mov	r2, r3
 150:	f7ff fffe 	bl	0 <SX1276FskSetDccBw>
C:\Users\gcristian\Desktop\F429\Drivers\src\radio/sx1276-Fsk.c:173
    SX1276FskSetDccBw( &SX1276->RegAfcBw, 0, FskSettings.RxBwAfc );
 154:	4b22      	ldr	r3, [pc, #136]	; (1e0 <SX1276FskInit+0x1e0>)
 156:	681b      	ldr	r3, [r3, #0]
 158:	f103 0213 	add.w	r2, r3, #19
 15c:	4b21      	ldr	r3, [pc, #132]	; (1e4 <SX1276FskInit+0x1e4>)
 15e:	695b      	ldr	r3, [r3, #20]
 160:	4610      	mov	r0, r2
 162:	f04f 0100 	mov.w	r1, #0
 166:	461a      	mov	r2, r3
 168:	f7ff fffe 	bl	0 <SX1276FskSetDccBw>
C:\Users\gcristian\Desktop\F429\Drivers\src\radio/sx1276-Fsk.c:174
    SX1276FskSetRssiOffset( 0 );
 16c:	f04f 0000 	mov.w	r0, #0
 170:	f7ff fffe 	bl	0 <SX1276FskSetRssiOffset>
C:\Users\gcristian\Desktop\F429\Drivers\src\radio/sx1276-Fsk.c:177

#if( ( MODULE_SX1276RF1IAS == 1 ) || ( MODULE_SX1276RF1KAS == 1 ) )
    if( FskSettings.RFFrequency > 860000000 )
 174:	4b1b      	ldr	r3, [pc, #108]	; (1e4 <SX1276FskInit+0x1e4>)
 176:	681a      	ldr	r2, [r3, #0]
 178:	4b1b      	ldr	r3, [pc, #108]	; (1e8 <SX1276FskInit+0x1e8>)
 17a:	429a      	cmp	r2, r3
 17c:	d912      	bls.n	1a4 <SX1276FskInit+0x1a4>
C:\Users\gcristian\Desktop\F429\Drivers\src\radio/sx1276-Fsk.c:179
    {
        SX1276FskSetPAOutput( RF_PACONFIG_PASELECT_RFO );
 17e:	f04f 0000 	mov.w	r0, #0
 182:	f7ff fffe 	bl	0 <SX1276FskSetPAOutput>
C:\Users\gcristian\Desktop\F429\Drivers\src\radio/sx1276-Fsk.c:180
        SX1276FskSetPa20dBm( false );
 186:	f04f 0000 	mov.w	r0, #0
 18a:	f7ff fffe 	bl	0 <SX1276FskSetPa20dBm>
C:\Users\gcristian\Desktop\F429\Drivers\src\radio/sx1276-Fsk.c:181
        FskSettings.Power = 14;
 18e:	4b15      	ldr	r3, [pc, #84]	; (1e4 <SX1276FskInit+0x1e4>)
 190:	f04f 020e 	mov.w	r2, #14
 194:	731a      	strb	r2, [r3, #12]
C:\Users\gcristian\Desktop\F429\Drivers\src\radio/sx1276-Fsk.c:182
        SX1276FskSetRFPower( FskSettings.Power );
 196:	4b13      	ldr	r3, [pc, #76]	; (1e4 <SX1276FskInit+0x1e4>)
 198:	7b1b      	ldrb	r3, [r3, #12]
 19a:	b25b      	sxtb	r3, r3
 19c:	4618      	mov	r0, r3
 19e:	f7ff fffe 	bl	0 <SX1276FskSetRFPower>
 1a2:	e011      	b.n	1c8 <SX1276FskInit+0x1c8>
C:\Users\gcristian\Desktop\F429\Drivers\src\radio/sx1276-Fsk.c:186
    }
    else
    {
        SX1276FskSetPAOutput( RF_PACONFIG_PASELECT_PABOOST );
 1a4:	f04f 0080 	mov.w	r0, #128	; 0x80
 1a8:	f7ff fffe 	bl	0 <SX1276FskSetPAOutput>
C:\Users\gcristian\Desktop\F429\Drivers\src\radio/sx1276-Fsk.c:187
        SX1276FskSetPa20dBm( true );
 1ac:	f04f 0001 	mov.w	r0, #1
 1b0:	f7ff fffe 	bl	0 <SX1276FskSetPa20dBm>
C:\Users\gcristian\Desktop\F429\Drivers\src\radio/sx1276-Fsk.c:188
        FskSettings.Power = 20;
 1b4:	4b0b      	ldr	r3, [pc, #44]	; (1e4 <SX1276FskInit+0x1e4>)
 1b6:	f04f 0214 	mov.w	r2, #20
 1ba:	731a      	strb	r2, [r3, #12]
C:\Users\gcristian\Desktop\F429\Drivers\src\radio/sx1276-Fsk.c:189
        SX1276FskSetRFPower( FskSettings.Power );
 1bc:	4b09      	ldr	r3, [pc, #36]	; (1e4 <SX1276FskInit+0x1e4>)
 1be:	7b1b      	ldrb	r3, [r3, #12]
 1c0:	b25b      	sxtb	r3, r3
 1c2:	4618      	mov	r0, r3
 1c4:	f7ff fffe 	bl	0 <SX1276FskSetRFPower>
C:\Users\gcristian\Desktop\F429\Drivers\src\radio/sx1276-Fsk.c:208
        FskSettings.Power = 14;
        SX1276FskSetRFPower( FskSettings.Power );
    } 
#endif

    SX1276FskSetOpMode( RF_OPMODE_STANDBY );
 1c8:	f04f 0001 	mov.w	r0, #1
 1cc:	f7ff fffe 	bl	0 <SX1276FskInit>
C:\Users\gcristian\Desktop\F429\Drivers\src\radio/sx1276-Fsk.c:211

    // Calibrate the HF
    SX1276FskRxCalibrate( );
 1d0:	f7ff fffe 	bl	0 <SX1276FskRxCalibrate>
C:\Users\gcristian\Desktop\F429\Drivers\src\radio/sx1276-Fsk.c:212
}
 1d4:	bd80      	pop	{r7, pc}
 1d6:	bf00      	nop
 1d8:	00000100 	.word	0x00000100
 1dc:	00000001 	.word	0x00000001
	...
 1e8:	33428f00 	.word	0x33428f00

Disassembly of section .text.SX1276FskSetDefaults:

00000000 <SX1276FskSetDefaults>:
SX1276FskSetDefaults():
C:\Users\gcristian\Desktop\F429\Drivers\src\radio/sx1276-Fsk.c:215

void SX1276FskSetDefaults( void )
{
   0:	af00b580 	.word	0xaf00b580
C:\Users\gcristian\Desktop\F429\Drivers\src\radio/sx1276-Fsk.c:218
    // REMARK: See SX1276 datasheet for modified default values.

    SX1276Read( REG_VERSION, &SX1276->RegVersion );
   4:	4b04      	ldr	r3, [pc, #16]	; (18 <SX1276FskSetDefaults+0x18>)
   6:	681b      	ldr	r3, [r3, #0]
   8:	f103 0342 	add.w	r3, r3, #66	; 0x42
   c:	f04f 0042 	mov.w	r0, #66	; 0x42
  10:	4619      	mov	r1, r3
  12:	f7ff fffe 	bl	0 <SX1276Read>
C:\Users\gcristian\Desktop\F429\Drivers\src\radio/sx1276-Fsk.c:219
}
  16:	bd80      	pop	{r7, pc}
  18:	00000000 	.word	0x00000000

Disassembly of section .text.SX1276FskSetOpMode:

00000000 <SX1276FskSetOpMode>:
SX1276FskSetOpMode():
C:\Users\gcristian\Desktop\F429\Drivers\src\radio/sx1276-Fsk.c:222

void SX1276FskSetOpMode( uint8_t opMode )
{
   0:	b580      	push	{r7, lr}
   2:	b084      	sub	sp, #16
   4:	af00      	add	r7, sp, #0
   6:	4603      	mov	r3, r0
   8:	71fb      	strb	r3, [r7, #7]
C:\Users\gcristian\Desktop\F429\Drivers\src\radio/sx1276-Fsk.c:225
    static uint8_t opModePrev = RF_OPMODE_STANDBY;
    static bool antennaSwitchTxOnPrev = true;
    bool antennaSwitchTxOn = false;
   a:	f04f 0300 	mov.w	r3, #0
   e:	73fb      	strb	r3, [r7, #15]
C:\Users\gcristian\Desktop\F429\Drivers\src\radio/sx1276-Fsk.c:227

    opModePrev = SX1276->RegOpMode & ~RF_OPMODE_MASK;
  10:	4b1e      	ldr	r3, [pc, #120]	; (8c <SX1276FskSetOpMode+0x8c>)
  12:	681b      	ldr	r3, [r3, #0]
  14:	785b      	ldrb	r3, [r3, #1]
  16:	f003 0307 	and.w	r3, r3, #7
  1a:	b2da      	uxtb	r2, r3
  1c:	4b1c      	ldr	r3, [pc, #112]	; (90 <SX1276FskSetOpMode+0x90>)
  1e:	701a      	strb	r2, [r3, #0]
C:\Users\gcristian\Desktop\F429\Drivers\src\radio/sx1276-Fsk.c:229

    if( opMode != opModePrev )
  20:	4b1b      	ldr	r3, [pc, #108]	; (90 <SX1276FskSetOpMode+0x90>)
  22:	781b      	ldrb	r3, [r3, #0]
  24:	79fa      	ldrb	r2, [r7, #7]
  26:	429a      	cmp	r2, r3
  28:	d02c      	beq.n	84 <SX1276FskSetOpMode+0x84>
C:\Users\gcristian\Desktop\F429\Drivers\src\radio/sx1276-Fsk.c:231
    {
        if( opMode == RF_OPMODE_TRANSMITTER )
  2a:	79fb      	ldrb	r3, [r7, #7]
  2c:	2b03      	cmp	r3, #3
  2e:	d103      	bne.n	38 <SX1276FskSetOpMode+0x38>
C:\Users\gcristian\Desktop\F429\Drivers\src\radio/sx1276-Fsk.c:233
        {
            antennaSwitchTxOn = true;
  30:	f04f 0301 	mov.w	r3, #1
  34:	73fb      	strb	r3, [r7, #15]
  36:	e002      	b.n	3e <SX1276FskSetOpMode+0x3e>
C:\Users\gcristian\Desktop\F429\Drivers\src\radio/sx1276-Fsk.c:237
        }
        else
        {
            antennaSwitchTxOn = false;
  38:	f04f 0300 	mov.w	r3, #0
  3c:	73fb      	strb	r3, [r7, #15]
C:\Users\gcristian\Desktop\F429\Drivers\src\radio/sx1276-Fsk.c:239
        }
        if( antennaSwitchTxOn != antennaSwitchTxOnPrev )
  3e:	4b15      	ldr	r3, [pc, #84]	; (94 <SX1276FskSetOpMode+0x94>)
  40:	781b      	ldrb	r3, [r3, #0]
  42:	7bfa      	ldrb	r2, [r7, #15]
  44:	429a      	cmp	r2, r3
  46:	d006      	beq.n	56 <SX1276FskSetOpMode+0x56>
C:\Users\gcristian\Desktop\F429\Drivers\src\radio/sx1276-Fsk.c:241
        {
            antennaSwitchTxOnPrev = antennaSwitchTxOn;
  48:	4b12      	ldr	r3, [pc, #72]	; (94 <SX1276FskSetOpMode+0x94>)
  4a:	7bfa      	ldrb	r2, [r7, #15]
  4c:	701a      	strb	r2, [r3, #0]
C:\Users\gcristian\Desktop\F429\Drivers\src\radio/sx1276-Fsk.c:242
            RXTX( antennaSwitchTxOn ); // Antenna switch control
  4e:	7bfb      	ldrb	r3, [r7, #15]
  50:	4618      	mov	r0, r3
  52:	f7ff fffe 	bl	0 <SX1276WriteRxTx>
C:\Users\gcristian\Desktop\F429\Drivers\src\radio/sx1276-Fsk.c:244
        }
        SX1276->RegOpMode = ( SX1276->RegOpMode & RF_OPMODE_MASK ) | opMode;
  56:	4b0d      	ldr	r3, [pc, #52]	; (8c <SX1276FskSetOpMode+0x8c>)
  58:	681b      	ldr	r3, [r3, #0]
  5a:	4a0c      	ldr	r2, [pc, #48]	; (8c <SX1276FskSetOpMode+0x8c>)
  5c:	6812      	ldr	r2, [r2, #0]
  5e:	7852      	ldrb	r2, [r2, #1]
  60:	b2d2      	uxtb	r2, r2
  62:	f022 0207 	bic.w	r2, r2, #7
  66:	b2d1      	uxtb	r1, r2
  68:	79fa      	ldrb	r2, [r7, #7]
  6a:	ea41 0202 	orr.w	r2, r1, r2
  6e:	b2d2      	uxtb	r2, r2
  70:	b2d2      	uxtb	r2, r2
  72:	705a      	strb	r2, [r3, #1]
C:\Users\gcristian\Desktop\F429\Drivers\src\radio/sx1276-Fsk.c:246

        SX1276Write( REG_OPMODE, SX1276->RegOpMode );        
  74:	4b05      	ldr	r3, [pc, #20]	; (8c <SX1276FskSetOpMode+0x8c>)
  76:	681b      	ldr	r3, [r3, #0]
  78:	785b      	ldrb	r3, [r3, #1]
  7a:	f04f 0001 	mov.w	r0, #1
  7e:	4619      	mov	r1, r3
  80:	f7ff fffe 	bl	0 <SX1276Write>
C:\Users\gcristian\Desktop\F429\Drivers\src\radio/sx1276-Fsk.c:248
    }
}
  84:	f107 0710 	add.w	r7, r7, #16
  88:	46bd      	mov	sp, r7
  8a:	bd80      	pop	{r7, pc}
  8c:	00000000 	.word	0x00000000
  90:	0000001e 	.word	0x0000001e
  94:	0000001f 	.word	0x0000001f

Disassembly of section .text.SX1276FskGetOpMode:

00000000 <SX1276FskGetOpMode>:
SX1276FskGetOpMode():
C:\Users\gcristian\Desktop\F429\Drivers\src\radio/sx1276-Fsk.c:251

uint8_t SX1276FskGetOpMode( void )
{
   0:	af00b580 	.word	0xaf00b580
C:\Users\gcristian\Desktop\F429\Drivers\src\radio/sx1276-Fsk.c:252
    SX1276Read( REG_OPMODE, &SX1276->RegOpMode );
   4:	4b08      	ldr	r3, [pc, #32]	; (28 <SX1276FskGetOpMode+0x28>)
   6:	681b      	ldr	r3, [r3, #0]
   8:	f103 0301 	add.w	r3, r3, #1
   c:	f04f 0001 	mov.w	r0, #1
  10:	4619      	mov	r1, r3
  12:	f7ff fffe 	bl	0 <SX1276Read>
C:\Users\gcristian\Desktop\F429\Drivers\src\radio/sx1276-Fsk.c:254
    
    return SX1276->RegOpMode & ~RF_OPMODE_MASK;
  16:	4b04      	ldr	r3, [pc, #16]	; (28 <SX1276FskGetOpMode+0x28>)
  18:	681b      	ldr	r3, [r3, #0]
  1a:	785b      	ldrb	r3, [r3, #1]
  1c:	f003 0307 	and.w	r3, r3, #7
  20:	b2db      	uxtb	r3, r3
C:\Users\gcristian\Desktop\F429\Drivers\src\radio/sx1276-Fsk.c:255
}
  22:	4618      	mov	r0, r3
  24:	bd80      	pop	{r7, pc}
  26:	bf00      	nop
  28:	00000000 	.word	0x00000000

Disassembly of section .text.SX1276FskReadFei:

00000000 <SX1276FskReadFei>:
SX1276FskReadFei():
C:\Users\gcristian\Desktop\F429\Drivers\src\radio/sx1276-Fsk.c:258

int32_t SX1276FskReadFei( void )
{
   0:	b580      	push	{r7, lr}
   2:	af00      	add	r7, sp, #0
C:\Users\gcristian\Desktop\F429\Drivers\src\radio/sx1276-Fsk.c:259
    SX1276ReadBuffer( REG_FEIMSB, &SX1276->RegFeiMsb, 2 );                          // Reads the FEI value
   4:	4b1c      	ldr	r3, [pc, #112]	; (78 <SX1276FskReadFei+0x78>)
   6:	681b      	ldr	r3, [r3, #0]
   8:	f103 031d 	add.w	r3, r3, #29
   c:	f04f 001d 	mov.w	r0, #29
  10:	4619      	mov	r1, r3
  12:	f04f 0202 	mov.w	r2, #2
  16:	f7ff fffe 	bl	0 <SX1276ReadBuffer>
C:\Users\gcristian\Desktop\F429\Drivers\src\radio/sx1276-Fsk.c:261

    return ( int32_t )( double )( ( ( uint16_t )SX1276->RegFeiMsb << 8 ) | ( uint16_t )SX1276->RegFeiLsb ) * ( double )FREQ_STEP;
  1a:	4b17      	ldr	r3, [pc, #92]	; (78 <SX1276FskReadFei+0x78>)
  1c:	681b      	ldr	r3, [r3, #0]
  1e:	7f5b      	ldrb	r3, [r3, #29]
  20:	ea4f 2203 	mov.w	r2, r3, lsl #8
  24:	4b14      	ldr	r3, [pc, #80]	; (78 <SX1276FskReadFei+0x78>)
  26:	681b      	ldr	r3, [r3, #0]
  28:	7f9b      	ldrb	r3, [r3, #30]
  2a:	ea42 0303 	orr.w	r3, r2, r3
  2e:	4618      	mov	r0, r3
  30:	f7ff fffe 	bl	0 <__aeabi_i2d>
  34:	4602      	mov	r2, r0
  36:	460b      	mov	r3, r1
  38:	4610      	mov	r0, r2
  3a:	4619      	mov	r1, r3
  3c:	f7ff fffe 	bl	0 <__aeabi_d2iz>
  40:	4603      	mov	r3, r0
  42:	4618      	mov	r0, r3
  44:	f7ff fffe 	bl	0 <__aeabi_i2d>
  48:	4602      	mov	r2, r0
  4a:	460b      	mov	r3, r1
  4c:	4610      	mov	r0, r2
  4e:	4619      	mov	r1, r3
  50:	a307      	add	r3, pc, #28	; (adr r3, 70 <SX1276FskReadFei+0x70>)
  52:	e9d3 2300 	ldrd	r2, r3, [r3]
  56:	f7ff fffe 	bl	0 <__aeabi_dmul>
  5a:	4602      	mov	r2, r0
  5c:	460b      	mov	r3, r1
  5e:	4610      	mov	r0, r2
  60:	4619      	mov	r1, r3
  62:	f7ff fffe 	bl	0 <__aeabi_d2iz>
  66:	4603      	mov	r3, r0
C:\Users\gcristian\Desktop\F429\Drivers\src\radio/sx1276-Fsk.c:262
}
  68:	4618      	mov	r0, r3
  6a:	bd80      	pop	{r7, pc}
  6c:	f3af 8000 	nop.w
  70:	00000000 	.word	0x00000000
  74:	404e8480 	.word	0x404e8480
  78:	00000000 	.word	0x00000000
  7c:	f3af 8000 	nop.w

Disassembly of section .text.SX1276FskReadAfc:

00000000 <SX1276FskReadAfc>:
SX1276FskReadAfc():
C:\Users\gcristian\Desktop\F429\Drivers\src\radio/sx1276-Fsk.c:265

int32_t SX1276FskReadAfc( void )
{
   0:	af00b580 	.word	0xaf00b580
C:\Users\gcristian\Desktop\F429\Drivers\src\radio/sx1276-Fsk.c:266
    SX1276ReadBuffer( REG_AFCMSB, &SX1276->RegAfcMsb, 2 );                            // Reads the AFC value
   4:	4b1c      	ldr	r3, [pc, #112]	; (78 <SX1276FskReadAfc+0x78>)
   6:	681b      	ldr	r3, [r3, #0]
   8:	f103 031b 	add.w	r3, r3, #27
   c:	f04f 001b 	mov.w	r0, #27
  10:	4619      	mov	r1, r3
  12:	f04f 0202 	mov.w	r2, #2
  16:	f7ff fffe 	bl	0 <SX1276ReadBuffer>
C:\Users\gcristian\Desktop\F429\Drivers\src\radio/sx1276-Fsk.c:267
    return ( int32_t )( double )( ( ( uint16_t )SX1276->RegAfcMsb << 8 ) | ( uint16_t )SX1276->RegAfcLsb ) * ( double )FREQ_STEP;
  1a:	4b17      	ldr	r3, [pc, #92]	; (78 <SX1276FskReadAfc+0x78>)
  1c:	681b      	ldr	r3, [r3, #0]
  1e:	7edb      	ldrb	r3, [r3, #27]
  20:	ea4f 2203 	mov.w	r2, r3, lsl #8
  24:	4b14      	ldr	r3, [pc, #80]	; (78 <SX1276FskReadAfc+0x78>)
  26:	681b      	ldr	r3, [r3, #0]
  28:	7f1b      	ldrb	r3, [r3, #28]
  2a:	ea42 0303 	orr.w	r3, r2, r3
  2e:	4618      	mov	r0, r3
  30:	f7ff fffe 	bl	0 <__aeabi_i2d>
  34:	4602      	mov	r2, r0
  36:	460b      	mov	r3, r1
  38:	4610      	mov	r0, r2
  3a:	4619      	mov	r1, r3
  3c:	f7ff fffe 	bl	0 <__aeabi_d2iz>
  40:	4603      	mov	r3, r0
  42:	4618      	mov	r0, r3
  44:	f7ff fffe 	bl	0 <__aeabi_i2d>
  48:	4602      	mov	r2, r0
  4a:	460b      	mov	r3, r1
  4c:	4610      	mov	r0, r2
  4e:	4619      	mov	r1, r3
  50:	a307      	add	r3, pc, #28	; (adr r3, 70 <SX1276FskReadAfc+0x70>)
  52:	e9d3 2300 	ldrd	r2, r3, [r3]
  56:	f7ff fffe 	bl	0 <__aeabi_dmul>
  5a:	4602      	mov	r2, r0
  5c:	460b      	mov	r3, r1
  5e:	4610      	mov	r0, r2
  60:	4619      	mov	r1, r3
  62:	f7ff fffe 	bl	0 <__aeabi_d2iz>
  66:	4603      	mov	r3, r0
C:\Users\gcristian\Desktop\F429\Drivers\src\radio/sx1276-Fsk.c:268
}
  68:	4618      	mov	r0, r3
  6a:	bd80      	pop	{r7, pc}
  6c:	f3af 8000 	nop.w
  70:	00000000 	.word	0x00000000
  74:	404e8480 	.word	0x404e8480
  78:	00000000 	.word	0x00000000
  7c:	f3af 8000 	nop.w

Disassembly of section .text.SX1276FskReadRxGain:

00000000 <SX1276FskReadRxGain>:
SX1276FskReadRxGain():
C:\Users\gcristian\Desktop\F429\Drivers\src\radio/sx1276-Fsk.c:271

uint8_t SX1276FskReadRxGain( void )
{
   0:	af00b580 	.word	0xaf00b580
C:\Users\gcristian\Desktop\F429\Drivers\src\radio/sx1276-Fsk.c:272
    SX1276Read( REG_LNA, &SX1276->RegLna );
   4:	4b08      	ldr	r3, [pc, #32]	; (28 <SX1276FskReadRxGain+0x28>)
   6:	681b      	ldr	r3, [r3, #0]
   8:	f103 030c 	add.w	r3, r3, #12
   c:	f04f 000c 	mov.w	r0, #12
  10:	4619      	mov	r1, r3
  12:	f7ff fffe 	bl	0 <SX1276Read>
C:\Users\gcristian\Desktop\F429\Drivers\src\radio/sx1276-Fsk.c:273
    return( SX1276->RegLna >> 5 ) & 0x07;
  16:	4b04      	ldr	r3, [pc, #16]	; (28 <SX1276FskReadRxGain+0x28>)
  18:	681b      	ldr	r3, [r3, #0]
  1a:	7b1b      	ldrb	r3, [r3, #12]
  1c:	ea4f 1353 	mov.w	r3, r3, lsr #5
  20:	b2db      	uxtb	r3, r3
C:\Users\gcristian\Desktop\F429\Drivers\src\radio/sx1276-Fsk.c:274
}
  22:	4618      	mov	r0, r3
  24:	bd80      	pop	{r7, pc}
  26:	bf00      	nop
  28:	00000000 	.word	0x00000000

Disassembly of section .text.SX1276FskReadRssi:

00000000 <SX1276FskReadRssi>:
SX1276FskReadRssi():
C:\Users\gcristian\Desktop\F429\Drivers\src\radio/sx1276-Fsk.c:277

double SX1276FskReadRssi( void )
{
   0:	b5b0      	push	{r4, r5, r7, lr}
   2:	af00      	add	r7, sp, #0
C:\Users\gcristian\Desktop\F429\Drivers\src\radio/sx1276-Fsk.c:278
    SX1276Read( REG_RSSIVALUE, &SX1276->RegRssiValue );                               // Reads the RSSI value
   4:	4b11      	ldr	r3, [pc, #68]	; (4c <SX1276FskReadRssi+0x4c>)
   6:	681b      	ldr	r3, [r3, #0]
   8:	f103 0311 	add.w	r3, r3, #17
   c:	f04f 0011 	mov.w	r0, #17
  10:	4619      	mov	r1, r3
  12:	f7ff fffe 	bl	0 <SX1276Read>
C:\Users\gcristian\Desktop\F429\Drivers\src\radio/sx1276-Fsk.c:280

    return -( double )( ( double )SX1276->RegRssiValue / 2.0 );
  16:	4b0d      	ldr	r3, [pc, #52]	; (4c <SX1276FskReadRssi+0x4c>)
  18:	681b      	ldr	r3, [r3, #0]
  1a:	7c5b      	ldrb	r3, [r3, #17]
  1c:	4618      	mov	r0, r3
  1e:	f7ff fffe 	bl	0 <__aeabi_ui2d>
  22:	4602      	mov	r2, r0
  24:	460b      	mov	r3, r1
  26:	4610      	mov	r0, r2
  28:	4619      	mov	r1, r3
  2a:	f04f 0200 	mov.w	r2, #0
  2e:	f04f 4380 	mov.w	r3, #1073741824	; 0x40000000
  32:	f7ff fffe 	bl	0 <__aeabi_ddiv>
  36:	4602      	mov	r2, r0
  38:	460b      	mov	r3, r1
  3a:	4614      	mov	r4, r2
  3c:	f083 4500 	eor.w	r5, r3, #2147483648	; 0x80000000
  40:	4622      	mov	r2, r4
  42:	462b      	mov	r3, r5
C:\Users\gcristian\Desktop\F429\Drivers\src\radio/sx1276-Fsk.c:281
}
  44:	4610      	mov	r0, r2
  46:	4619      	mov	r1, r3
  48:	bdb0      	pop	{r4, r5, r7, pc}
  4a:	bf00      	nop
  4c:	00000000 	.word	0x00000000

Disassembly of section .text.SX1276FskGetPacketRxGain:

00000000 <SX1276FskGetPacketRxGain>:
SX1276FskGetPacketRxGain():
C:\Users\gcristian\Desktop\F429\Drivers\src\radio/sx1276-Fsk.c:284

uint8_t SX1276FskGetPacketRxGain( void )
{
   0:	af00b480 	.word	0xaf00b480
C:\Users\gcristian\Desktop\F429\Drivers\src\radio/sx1276-Fsk.c:285
    return RxGain;
   4:	4b02      	ldr	r3, [pc, #8]	; (10 <SX1276FskGetPacketRxGain+0x10>)
   6:	781b      	ldrb	r3, [r3, #0]
C:\Users\gcristian\Desktop\F429\Drivers\src\radio/sx1276-Fsk.c:286
}
   8:	4618      	mov	r0, r3
   a:	46bd      	mov	sp, r7
   c:	bc80      	pop	{r7}
   e:	4770      	bx	lr
  10:	0000001d 	.word	0x0000001d

Disassembly of section .text.SX1276FskGetPacketRssi:

00000000 <SX1276FskGetPacketRssi>:
SX1276FskGetPacketRssi():
C:\Users\gcristian\Desktop\F429\Drivers\src\radio/sx1276-Fsk.c:289

double SX1276FskGetPacketRssi( void )
{
   0:	b480      	push	{r7}
   2:	af00      	add	r7, sp, #0
C:\Users\gcristian\Desktop\F429\Drivers\src\radio/sx1276-Fsk.c:290
    return RxPacketRssiValue;
   4:	4b03      	ldr	r3, [pc, #12]	; (14 <SX1276FskGetPacketRssi+0x14>)
   6:	e9d3 2300 	ldrd	r2, r3, [r3]
C:\Users\gcristian\Desktop\F429\Drivers\src\radio/sx1276-Fsk.c:291
}
   a:	4610      	mov	r0, r2
   c:	4619      	mov	r1, r3
   e:	46bd      	mov	sp, r7
  10:	bc80      	pop	{r7}
  12:	4770      	bx	lr
  14:	00000118 	.word	0x00000118

Disassembly of section .text.SX1276FskGetPacketAfc:

00000000 <SX1276FskGetPacketAfc>:
SX1276FskGetPacketAfc():
C:\Users\gcristian\Desktop\F429\Drivers\src\radio/sx1276-Fsk.c:294

uint32_t SX1276FskGetPacketAfc( void )
{
   0:	af00b480 	.word	0xaf00b480
C:\Users\gcristian\Desktop\F429\Drivers\src\radio/sx1276-Fsk.c:295
    return RxPacketAfcValue;
   4:	4b02      	ldr	r3, [pc, #8]	; (10 <SX1276FskGetPacketAfc+0x10>)
   6:	681b      	ldr	r3, [r3, #0]
C:\Users\gcristian\Desktop\F429\Drivers\src\radio/sx1276-Fsk.c:296
}
   8:	4618      	mov	r0, r3
   a:	46bd      	mov	sp, r7
   c:	bc80      	pop	{r7}
   e:	4770      	bx	lr
  10:	00000120 	.word	0x00000120

Disassembly of section .text.SX1276FskStartRx:

00000000 <SX1276FskStartRx>:
SX1276FskStartRx():
C:\Users\gcristian\Desktop\F429\Drivers\src\radio/sx1276-Fsk.c:299

void SX1276FskStartRx( void )
{
   0:	b580      	push	{r7, lr}
   2:	af00      	add	r7, sp, #0
C:\Users\gcristian\Desktop\F429\Drivers\src\radio/sx1276-Fsk.c:300
    SX1276FskSetRFState( RF_STATE_RX_INIT );
   4:	f04f 0001 	mov.w	r0, #1
   8:	f7ff fffe 	bl	0 <SX1276FskStartRx>
C:\Users\gcristian\Desktop\F429\Drivers\src\radio/sx1276-Fsk.c:301
}
   c:	bd80      	pop	{r7, pc}
   e:	bf00      	nop

Disassembly of section .text.SX1276FskGetRxPacket:

00000000 <SX1276FskGetRxPacket>:
SX1276FskGetRxPacket():
C:\Users\gcristian\Desktop\F429\Drivers\src\radio/sx1276-Fsk.c:304

void SX1276FskGetRxPacket( void *buffer, uint16_t *size )
{
   0:	b580      	push	{r7, lr}
   2:	b082      	sub	sp, #8
   4:	af00      	add	r7, sp, #0
   6:	6078      	str	r0, [r7, #4]
   8:	6039      	str	r1, [r7, #0]
C:\Users\gcristian\Desktop\F429\Drivers\src\radio/sx1276-Fsk.c:305
    *size = RxPacketSize;
   a:	4b09      	ldr	r3, [pc, #36]	; (30 <SX1276FskGetRxPacket+0x30>)
   c:	881a      	ldrh	r2, [r3, #0]
   e:	683b      	ldr	r3, [r7, #0]
  10:	801a      	strh	r2, [r3, #0]
C:\Users\gcristian\Desktop\F429\Drivers\src\radio/sx1276-Fsk.c:306
    RxPacketSize = 0;
  12:	4b07      	ldr	r3, [pc, #28]	; (30 <SX1276FskGetRxPacket+0x30>)
  14:	f04f 0200 	mov.w	r2, #0
  18:	801a      	strh	r2, [r3, #0]
C:\Users\gcristian\Desktop\F429\Drivers\src\radio/sx1276-Fsk.c:307
    memcpy( ( void * )buffer, ( void * )RFBuffer, ( size_t )*size );
  1a:	683b      	ldr	r3, [r7, #0]
  1c:	881b      	ldrh	r3, [r3, #0]
  1e:	6878      	ldr	r0, [r7, #4]
  20:	4904      	ldr	r1, [pc, #16]	; (34 <SX1276FskGetRxPacket+0x34>)
  22:	461a      	mov	r2, r3
  24:	f7ff fffe 	bl	0 <memcpy>
C:\Users\gcristian\Desktop\F429\Drivers\src\radio/sx1276-Fsk.c:308
}
  28:	f107 0708 	add.w	r7, r7, #8
  2c:	46bd      	mov	sp, r7
  2e:	bd80      	pop	{r7, pc}
  30:	00000110 	.word	0x00000110
  34:	00000000 	.word	0x00000000

Disassembly of section .text.SX1276FskSetTxPacket:

00000000 <SX1276FskSetTxPacket>:
SX1276FskSetTxPacket():
C:\Users\gcristian\Desktop\F429\Drivers\src\radio/sx1276-Fsk.c:311

void SX1276FskSetTxPacket( const void *buffer, uint16_t size )
{
   0:	b580      	push	{r7, lr}
   2:	b082      	sub	sp, #8
   4:	af00      	add	r7, sp, #0
   6:	6078      	str	r0, [r7, #4]
   8:	460b      	mov	r3, r1
   a:	807b      	strh	r3, [r7, #2]
C:\Users\gcristian\Desktop\F429\Drivers\src\radio/sx1276-Fsk.c:312
    TxPacketSize = size;
   c:	4b08      	ldr	r3, [pc, #32]	; (30 <SX1276FskSetTxPacket+0x30>)
   e:	887a      	ldrh	r2, [r7, #2]
  10:	801a      	strh	r2, [r3, #0]
C:\Users\gcristian\Desktop\F429\Drivers\src\radio/sx1276-Fsk.c:313
    memcpy( ( void * )RFBuffer, buffer, ( size_t )TxPacketSize ); 
  12:	4b07      	ldr	r3, [pc, #28]	; (30 <SX1276FskSetTxPacket+0x30>)
  14:	881b      	ldrh	r3, [r3, #0]
  16:	4807      	ldr	r0, [pc, #28]	; (34 <SX1276FskSetTxPacket+0x34>)
  18:	6879      	ldr	r1, [r7, #4]
  1a:	461a      	mov	r2, r3
  1c:	f7ff fffe 	bl	0 <memcpy>
C:\Users\gcristian\Desktop\F429\Drivers\src\radio/sx1276-Fsk.c:315

    RFState = RF_STATE_TX_INIT;
  20:	4b05      	ldr	r3, [pc, #20]	; (38 <SX1276FskSetTxPacket+0x38>)
  22:	f04f 0207 	mov.w	r2, #7
  26:	701a      	strb	r2, [r3, #0]
C:\Users\gcristian\Desktop\F429\Drivers\src\radio/sx1276-Fsk.c:316
}
  28:	f107 0708 	add.w	r7, r7, #8
  2c:	46bd      	mov	sp, r7
  2e:	bd80      	pop	{r7, pc}
  30:	0000012c 	.word	0x0000012c
  34:	00000000 	.word	0x00000000
  38:	00000100 	.word	0x00000100

Disassembly of section .text.SX1276FskGetPacketPayloadSize:

00000000 <SX1276FskGetPacketPayloadSize>:
SX1276FskGetPacketPayloadSize():
C:\Users\gcristian\Desktop\F429\Drivers\src\radio/sx1276-Fsk.c:320

// Remark: SX1276 must be fully initialized before calling this function
uint16_t SX1276FskGetPacketPayloadSize( void )
{
   0:	b480      	push	{r7}
   2:	b085      	sub	sp, #20
   4:	af00      	add	r7, sp, #0
C:\Users\gcristian\Desktop\F429\Drivers\src\radio/sx1276-Fsk.c:327
    uint16_t variableSize;
    uint16_t addressSize;
    uint16_t payloadSize;
    uint16_t crcSize;

    syncSize = ( SX1276->RegSyncConfig & 0x07 ) + 1;
   6:	4b22      	ldr	r3, [pc, #136]	; (90 <SX1276FskGetPacketPayloadSize+0x90>)
   8:	681b      	ldr	r3, [r3, #0]
   a:	f893 3027 	ldrb.w	r3, [r3, #39]	; 0x27
   e:	f003 0307 	and.w	r3, r3, #7
  12:	b29b      	uxth	r3, r3
  14:	f103 0301 	add.w	r3, r3, #1
  18:	81fb      	strh	r3, [r7, #14]
C:\Users\gcristian\Desktop\F429\Drivers\src\radio/sx1276-Fsk.c:328
    variableSize = ( ( SX1276->RegPacketConfig1 & 0x80 ) == 0x80 ) ? 1 : 0;
  1a:	4b1d      	ldr	r3, [pc, #116]	; (90 <SX1276FskGetPacketPayloadSize+0x90>)
  1c:	681b      	ldr	r3, [r3, #0]
  1e:	f893 3030 	ldrb.w	r3, [r3, #48]	; 0x30
  22:	b2db      	uxtb	r3, r3
  24:	b25b      	sxtb	r3, r3
  26:	b29b      	uxth	r3, r3
  28:	ea4f 33d3 	mov.w	r3, r3, lsr #15
  2c:	81bb      	strh	r3, [r7, #12]
C:\Users\gcristian\Desktop\F429\Drivers\src\radio/sx1276-Fsk.c:329
    addressSize = ( ( SX1276->RegPacketConfig1 & 0x06 ) != 0x00 ) ? 1 : 0;
  2e:	4b18      	ldr	r3, [pc, #96]	; (90 <SX1276FskGetPacketPayloadSize+0x90>)
  30:	681b      	ldr	r3, [r3, #0]
  32:	f893 3030 	ldrb.w	r3, [r3, #48]	; 0x30
  36:	f003 0306 	and.w	r3, r3, #6
  3a:	2b00      	cmp	r3, #0
  3c:	bf0c      	ite	eq
  3e:	2300      	moveq	r3, #0
  40:	2301      	movne	r3, #1
  42:	817b      	strh	r3, [r7, #10]
C:\Users\gcristian\Desktop\F429\Drivers\src\radio/sx1276-Fsk.c:330
    payloadSize = SX1276->RegPayloadLength;
  44:	4b12      	ldr	r3, [pc, #72]	; (90 <SX1276FskGetPacketPayloadSize+0x90>)
  46:	681b      	ldr	r3, [r3, #0]
  48:	f893 3032 	ldrb.w	r3, [r3, #50]	; 0x32
  4c:	813b      	strh	r3, [r7, #8]
C:\Users\gcristian\Desktop\F429\Drivers\src\radio/sx1276-Fsk.c:331
    crcSize = ( ( SX1276->RegPacketConfig1 & 0x10 ) == 0x10 ) ? 2 : 0;
  4e:	4b10      	ldr	r3, [pc, #64]	; (90 <SX1276FskGetPacketPayloadSize+0x90>)
  50:	681b      	ldr	r3, [r3, #0]
  52:	f893 3030 	ldrb.w	r3, [r3, #48]	; 0x30
  56:	f003 0310 	and.w	r3, r3, #16
  5a:	2b00      	cmp	r3, #0
  5c:	d002      	beq.n	64 <SX1276FskGetPacketPayloadSize+0x64>
  5e:	f04f 0302 	mov.w	r3, #2
  62:	e001      	b.n	68 <SX1276FskGetPacketPayloadSize+0x68>
  64:	f04f 0300 	mov.w	r3, #0
  68:	80fb      	strh	r3, [r7, #6]
C:\Users\gcristian\Desktop\F429\Drivers\src\radio/sx1276-Fsk.c:333
    
    return syncSize + variableSize + addressSize + payloadSize + crcSize;
  6a:	89fa      	ldrh	r2, [r7, #14]
  6c:	89bb      	ldrh	r3, [r7, #12]
  6e:	18d3      	adds	r3, r2, r3
  70:	b29a      	uxth	r2, r3
  72:	897b      	ldrh	r3, [r7, #10]
  74:	18d3      	adds	r3, r2, r3
  76:	b29a      	uxth	r2, r3
  78:	893b      	ldrh	r3, [r7, #8]
  7a:	18d3      	adds	r3, r2, r3
  7c:	b29a      	uxth	r2, r3
  7e:	88fb      	ldrh	r3, [r7, #6]
  80:	18d3      	adds	r3, r2, r3
  82:	b29b      	uxth	r3, r3
C:\Users\gcristian\Desktop\F429\Drivers\src\radio/sx1276-Fsk.c:334
}
  84:	4618      	mov	r0, r3
  86:	f107 0714 	add.w	r7, r7, #20
  8a:	46bd      	mov	sp, r7
  8c:	bc80      	pop	{r7}
  8e:	4770      	bx	lr
  90:	00000000 	.word	0x00000000

Disassembly of section .text.SX1276FskGetPacketHeaderSize:

00000000 <SX1276FskGetPacketHeaderSize>:
SX1276FskGetPacketHeaderSize():
C:\Users\gcristian\Desktop\F429\Drivers\src\radio/sx1276-Fsk.c:338

// Remark: SX1276 must be fully initialized before calling this function
uint16_t SX1276FskGetPacketHeaderSize( void )
{
   0:	b083b480 	.word	0xb083b480
   4:	af00      	add	r7, sp, #0
C:\Users\gcristian\Desktop\F429\Drivers\src\radio/sx1276-Fsk.c:342
    uint16_t preambleSize;
    uint16_t syncSize;

    preambleSize = ( ( uint16_t )SX1276->RegPreambleMsb << 8 ) | ( uint16_t )SX1276->RegPreambleLsb;
   6:	4b11      	ldr	r3, [pc, #68]	; (4c <SX1276FskGetPacketHeaderSize+0x4c>)
   8:	681b      	ldr	r3, [r3, #0]
   a:	f893 3025 	ldrb.w	r3, [r3, #37]	; 0x25
   e:	ea4f 2303 	mov.w	r3, r3, lsl #8
  12:	b29a      	uxth	r2, r3
  14:	4b0d      	ldr	r3, [pc, #52]	; (4c <SX1276FskGetPacketHeaderSize+0x4c>)
  16:	681b      	ldr	r3, [r3, #0]
  18:	f893 3026 	ldrb.w	r3, [r3, #38]	; 0x26
  1c:	ea42 0303 	orr.w	r3, r2, r3
  20:	b29b      	uxth	r3, r3
  22:	80fb      	strh	r3, [r7, #6]
C:\Users\gcristian\Desktop\F429\Drivers\src\radio/sx1276-Fsk.c:343
    syncSize = ( SX1276->RegSyncConfig & 0x07 ) + 1;
  24:	4b09      	ldr	r3, [pc, #36]	; (4c <SX1276FskGetPacketHeaderSize+0x4c>)
  26:	681b      	ldr	r3, [r3, #0]
  28:	f893 3027 	ldrb.w	r3, [r3, #39]	; 0x27
  2c:	f003 0307 	and.w	r3, r3, #7
  30:	b29b      	uxth	r3, r3
  32:	f103 0301 	add.w	r3, r3, #1
  36:	80bb      	strh	r3, [r7, #4]
C:\Users\gcristian\Desktop\F429\Drivers\src\radio/sx1276-Fsk.c:345
    
    return preambleSize + syncSize;
  38:	88fa      	ldrh	r2, [r7, #6]
  3a:	88bb      	ldrh	r3, [r7, #4]
  3c:	18d3      	adds	r3, r2, r3
  3e:	b29b      	uxth	r3, r3
C:\Users\gcristian\Desktop\F429\Drivers\src\radio/sx1276-Fsk.c:346
}
  40:	4618      	mov	r0, r3
  42:	f107 070c 	add.w	r7, r7, #12
  46:	46bd      	mov	sp, r7
  48:	bc80      	pop	{r7}
  4a:	4770      	bx	lr
  4c:	00000000 	.word	0x00000000

Disassembly of section .text.SX1276FskGetRFState:

00000000 <SX1276FskGetRFState>:
SX1276FskGetRFState():
C:\Users\gcristian\Desktop\F429\Drivers\src\radio/sx1276-Fsk.c:349

uint8_t SX1276FskGetRFState( void )
{
   0:	af00b480 	.word	0xaf00b480
C:\Users\gcristian\Desktop\F429\Drivers\src\radio/sx1276-Fsk.c:350
    return RFState;
   4:	4b02      	ldr	r3, [pc, #8]	; (10 <SX1276FskGetRFState+0x10>)
   6:	781b      	ldrb	r3, [r3, #0]
C:\Users\gcristian\Desktop\F429\Drivers\src\radio/sx1276-Fsk.c:351
}
   8:	4618      	mov	r0, r3
   a:	46bd      	mov	sp, r7
   c:	bc80      	pop	{r7}
   e:	4770      	bx	lr
  10:	00000100 	.word	0x00000100

Disassembly of section .text.SX1276FskSetRFState:

00000000 <SX1276FskSetRFState>:
SX1276FskSetRFState():
C:\Users\gcristian\Desktop\F429\Drivers\src\radio/sx1276-Fsk.c:354

void SX1276FskSetRFState( uint8_t state )
{
   0:	b480      	push	{r7}
   2:	b083      	sub	sp, #12
   4:	af00      	add	r7, sp, #0
   6:	4603      	mov	r3, r0
   8:	71fb      	strb	r3, [r7, #7]
C:\Users\gcristian\Desktop\F429\Drivers\src\radio/sx1276-Fsk.c:355
    RFState = state;
   a:	4b04      	ldr	r3, [pc, #16]	; (1c <SX1276FskSetRFState+0x1c>)
   c:	79fa      	ldrb	r2, [r7, #7]
   e:	701a      	strb	r2, [r3, #0]
C:\Users\gcristian\Desktop\F429\Drivers\src\radio/sx1276-Fsk.c:356
}
  10:	f107 070c 	add.w	r7, r7, #12
  14:	46bd      	mov	sp, r7
  16:	bc80      	pop	{r7}
  18:	4770      	bx	lr
  1a:	bf00      	nop
  1c:	00000100 	.word	0x00000100

Disassembly of section .text.SX1276FskProcess:

00000000 <SX1276FskProcess>:
SX1276FskProcess():
C:\Users\gcristian\Desktop\F429\Drivers\src\radio/sx1276-Fsk.c:359

uint32_t SX1276FskProcess( void )
{
   0:	b5b0      	push	{r4, r5, r7, lr}
   2:	b082      	sub	sp, #8
   4:	af00      	add	r7, sp, #0
C:\Users\gcristian\Desktop\F429\Drivers\src\radio/sx1276-Fsk.c:360
    uint32_t result = RF_BUSY;
   6:	f04f 0301 	mov.w	r3, #1
   a:	607b      	str	r3, [r7, #4]
C:\Users\gcristian\Desktop\F429\Drivers\src\radio/sx1276-Fsk.c:362

    switch( RFState )
   c:	4b6c      	ldr	r3, [pc, #432]	; (1c0 <SX1276FskProcess+0x1c0>)
   e:	781b      	ldrb	r3, [r3, #0]
  10:	2b0b      	cmp	r3, #11
  12:	f200 83d8 	bhi.w	7c6 <SX1276FskProcess+0x7c6>
  16:	a201      	add	r2, pc, #4	; (adr r2, 1c <SX1276FskProcess+0x1c>)
  18:	f852 f023 	ldr.w	pc, [r2, r3, lsl #2]
  1c:	000007c7 	.word	0x000007c7
  20:	0000004d 	.word	0x0000004d
  24:	000001f9 	.word	0x000001f9
  28:	0000031b 	.word	0x0000031b
  2c:	0000055d 	.word	0x0000055d
  30:	00000575 	.word	0x00000575
  34:	000005ab 	.word	0x000005ab
  38:	000005e1 	.word	0x000005e1
  3c:	00000671 	.word	0x00000671
  40:	000006eb 	.word	0x000006eb
  44:	000007a7 	.word	0x000007a7
  48:	000007b7 	.word	0x000007b7
C:\Users\gcristian\Desktop\F429\Drivers\src\radio/sx1276-Fsk.c:369
    case RF_STATE_IDLE:
        break;
    // Rx management
    case RF_STATE_RX_INIT:
        // DIO mapping setup
        if( ( SX1276->RegPacketConfig1 & RF_PACKETCONFIG1_CRC_ON ) == RF_PACKETCONFIG1_CRC_ON )
  4c:	4b5d      	ldr	r3, [pc, #372]	; (1c4 <SX1276FskProcess+0x1c4>)
  4e:	681b      	ldr	r3, [r3, #0]
  50:	f893 3030 	ldrb.w	r3, [r3, #48]	; 0x30
  54:	f003 0310 	and.w	r3, r3, #16
  58:	2b00      	cmp	r3, #0
  5a:	d006      	beq.n	6a <SX1276FskProcess+0x6a>
C:\Users\gcristian\Desktop\F429\Drivers\src\radio/sx1276-Fsk.c:372
        {
            //                           CrcOk,                   FifoLevel,               SyncAddr,               FifoEmpty
            SX1276->RegDioMapping1 = RF_DIOMAPPING1_DIO0_01 | RF_DIOMAPPING1_DIO1_00 | RF_DIOMAPPING1_DIO2_11 | RF_DIOMAPPING1_DIO3_00;
  5c:	4b59      	ldr	r3, [pc, #356]	; (1c4 <SX1276FskProcess+0x1c4>)
  5e:	681b      	ldr	r3, [r3, #0]
  60:	f04f 024c 	mov.w	r2, #76	; 0x4c
  64:	f883 2040 	strb.w	r2, [r3, #64]	; 0x40
  68:	e005      	b.n	76 <SX1276FskProcess+0x76>
C:\Users\gcristian\Desktop\F429\Drivers\src\radio/sx1276-Fsk.c:377
        }
        else
        {
            //                           PayloadReady,            FifoLevel,               SyncAddr,               FifoEmpty
            SX1276->RegDioMapping1 = RF_DIOMAPPING1_DIO0_00 | RF_DIOMAPPING1_DIO1_00 | RF_DIOMAPPING1_DIO2_11 | RF_DIOMAPPING1_DIO3_00;
  6a:	4b56      	ldr	r3, [pc, #344]	; (1c4 <SX1276FskProcess+0x1c4>)
  6c:	681b      	ldr	r3, [r3, #0]
  6e:	f04f 020c 	mov.w	r2, #12
  72:	f883 2040 	strb.w	r2, [r3, #64]	; 0x40
C:\Users\gcristian\Desktop\F429\Drivers\src\radio/sx1276-Fsk.c:380
        }
        //                          Preamble,                   Data
        SX1276->RegDioMapping2 = RF_DIOMAPPING2_DIO4_11 | RF_DIOMAPPING2_DIO5_10 | RF_DIOMAPPING2_MAP_PREAMBLEDETECT;
  76:	4b53      	ldr	r3, [pc, #332]	; (1c4 <SX1276FskProcess+0x1c4>)
  78:	681b      	ldr	r3, [r3, #0]
  7a:	f04f 02e1 	mov.w	r2, #225	; 0xe1
  7e:	f883 2041 	strb.w	r2, [r3, #65]	; 0x41
C:\Users\gcristian\Desktop\F429\Drivers\src\radio/sx1276-Fsk.c:381
        SX1276WriteBuffer( REG_DIOMAPPING1, &SX1276->RegDioMapping1, 2 );
  82:	4b50      	ldr	r3, [pc, #320]	; (1c4 <SX1276FskProcess+0x1c4>)
  84:	681b      	ldr	r3, [r3, #0]
  86:	f103 0340 	add.w	r3, r3, #64	; 0x40
  8a:	f04f 0040 	mov.w	r0, #64	; 0x40
  8e:	4619      	mov	r1, r3
  90:	f04f 0202 	mov.w	r2, #2
  94:	f7ff fffe 	bl	0 <SX1276WriteBuffer>
C:\Users\gcristian\Desktop\F429\Drivers\src\radio/sx1276-Fsk.c:383

        SX1276FskSetOpMode( RF_OPMODE_RECEIVER );
  98:	f04f 0005 	mov.w	r0, #5
  9c:	f7ff fffe 	bl	0 <SX1276FskProcess>
C:\Users\gcristian\Desktop\F429\Drivers\src\radio/sx1276-Fsk.c:385
    
        memset( RFBuffer, 0, ( size_t )RF_BUFFER_SIZE );
  a0:	4849      	ldr	r0, [pc, #292]	; (1c8 <SX1276FskProcess+0x1c8>)
  a2:	f04f 0100 	mov.w	r1, #0
  a6:	f44f 7280 	mov.w	r2, #256	; 0x100
  aa:	f7ff fffe 	bl	0 <memset>
C:\Users\gcristian\Desktop\F429\Drivers\src\radio/sx1276-Fsk.c:387

        PacketTimeout = ( uint16_t )( round( ( 8.0 * ( ( double )SX1276FskGetPacketPayloadSize( ) ) / ( double )FskSettings.Bitrate ) * 1000.0 ) + 1.0 );
  ae:	f7ff fffe 	bl	0 <SX1276FskProcess>
  b2:	4603      	mov	r3, r0
  b4:	4618      	mov	r0, r3
  b6:	f7ff fffe 	bl	0 <__aeabi_ui2d>
  ba:	4602      	mov	r2, r0
  bc:	460b      	mov	r3, r1
  be:	4610      	mov	r0, r2
  c0:	4619      	mov	r1, r3
  c2:	f04f 0200 	mov.w	r2, #0
  c6:	f04f 4380 	mov.w	r3, #1073741824	; 0x40000000
  ca:	f503 1300 	add.w	r3, r3, #2097152	; 0x200000
  ce:	f7ff fffe 	bl	0 <__aeabi_dmul>
  d2:	4602      	mov	r2, r0
  d4:	460b      	mov	r3, r1
  d6:	4614      	mov	r4, r2
  d8:	461d      	mov	r5, r3
  da:	4b3c      	ldr	r3, [pc, #240]	; (1cc <SX1276FskProcess+0x1cc>)
  dc:	685b      	ldr	r3, [r3, #4]
  de:	4618      	mov	r0, r3
  e0:	f7ff fffe 	bl	0 <__aeabi_ui2d>
  e4:	4602      	mov	r2, r0
  e6:	460b      	mov	r3, r1
  e8:	4620      	mov	r0, r4
  ea:	4629      	mov	r1, r5
  ec:	f7ff fffe 	bl	0 <__aeabi_ddiv>
  f0:	4602      	mov	r2, r0
  f2:	460b      	mov	r3, r1
  f4:	4610      	mov	r0, r2
  f6:	4619      	mov	r1, r3
  f8:	a32f      	add	r3, pc, #188	; (adr r3, 1b8 <SX1276FskProcess+0x1b8>)
  fa:	e9d3 2300 	ldrd	r2, r3, [r3]
  fe:	f7ff fffe 	bl	0 <__aeabi_dmul>
 102:	4602      	mov	r2, r0
 104:	460b      	mov	r3, r1
 106:	4610      	mov	r0, r2
 108:	4619      	mov	r1, r3
 10a:	f7ff fffe 	bl	0 <round>
 10e:	4602      	mov	r2, r0
 110:	460b      	mov	r3, r1
 112:	4610      	mov	r0, r2
 114:	4619      	mov	r1, r3
 116:	f04f 0200 	mov.w	r2, #0
 11a:	f04f 537e 	mov.w	r3, #1065353216	; 0x3f800000
 11e:	f503 03e0 	add.w	r3, r3, #7340032	; 0x700000
 122:	f7ff fffe 	bl	0 <__aeabi_dadd>
 126:	4602      	mov	r2, r0
 128:	460b      	mov	r3, r1
 12a:	4610      	mov	r0, r2
 12c:	4619      	mov	r1, r3
 12e:	f7ff fffe 	bl	0 <__aeabi_d2uiz>
 132:	4603      	mov	r3, r0
 134:	b29b      	uxth	r3, r3
 136:	461a      	mov	r2, r3
 138:	4b25      	ldr	r3, [pc, #148]	; (1d0 <SX1276FskProcess+0x1d0>)
 13a:	601a      	str	r2, [r3, #0]
C:\Users\gcristian\Desktop\F429\Drivers\src\radio/sx1276-Fsk.c:388
        PacketTimeout = PacketTimeout + ( PacketTimeout >> 1 ); // Set the Packet timeout as 1.5 times the full payload transmission time
 13c:	4b24      	ldr	r3, [pc, #144]	; (1d0 <SX1276FskProcess+0x1d0>)
 13e:	681b      	ldr	r3, [r3, #0]
 140:	ea4f 0253 	mov.w	r2, r3, lsr #1
 144:	4b22      	ldr	r3, [pc, #136]	; (1d0 <SX1276FskProcess+0x1d0>)
 146:	681b      	ldr	r3, [r3, #0]
 148:	18d2      	adds	r2, r2, r3
 14a:	4b21      	ldr	r3, [pc, #132]	; (1d0 <SX1276FskProcess+0x1d0>)
 14c:	601a      	str	r2, [r3, #0]
C:\Users\gcristian\Desktop\F429\Drivers\src\radio/sx1276-Fsk.c:390

        Preamble2SyncTimeout = PacketTimeout;
 14e:	4b20      	ldr	r3, [pc, #128]	; (1d0 <SX1276FskProcess+0x1d0>)
 150:	681a      	ldr	r2, [r3, #0]
 152:	4b20      	ldr	r3, [pc, #128]	; (1d4 <SX1276FskProcess+0x1d4>)
 154:	601a      	str	r2, [r3, #0]
C:\Users\gcristian\Desktop\F429\Drivers\src\radio/sx1276-Fsk.c:392

        Preamble2SyncTimer = RxTimeoutTimer = GET_TICK_COUNT( );
 156:	4b20      	ldr	r3, [pc, #128]	; (1d8 <SX1276FskProcess+0x1d8>)
 158:	681a      	ldr	r2, [r3, #0]
 15a:	4b20      	ldr	r3, [pc, #128]	; (1dc <SX1276FskProcess+0x1dc>)
 15c:	601a      	str	r2, [r3, #0]
 15e:	4b1f      	ldr	r3, [pc, #124]	; (1dc <SX1276FskProcess+0x1dc>)
 160:	681a      	ldr	r2, [r3, #0]
 162:	4b1f      	ldr	r3, [pc, #124]	; (1e0 <SX1276FskProcess+0x1e0>)
 164:	601a      	str	r2, [r3, #0]
C:\Users\gcristian\Desktop\F429\Drivers\src\radio/sx1276-Fsk.c:394

        SX1276->RegFifoThresh = RF_FIFOTHRESH_TXSTARTCONDITION_FIFONOTEMPTY | 0x20; // 32 bytes of data
 166:	4b17      	ldr	r3, [pc, #92]	; (1c4 <SX1276FskProcess+0x1c4>)
 168:	681b      	ldr	r3, [r3, #0]
 16a:	f04f 02a0 	mov.w	r2, #160	; 0xa0
 16e:	f883 2035 	strb.w	r2, [r3, #53]	; 0x35
C:\Users\gcristian\Desktop\F429\Drivers\src\radio/sx1276-Fsk.c:395
        SX1276Write( REG_FIFOTHRESH, SX1276->RegFifoThresh );
 172:	4b14      	ldr	r3, [pc, #80]	; (1c4 <SX1276FskProcess+0x1c4>)
 174:	681b      	ldr	r3, [r3, #0]
 176:	f893 3035 	ldrb.w	r3, [r3, #53]	; 0x35
 17a:	f04f 0035 	mov.w	r0, #53	; 0x35
 17e:	4619      	mov	r1, r3
 180:	f7ff fffe 	bl	0 <SX1276Write>
C:\Users\gcristian\Desktop\F429\Drivers\src\radio/sx1276-Fsk.c:397

        PreambleDetected = false;
 184:	4b17      	ldr	r3, [pc, #92]	; (1e4 <SX1276FskProcess+0x1e4>)
 186:	f04f 0200 	mov.w	r2, #0
 18a:	701a      	strb	r2, [r3, #0]
C:\Users\gcristian\Desktop\F429\Drivers\src\radio/sx1276-Fsk.c:398
        SyncWordDetected = false;
 18c:	4b16      	ldr	r3, [pc, #88]	; (1e8 <SX1276FskProcess+0x1e8>)
 18e:	f04f 0200 	mov.w	r2, #0
 192:	701a      	strb	r2, [r3, #0]
C:\Users\gcristian\Desktop\F429\Drivers\src\radio/sx1276-Fsk.c:399
        PacketDetected = false;
 194:	4b15      	ldr	r3, [pc, #84]	; (1ec <SX1276FskProcess+0x1ec>)
 196:	f04f 0200 	mov.w	r2, #0
 19a:	701a      	strb	r2, [r3, #0]
C:\Users\gcristian\Desktop\F429\Drivers\src\radio/sx1276-Fsk.c:400
        RxBytesRead = 0;
 19c:	4b14      	ldr	r3, [pc, #80]	; (1f0 <SX1276FskProcess+0x1f0>)
 19e:	f04f 0200 	mov.w	r2, #0
 1a2:	701a      	strb	r2, [r3, #0]
C:\Users\gcristian\Desktop\F429\Drivers\src\radio/sx1276-Fsk.c:401
        RxPacketSize = 0;
 1a4:	4b13      	ldr	r3, [pc, #76]	; (1f4 <SX1276FskProcess+0x1f4>)
 1a6:	f04f 0200 	mov.w	r2, #0
 1aa:	801a      	strh	r2, [r3, #0]
C:\Users\gcristian\Desktop\F429\Drivers\src\radio/sx1276-Fsk.c:402
        RFState = RF_STATE_RX_SYNC;
 1ac:	4b04      	ldr	r3, [pc, #16]	; (1c0 <SX1276FskProcess+0x1c0>)
 1ae:	f04f 0202 	mov.w	r2, #2
 1b2:	701a      	strb	r2, [r3, #0]
C:\Users\gcristian\Desktop\F429\Drivers\src\radio/sx1276-Fsk.c:403
        break;
 1b4:	e318      	b.n	7e8 <SX1276FskProcess+0x7e8>
 1b6:	bf00      	nop
 1b8:	00000000 	.word	0x00000000
 1bc:	408f4000 	.word	0x408f4000
 1c0:	00000100 	.word	0x00000100
	...
 1d0:	00000104 	.word	0x00000104
 1d4:	00000108 	.word	0x00000108
 1d8:	00000000 	.word	0x00000000
 1dc:	00000124 	.word	0x00000124
 1e0:	00000128 	.word	0x00000128
 1e4:	0000010c 	.word	0x0000010c
 1e8:	0000010d 	.word	0x0000010d
 1ec:	0000010e 	.word	0x0000010e
 1f0:	00000112 	.word	0x00000112
 1f4:	00000110 	.word	0x00000110
C:\Users\gcristian\Desktop\F429\Drivers\src\radio/sx1276-Fsk.c:405
    case RF_STATE_RX_SYNC:
        if( ( DIO4 == 1 ) && ( PreambleDetected == false ) )// Preamble
 1f8:	f7ff fffe 	bl	0 <SX1276ReadDio4>
 1fc:	4603      	mov	r3, r0
 1fe:	2b01      	cmp	r3, #1
 200:	d10e      	bne.n	220 <SX1276FskProcess+0x220>
 202:	4b73      	ldr	r3, [pc, #460]	; (3d0 <SX1276FskProcess+0x3d0>)
 204:	781b      	ldrb	r3, [r3, #0]
 206:	f083 0301 	eor.w	r3, r3, #1
 20a:	b2db      	uxtb	r3, r3
 20c:	2b00      	cmp	r3, #0
 20e:	d007      	beq.n	220 <SX1276FskProcess+0x220>
C:\Users\gcristian\Desktop\F429\Drivers\src\radio/sx1276-Fsk.c:407
        {
            PreambleDetected = true;
 210:	4b6f      	ldr	r3, [pc, #444]	; (3d0 <SX1276FskProcess+0x3d0>)
 212:	f04f 0201 	mov.w	r2, #1
 216:	701a      	strb	r2, [r3, #0]
C:\Users\gcristian\Desktop\F429\Drivers\src\radio/sx1276-Fsk.c:408
            Preamble2SyncTimer = GET_TICK_COUNT( );
 218:	4b6e      	ldr	r3, [pc, #440]	; (3d4 <SX1276FskProcess+0x3d4>)
 21a:	681a      	ldr	r2, [r3, #0]
 21c:	4b6e      	ldr	r3, [pc, #440]	; (3d8 <SX1276FskProcess+0x3d8>)
 21e:	601a      	str	r2, [r3, #0]
C:\Users\gcristian\Desktop\F429\Drivers\src\radio/sx1276-Fsk.c:410
        }
        if( ( DIO2 == 1 ) && ( PreambleDetected == true ) && ( SyncWordDetected == false ) ) // SyncAddr
 220:	f7ff fffe 	bl	0 <SX1276ReadDio2>
 224:	4603      	mov	r3, r0
 226:	2b01      	cmp	r3, #1
 228:	d12d      	bne.n	286 <SX1276FskProcess+0x286>
 22a:	4b69      	ldr	r3, [pc, #420]	; (3d0 <SX1276FskProcess+0x3d0>)
 22c:	781b      	ldrb	r3, [r3, #0]
 22e:	2b00      	cmp	r3, #0
 230:	d029      	beq.n	286 <SX1276FskProcess+0x286>
 232:	4b6a      	ldr	r3, [pc, #424]	; (3dc <SX1276FskProcess+0x3dc>)
 234:	781b      	ldrb	r3, [r3, #0]
 236:	f083 0301 	eor.w	r3, r3, #1
 23a:	b2db      	uxtb	r3, r3
 23c:	2b00      	cmp	r3, #0
 23e:	d022      	beq.n	286 <SX1276FskProcess+0x286>
C:\Users\gcristian\Desktop\F429\Drivers\src\radio/sx1276-Fsk.c:412
        {
            SyncWordDetected = true;
 240:	4b66      	ldr	r3, [pc, #408]	; (3dc <SX1276FskProcess+0x3dc>)
 242:	f04f 0201 	mov.w	r2, #1
 246:	701a      	strb	r2, [r3, #0]
C:\Users\gcristian\Desktop\F429\Drivers\src\radio/sx1276-Fsk.c:414
        
            RxPacketRssiValue = SX1276FskReadRssi( );
 248:	f7ff fffe 	bl	0 <SX1276FskProcess>
 24c:	4602      	mov	r2, r0
 24e:	460b      	mov	r3, r1
 250:	4963      	ldr	r1, [pc, #396]	; (3e0 <SX1276FskProcess+0x3e0>)
 252:	e9c1 2300 	strd	r2, r3, [r1]
C:\Users\gcristian\Desktop\F429\Drivers\src\radio/sx1276-Fsk.c:416

            RxPacketAfcValue = SX1276FskReadAfc( );
 256:	f7ff fffe 	bl	0 <SX1276FskProcess>
 25a:	4603      	mov	r3, r0
 25c:	461a      	mov	r2, r3
 25e:	4b61      	ldr	r3, [pc, #388]	; (3e4 <SX1276FskProcess+0x3e4>)
 260:	601a      	str	r2, [r3, #0]
C:\Users\gcristian\Desktop\F429\Drivers\src\radio/sx1276-Fsk.c:417
            RxGain = SX1276FskReadRxGain( );
 262:	f7ff fffe 	bl	0 <SX1276FskProcess>
 266:	4603      	mov	r3, r0
 268:	461a      	mov	r2, r3
 26a:	4b5f      	ldr	r3, [pc, #380]	; (3e8 <SX1276FskProcess+0x3e8>)
 26c:	701a      	strb	r2, [r3, #0]
C:\Users\gcristian\Desktop\F429\Drivers\src\radio/sx1276-Fsk.c:419
        
            Preamble2SyncTimer = RxTimeoutTimer = GET_TICK_COUNT( );
 26e:	4b59      	ldr	r3, [pc, #356]	; (3d4 <SX1276FskProcess+0x3d4>)
 270:	681a      	ldr	r2, [r3, #0]
 272:	4b5e      	ldr	r3, [pc, #376]	; (3ec <SX1276FskProcess+0x3ec>)
 274:	601a      	str	r2, [r3, #0]
 276:	4b5d      	ldr	r3, [pc, #372]	; (3ec <SX1276FskProcess+0x3ec>)
 278:	681a      	ldr	r2, [r3, #0]
 27a:	4b57      	ldr	r3, [pc, #348]	; (3d8 <SX1276FskProcess+0x3d8>)
 27c:	601a      	str	r2, [r3, #0]
C:\Users\gcristian\Desktop\F429\Drivers\src\radio/sx1276-Fsk.c:421

            RFState = RF_STATE_RX_RUNNING;
 27e:	4b5c      	ldr	r3, [pc, #368]	; (3f0 <SX1276FskProcess+0x3f0>)
 280:	f04f 0203 	mov.w	r2, #3
 284:	701a      	strb	r2, [r3, #0]
C:\Users\gcristian\Desktop\F429\Drivers\src\radio/sx1276-Fsk.c:425
        }

        // Preamble 2 SyncAddr timeout
        if( ( SyncWordDetected == false ) && ( PreambleDetected == true ) && ( ( GET_TICK_COUNT( ) - Preamble2SyncTimer ) > Preamble2SyncTimeout ) )
 286:	4b55      	ldr	r3, [pc, #340]	; (3dc <SX1276FskProcess+0x3dc>)
 288:	781b      	ldrb	r3, [r3, #0]
 28a:	f083 0301 	eor.w	r3, r3, #1
 28e:	b2db      	uxtb	r3, r3
 290:	2b00      	cmp	r3, #0
 292:	d01b      	beq.n	2cc <SX1276FskProcess+0x2cc>
 294:	4b4e      	ldr	r3, [pc, #312]	; (3d0 <SX1276FskProcess+0x3d0>)
 296:	781b      	ldrb	r3, [r3, #0]
 298:	2b00      	cmp	r3, #0
 29a:	d017      	beq.n	2cc <SX1276FskProcess+0x2cc>
 29c:	4b4d      	ldr	r3, [pc, #308]	; (3d4 <SX1276FskProcess+0x3d4>)
 29e:	681a      	ldr	r2, [r3, #0]
 2a0:	4b4d      	ldr	r3, [pc, #308]	; (3d8 <SX1276FskProcess+0x3d8>)
 2a2:	681b      	ldr	r3, [r3, #0]
 2a4:	1ad2      	subs	r2, r2, r3
 2a6:	4b53      	ldr	r3, [pc, #332]	; (3f4 <SX1276FskProcess+0x3f4>)
 2a8:	681b      	ldr	r3, [r3, #0]
 2aa:	429a      	cmp	r2, r3
 2ac:	d90e      	bls.n	2cc <SX1276FskProcess+0x2cc>
C:\Users\gcristian\Desktop\F429\Drivers\src\radio/sx1276-Fsk.c:427
        {
            RFState = RF_STATE_RX_INIT;
 2ae:	4b50      	ldr	r3, [pc, #320]	; (3f0 <SX1276FskProcess+0x3f0>)
 2b0:	f04f 0201 	mov.w	r2, #1
 2b4:	701a      	strb	r2, [r3, #0]
C:\Users\gcristian\Desktop\F429\Drivers\src\radio/sx1276-Fsk.c:428
            SX1276Write( REG_RXCONFIG, SX1276->RegRxConfig | RF_RXCONFIG_RESTARTRXWITHPLLLOCK );
 2b6:	4b50      	ldr	r3, [pc, #320]	; (3f8 <SX1276FskProcess+0x3f8>)
 2b8:	681b      	ldr	r3, [r3, #0]
 2ba:	7b5b      	ldrb	r3, [r3, #13]
 2bc:	f043 0320 	orr.w	r3, r3, #32
 2c0:	b2db      	uxtb	r3, r3
 2c2:	f04f 000d 	mov.w	r0, #13
 2c6:	4619      	mov	r1, r3
 2c8:	f7ff fffe 	bl	0 <SX1276Write>
C:\Users\gcristian\Desktop\F429\Drivers\src\radio/sx1276-Fsk.c:430
        }
        if( ( SyncWordDetected == false ) &&
 2cc:	4b43      	ldr	r3, [pc, #268]	; (3dc <SX1276FskProcess+0x3dc>)
 2ce:	781b      	ldrb	r3, [r3, #0]
 2d0:	f083 0301 	eor.w	r3, r3, #1
 2d4:	b2db      	uxtb	r3, r3
 2d6:	2b00      	cmp	r3, #0
 2d8:	f000 8277 	beq.w	7ca <SX1276FskProcess+0x7ca>
C:\Users\gcristian\Desktop\F429\Drivers\src\radio/sx1276-Fsk.c:431
            ( PreambleDetected == false ) &&
 2dc:	4b3c      	ldr	r3, [pc, #240]	; (3d0 <SX1276FskProcess+0x3d0>)
 2de:	781b      	ldrb	r3, [r3, #0]
 2e0:	f083 0301 	eor.w	r3, r3, #1
 2e4:	b2db      	uxtb	r3, r3
C:\Users\gcristian\Desktop\F429\Drivers\src\radio/sx1276-Fsk.c:430
        if( ( SyncWordDetected == false ) && ( PreambleDetected == true ) && ( ( GET_TICK_COUNT( ) - Preamble2SyncTimer ) > Preamble2SyncTimeout ) )
        {
            RFState = RF_STATE_RX_INIT;
            SX1276Write( REG_RXCONFIG, SX1276->RegRxConfig | RF_RXCONFIG_RESTARTRXWITHPLLLOCK );
        }
        if( ( SyncWordDetected == false ) &&
 2e6:	2b00      	cmp	r3, #0
 2e8:	f000 8271 	beq.w	7ce <SX1276FskProcess+0x7ce>
C:\Users\gcristian\Desktop\F429\Drivers\src\radio/sx1276-Fsk.c:432
            ( PreambleDetected == false ) &&
            ( PacketDetected == false ) &&
 2ec:	4b43      	ldr	r3, [pc, #268]	; (3fc <SX1276FskProcess+0x3fc>)
 2ee:	781b      	ldrb	r3, [r3, #0]
 2f0:	f083 0301 	eor.w	r3, r3, #1
 2f4:	b2db      	uxtb	r3, r3
C:\Users\gcristian\Desktop\F429\Drivers\src\radio/sx1276-Fsk.c:431
        {
            RFState = RF_STATE_RX_INIT;
            SX1276Write( REG_RXCONFIG, SX1276->RegRxConfig | RF_RXCONFIG_RESTARTRXWITHPLLLOCK );
        }
        if( ( SyncWordDetected == false ) &&
            ( PreambleDetected == false ) &&
 2f6:	2b00      	cmp	r3, #0
 2f8:	f000 826b 	beq.w	7d2 <SX1276FskProcess+0x7d2>
C:\Users\gcristian\Desktop\F429\Drivers\src\radio/sx1276-Fsk.c:433
            ( PacketDetected == false ) &&
            ( ( GET_TICK_COUNT( ) - RxTimeoutTimer ) > PacketTimeout ) )
 2fc:	4b35      	ldr	r3, [pc, #212]	; (3d4 <SX1276FskProcess+0x3d4>)
 2fe:	681a      	ldr	r2, [r3, #0]
 300:	4b3a      	ldr	r3, [pc, #232]	; (3ec <SX1276FskProcess+0x3ec>)
 302:	681b      	ldr	r3, [r3, #0]
 304:	1ad2      	subs	r2, r2, r3
 306:	4b3e      	ldr	r3, [pc, #248]	; (400 <SX1276FskProcess+0x400>)
 308:	681b      	ldr	r3, [r3, #0]
C:\Users\gcristian\Desktop\F429\Drivers\src\radio/sx1276-Fsk.c:432
            RFState = RF_STATE_RX_INIT;
            SX1276Write( REG_RXCONFIG, SX1276->RegRxConfig | RF_RXCONFIG_RESTARTRXWITHPLLLOCK );
        }
        if( ( SyncWordDetected == false ) &&
            ( PreambleDetected == false ) &&
            ( PacketDetected == false ) &&
 30a:	429a      	cmp	r2, r3
 30c:	f240 8263 	bls.w	7d6 <SX1276FskProcess+0x7d6>
C:\Users\gcristian\Desktop\F429\Drivers\src\radio/sx1276-Fsk.c:435
            ( ( GET_TICK_COUNT( ) - RxTimeoutTimer ) > PacketTimeout ) )
        {
            RFState = RF_STATE_RX_TIMEOUT;
 310:	4b37      	ldr	r3, [pc, #220]	; (3f0 <SX1276FskProcess+0x3f0>)
 312:	f04f 0205 	mov.w	r2, #5
 316:	701a      	strb	r2, [r3, #0]
C:\Users\gcristian\Desktop\F429\Drivers\src\radio/sx1276-Fsk.c:437
        }
        break;
 318:	e266      	b.n	7e8 <SX1276FskProcess+0x7e8>
C:\Users\gcristian\Desktop\F429\Drivers\src\radio/sx1276-Fsk.c:439
    case RF_STATE_RX_RUNNING:
        if( RxPacketSize > RF_BUFFER_SIZE_MAX )
 31a:	4b3a      	ldr	r3, [pc, #232]	; (404 <SX1276FskProcess+0x404>)
 31c:	881b      	ldrh	r3, [r3, #0]
 31e:	f5b3 7f80 	cmp.w	r3, #256	; 0x100
 322:	d904      	bls.n	32e <SX1276FskProcess+0x32e>
C:\Users\gcristian\Desktop\F429\Drivers\src\radio/sx1276-Fsk.c:441
        {
            RFState = RF_STATE_RX_LEN_ERROR;
 324:	4b32      	ldr	r3, [pc, #200]	; (3f0 <SX1276FskProcess+0x3f0>)
 326:	f04f 0206 	mov.w	r2, #6
 32a:	701a      	strb	r2, [r3, #0]
C:\Users\gcristian\Desktop\F429\Drivers\src\radio/sx1276-Fsk.c:442
            break;
 32c:	e25c      	b.n	7e8 <SX1276FskProcess+0x7e8>
C:\Users\gcristian\Desktop\F429\Drivers\src\radio/sx1276-Fsk.c:445
        }
#if 1
        if( DIO1 == 1 ) // FifoLevel
 32e:	f7ff fffe 	bl	0 <SX1276ReadDio1>
 332:	4603      	mov	r3, r0
 334:	2b01      	cmp	r3, #1
 336:	f040 8088 	bne.w	44a <SX1276FskProcess+0x44a>
C:\Users\gcristian\Desktop\F429\Drivers\src\radio/sx1276-Fsk.c:447
        {
            if( ( RxPacketSize == 0 ) && ( RxBytesRead == 0 ) ) // Read received packet size
 33a:	4b32      	ldr	r3, [pc, #200]	; (404 <SX1276FskProcess+0x404>)
 33c:	881b      	ldrh	r3, [r3, #0]
 33e:	2b00      	cmp	r3, #0
 340:	d119      	bne.n	376 <SX1276FskProcess+0x376>
 342:	4b31      	ldr	r3, [pc, #196]	; (408 <SX1276FskProcess+0x408>)
 344:	781b      	ldrb	r3, [r3, #0]
 346:	2b00      	cmp	r3, #0
 348:	d115      	bne.n	376 <SX1276FskProcess+0x376>
C:\Users\gcristian\Desktop\F429\Drivers\src\radio/sx1276-Fsk.c:449
            {
                if( ( SX1276->RegPacketConfig1 & RF_PACKETCONFIG1_PACKETFORMAT_VARIABLE ) == RF_PACKETCONFIG1_PACKETFORMAT_VARIABLE )
 34a:	4b2b      	ldr	r3, [pc, #172]	; (3f8 <SX1276FskProcess+0x3f8>)
 34c:	681b      	ldr	r3, [r3, #0]
 34e:	f893 3030 	ldrb.w	r3, [r3, #48]	; 0x30
 352:	b2db      	uxtb	r3, r3
 354:	b25b      	sxtb	r3, r3
 356:	2b00      	cmp	r3, #0
 358:	da06      	bge.n	368 <SX1276FskProcess+0x368>
C:\Users\gcristian\Desktop\F429\Drivers\src\radio/sx1276-Fsk.c:451
                {
                    SX1276ReadFifo( ( uint8_t* )&RxPacketSize, 1 );
 35a:	4b2a      	ldr	r3, [pc, #168]	; (404 <SX1276FskProcess+0x404>)
 35c:	4618      	mov	r0, r3
 35e:	f04f 0101 	mov.w	r1, #1
 362:	f7ff fffe 	bl	0 <SX1276ReadFifo>
 366:	e006      	b.n	376 <SX1276FskProcess+0x376>
C:\Users\gcristian\Desktop\F429\Drivers\src\radio/sx1276-Fsk.c:455
                }
                else
                {
                    RxPacketSize = SX1276->RegPayloadLength;
 368:	4b23      	ldr	r3, [pc, #140]	; (3f8 <SX1276FskProcess+0x3f8>)
 36a:	681b      	ldr	r3, [r3, #0]
 36c:	f893 3032 	ldrb.w	r3, [r3, #50]	; 0x32
 370:	461a      	mov	r2, r3
 372:	4b24      	ldr	r3, [pc, #144]	; (404 <SX1276FskProcess+0x404>)
 374:	801a      	strh	r2, [r3, #0]
C:\Users\gcristian\Desktop\F429\Drivers\src\radio/sx1276-Fsk.c:459
                }
            }

            if( ( RxPacketSize - RxBytesRead ) > ( SX1276->RegFifoThresh & 0x3F ) )
 376:	4b23      	ldr	r3, [pc, #140]	; (404 <SX1276FskProcess+0x404>)
 378:	881b      	ldrh	r3, [r3, #0]
 37a:	461a      	mov	r2, r3
 37c:	4b22      	ldr	r3, [pc, #136]	; (408 <SX1276FskProcess+0x408>)
 37e:	781b      	ldrb	r3, [r3, #0]
 380:	1ad2      	subs	r2, r2, r3
 382:	4b1d      	ldr	r3, [pc, #116]	; (3f8 <SX1276FskProcess+0x3f8>)
 384:	681b      	ldr	r3, [r3, #0]
 386:	f893 3035 	ldrb.w	r3, [r3, #53]	; 0x35
 38a:	f003 033f 	and.w	r3, r3, #63	; 0x3f
 38e:	429a      	cmp	r2, r3
 390:	dd3e      	ble.n	410 <SX1276FskProcess+0x410>
C:\Users\gcristian\Desktop\F429\Drivers\src\radio/sx1276-Fsk.c:461
            {
                SX1276ReadFifo( ( RFBuffer + RxBytesRead ), ( SX1276->RegFifoThresh & 0x3F ) );
 392:	4b1d      	ldr	r3, [pc, #116]	; (408 <SX1276FskProcess+0x408>)
 394:	781b      	ldrb	r3, [r3, #0]
 396:	461a      	mov	r2, r3
 398:	4b1c      	ldr	r3, [pc, #112]	; (40c <SX1276FskProcess+0x40c>)
 39a:	18d2      	adds	r2, r2, r3
 39c:	4b16      	ldr	r3, [pc, #88]	; (3f8 <SX1276FskProcess+0x3f8>)
 39e:	681b      	ldr	r3, [r3, #0]
 3a0:	f893 3035 	ldrb.w	r3, [r3, #53]	; 0x35
 3a4:	f003 033f 	and.w	r3, r3, #63	; 0x3f
 3a8:	b2db      	uxtb	r3, r3
 3aa:	4610      	mov	r0, r2
 3ac:	4619      	mov	r1, r3
 3ae:	f7ff fffe 	bl	0 <SX1276ReadFifo>
C:\Users\gcristian\Desktop\F429\Drivers\src\radio/sx1276-Fsk.c:462
                RxBytesRead += ( SX1276->RegFifoThresh & 0x3F );
 3b2:	4b11      	ldr	r3, [pc, #68]	; (3f8 <SX1276FskProcess+0x3f8>)
 3b4:	681b      	ldr	r3, [r3, #0]
 3b6:	f893 3035 	ldrb.w	r3, [r3, #53]	; 0x35
 3ba:	f003 033f 	and.w	r3, r3, #63	; 0x3f
 3be:	b2da      	uxtb	r2, r3
 3c0:	4b11      	ldr	r3, [pc, #68]	; (408 <SX1276FskProcess+0x408>)
 3c2:	781b      	ldrb	r3, [r3, #0]
 3c4:	18d3      	adds	r3, r2, r3
 3c6:	b2da      	uxtb	r2, r3
 3c8:	4b0f      	ldr	r3, [pc, #60]	; (408 <SX1276FskProcess+0x408>)
 3ca:	701a      	strb	r2, [r3, #0]
 3cc:	e03d      	b.n	44a <SX1276FskProcess+0x44a>
 3ce:	bf00      	nop
 3d0:	0000010c 	.word	0x0000010c
 3d4:	00000000 	.word	0x00000000
 3d8:	00000128 	.word	0x00000128
 3dc:	0000010d 	.word	0x0000010d
 3e0:	00000118 	.word	0x00000118
 3e4:	00000120 	.word	0x00000120
 3e8:	0000001d 	.word	0x0000001d
 3ec:	00000124 	.word	0x00000124
 3f0:	00000100 	.word	0x00000100
 3f4:	00000108 	.word	0x00000108
 3f8:	00000000 	.word	0x00000000
 3fc:	0000010e 	.word	0x0000010e
 400:	00000104 	.word	0x00000104
 404:	00000110 	.word	0x00000110
 408:	00000112 	.word	0x00000112
 40c:	00000000 	.word	0x00000000
C:\Users\gcristian\Desktop\F429\Drivers\src\radio/sx1276-Fsk.c:466
            }
            else
            {
                SX1276ReadFifo( ( RFBuffer + RxBytesRead ), RxPacketSize - RxBytesRead );
 410:	4b8d      	ldr	r3, [pc, #564]	; (648 <SX1276FskProcess+0x648>)
 412:	781b      	ldrb	r3, [r3, #0]
 414:	461a      	mov	r2, r3
 416:	4b8d      	ldr	r3, [pc, #564]	; (64c <SX1276FskProcess+0x64c>)
 418:	18d2      	adds	r2, r2, r3
 41a:	4b8d      	ldr	r3, [pc, #564]	; (650 <SX1276FskProcess+0x650>)
 41c:	881b      	ldrh	r3, [r3, #0]
 41e:	b2d9      	uxtb	r1, r3
 420:	4b89      	ldr	r3, [pc, #548]	; (648 <SX1276FskProcess+0x648>)
 422:	781b      	ldrb	r3, [r3, #0]
 424:	1acb      	subs	r3, r1, r3
 426:	b2db      	uxtb	r3, r3
 428:	4610      	mov	r0, r2
 42a:	4619      	mov	r1, r3
 42c:	f7ff fffe 	bl	0 <SX1276ReadFifo>
C:\Users\gcristian\Desktop\F429\Drivers\src\radio/sx1276-Fsk.c:467
                RxBytesRead += ( RxPacketSize - RxBytesRead );
 430:	4b87      	ldr	r3, [pc, #540]	; (650 <SX1276FskProcess+0x650>)
 432:	881b      	ldrh	r3, [r3, #0]
 434:	b2da      	uxtb	r2, r3
 436:	4b84      	ldr	r3, [pc, #528]	; (648 <SX1276FskProcess+0x648>)
 438:	781b      	ldrb	r3, [r3, #0]
 43a:	1ad3      	subs	r3, r2, r3
 43c:	b2da      	uxtb	r2, r3
 43e:	4b82      	ldr	r3, [pc, #520]	; (648 <SX1276FskProcess+0x648>)
 440:	781b      	ldrb	r3, [r3, #0]
 442:	18d3      	adds	r3, r2, r3
 444:	b2da      	uxtb	r2, r3
 446:	4b80      	ldr	r3, [pc, #512]	; (648 <SX1276FskProcess+0x648>)
 448:	701a      	strb	r2, [r3, #0]
C:\Users\gcristian\Desktop\F429\Drivers\src\radio/sx1276-Fsk.c:471
            }
        }
#endif
        if( DIO0 == 1 ) // PayloadReady/CrcOk
 44a:	f7ff fffe 	bl	0 <SX1276ReadDio0>
 44e:	4603      	mov	r3, r0
 450:	2b01      	cmp	r3, #1
 452:	d16c      	bne.n	52e <SX1276FskProcess+0x52e>
C:\Users\gcristian\Desktop\F429\Drivers\src\radio/sx1276-Fsk.c:473
        {
            RxTimeoutTimer = GET_TICK_COUNT( );
 454:	4b7f      	ldr	r3, [pc, #508]	; (654 <SX1276FskProcess+0x654>)
 456:	681a      	ldr	r2, [r3, #0]
 458:	4b7f      	ldr	r3, [pc, #508]	; (658 <SX1276FskProcess+0x658>)
 45a:	601a      	str	r2, [r3, #0]
C:\Users\gcristian\Desktop\F429\Drivers\src\radio/sx1276-Fsk.c:474
            if( ( RxPacketSize == 0 ) && ( RxBytesRead == 0 ) ) // Read received packet size
 45c:	4b7c      	ldr	r3, [pc, #496]	; (650 <SX1276FskProcess+0x650>)
 45e:	881b      	ldrh	r3, [r3, #0]
 460:	2b00      	cmp	r3, #0
 462:	d13f      	bne.n	4e4 <SX1276FskProcess+0x4e4>
 464:	4b78      	ldr	r3, [pc, #480]	; (648 <SX1276FskProcess+0x648>)
 466:	781b      	ldrb	r3, [r3, #0]
 468:	2b00      	cmp	r3, #0
 46a:	d13b      	bne.n	4e4 <SX1276FskProcess+0x4e4>
C:\Users\gcristian\Desktop\F429\Drivers\src\radio/sx1276-Fsk.c:476
            {
                if( ( SX1276->RegPacketConfig1 & RF_PACKETCONFIG1_PACKETFORMAT_VARIABLE ) == RF_PACKETCONFIG1_PACKETFORMAT_VARIABLE )
 46c:	4b7b      	ldr	r3, [pc, #492]	; (65c <SX1276FskProcess+0x65c>)
 46e:	681b      	ldr	r3, [r3, #0]
 470:	f893 3030 	ldrb.w	r3, [r3, #48]	; 0x30
 474:	b2db      	uxtb	r3, r3
 476:	b25b      	sxtb	r3, r3
 478:	2b00      	cmp	r3, #0
 47a:	da06      	bge.n	48a <SX1276FskProcess+0x48a>
C:\Users\gcristian\Desktop\F429\Drivers\src\radio/sx1276-Fsk.c:478
                {
                    SX1276ReadFifo( ( uint8_t* )&RxPacketSize, 1 );
 47c:	4b74      	ldr	r3, [pc, #464]	; (650 <SX1276FskProcess+0x650>)
 47e:	4618      	mov	r0, r3
 480:	f04f 0101 	mov.w	r1, #1
 484:	f7ff fffe 	bl	0 <SX1276ReadFifo>
 488:	e006      	b.n	498 <SX1276FskProcess+0x498>
C:\Users\gcristian\Desktop\F429\Drivers\src\radio/sx1276-Fsk.c:482
                }
                else
                {
                    RxPacketSize = SX1276->RegPayloadLength;
 48a:	4b74      	ldr	r3, [pc, #464]	; (65c <SX1276FskProcess+0x65c>)
 48c:	681b      	ldr	r3, [r3, #0]
 48e:	f893 3032 	ldrb.w	r3, [r3, #50]	; 0x32
 492:	461a      	mov	r2, r3
 494:	4b6e      	ldr	r3, [pc, #440]	; (650 <SX1276FskProcess+0x650>)
 496:	801a      	strh	r2, [r3, #0]
C:\Users\gcristian\Desktop\F429\Drivers\src\radio/sx1276-Fsk.c:484
                }
                SX1276ReadFifo( RFBuffer + RxBytesRead, RxPacketSize - RxBytesRead );
 498:	4b6b      	ldr	r3, [pc, #428]	; (648 <SX1276FskProcess+0x648>)
 49a:	781b      	ldrb	r3, [r3, #0]
 49c:	461a      	mov	r2, r3
 49e:	4b6b      	ldr	r3, [pc, #428]	; (64c <SX1276FskProcess+0x64c>)
 4a0:	18d2      	adds	r2, r2, r3
 4a2:	4b6b      	ldr	r3, [pc, #428]	; (650 <SX1276FskProcess+0x650>)
 4a4:	881b      	ldrh	r3, [r3, #0]
 4a6:	b2d9      	uxtb	r1, r3
 4a8:	4b67      	ldr	r3, [pc, #412]	; (648 <SX1276FskProcess+0x648>)
 4aa:	781b      	ldrb	r3, [r3, #0]
 4ac:	1acb      	subs	r3, r1, r3
 4ae:	b2db      	uxtb	r3, r3
 4b0:	4610      	mov	r0, r2
 4b2:	4619      	mov	r1, r3
 4b4:	f7ff fffe 	bl	0 <SX1276ReadFifo>
C:\Users\gcristian\Desktop\F429\Drivers\src\radio/sx1276-Fsk.c:485
                RxBytesRead += ( RxPacketSize - RxBytesRead );
 4b8:	4b65      	ldr	r3, [pc, #404]	; (650 <SX1276FskProcess+0x650>)
 4ba:	881b      	ldrh	r3, [r3, #0]
 4bc:	b2da      	uxtb	r2, r3
 4be:	4b62      	ldr	r3, [pc, #392]	; (648 <SX1276FskProcess+0x648>)
 4c0:	781b      	ldrb	r3, [r3, #0]
 4c2:	1ad3      	subs	r3, r2, r3
 4c4:	b2da      	uxtb	r2, r3
 4c6:	4b60      	ldr	r3, [pc, #384]	; (648 <SX1276FskProcess+0x648>)
 4c8:	781b      	ldrb	r3, [r3, #0]
 4ca:	18d3      	adds	r3, r2, r3
 4cc:	b2da      	uxtb	r2, r3
 4ce:	4b5e      	ldr	r3, [pc, #376]	; (648 <SX1276FskProcess+0x648>)
 4d0:	701a      	strb	r2, [r3, #0]
C:\Users\gcristian\Desktop\F429\Drivers\src\radio/sx1276-Fsk.c:486
                PacketDetected = true;
 4d2:	4b63      	ldr	r3, [pc, #396]	; (660 <SX1276FskProcess+0x660>)
 4d4:	f04f 0201 	mov.w	r2, #1
 4d8:	701a      	strb	r2, [r3, #0]
C:\Users\gcristian\Desktop\F429\Drivers\src\radio/sx1276-Fsk.c:487
                RFState = RF_STATE_RX_DONE;
 4da:	4b62      	ldr	r3, [pc, #392]	; (664 <SX1276FskProcess+0x664>)
 4dc:	f04f 0204 	mov.w	r2, #4
 4e0:	701a      	strb	r2, [r3, #0]
 4e2:	e024      	b.n	52e <SX1276FskProcess+0x52e>
C:\Users\gcristian\Desktop\F429\Drivers\src\radio/sx1276-Fsk.c:491
            }
            else
            {
                SX1276ReadFifo( RFBuffer + RxBytesRead, RxPacketSize - RxBytesRead );
 4e4:	4b58      	ldr	r3, [pc, #352]	; (648 <SX1276FskProcess+0x648>)
 4e6:	781b      	ldrb	r3, [r3, #0]
 4e8:	461a      	mov	r2, r3
 4ea:	4b58      	ldr	r3, [pc, #352]	; (64c <SX1276FskProcess+0x64c>)
 4ec:	18d2      	adds	r2, r2, r3
 4ee:	4b58      	ldr	r3, [pc, #352]	; (650 <SX1276FskProcess+0x650>)
 4f0:	881b      	ldrh	r3, [r3, #0]
 4f2:	b2d9      	uxtb	r1, r3
 4f4:	4b54      	ldr	r3, [pc, #336]	; (648 <SX1276FskProcess+0x648>)
 4f6:	781b      	ldrb	r3, [r3, #0]
 4f8:	1acb      	subs	r3, r1, r3
 4fa:	b2db      	uxtb	r3, r3
 4fc:	4610      	mov	r0, r2
 4fe:	4619      	mov	r1, r3
 500:	f7ff fffe 	bl	0 <SX1276ReadFifo>
C:\Users\gcristian\Desktop\F429\Drivers\src\radio/sx1276-Fsk.c:492
                RxBytesRead += ( RxPacketSize - RxBytesRead );
 504:	4b52      	ldr	r3, [pc, #328]	; (650 <SX1276FskProcess+0x650>)
 506:	881b      	ldrh	r3, [r3, #0]
 508:	b2da      	uxtb	r2, r3
 50a:	4b4f      	ldr	r3, [pc, #316]	; (648 <SX1276FskProcess+0x648>)
 50c:	781b      	ldrb	r3, [r3, #0]
 50e:	1ad3      	subs	r3, r2, r3
 510:	b2da      	uxtb	r2, r3
 512:	4b4d      	ldr	r3, [pc, #308]	; (648 <SX1276FskProcess+0x648>)
 514:	781b      	ldrb	r3, [r3, #0]
 516:	18d3      	adds	r3, r2, r3
 518:	b2da      	uxtb	r2, r3
 51a:	4b4b      	ldr	r3, [pc, #300]	; (648 <SX1276FskProcess+0x648>)
 51c:	701a      	strb	r2, [r3, #0]
C:\Users\gcristian\Desktop\F429\Drivers\src\radio/sx1276-Fsk.c:493
                PacketDetected = true;
 51e:	4b50      	ldr	r3, [pc, #320]	; (660 <SX1276FskProcess+0x660>)
 520:	f04f 0201 	mov.w	r2, #1
 524:	701a      	strb	r2, [r3, #0]
C:\Users\gcristian\Desktop\F429\Drivers\src\radio/sx1276-Fsk.c:494
                RFState = RF_STATE_RX_DONE;
 526:	4b4f      	ldr	r3, [pc, #316]	; (664 <SX1276FskProcess+0x664>)
 528:	f04f 0204 	mov.w	r2, #4
 52c:	701a      	strb	r2, [r3, #0]
C:\Users\gcristian\Desktop\F429\Drivers\src\radio/sx1276-Fsk.c:499
            }
        }
        
        // Packet timeout
        if( ( PacketDetected == false ) && ( ( GET_TICK_COUNT( ) - RxTimeoutTimer ) > PacketTimeout ) )
 52e:	4b4c      	ldr	r3, [pc, #304]	; (660 <SX1276FskProcess+0x660>)
 530:	781b      	ldrb	r3, [r3, #0]
 532:	f083 0301 	eor.w	r3, r3, #1
 536:	b2db      	uxtb	r3, r3
 538:	2b00      	cmp	r3, #0
 53a:	f000 814e 	beq.w	7da <SX1276FskProcess+0x7da>
 53e:	4b45      	ldr	r3, [pc, #276]	; (654 <SX1276FskProcess+0x654>)
 540:	681a      	ldr	r2, [r3, #0]
 542:	4b45      	ldr	r3, [pc, #276]	; (658 <SX1276FskProcess+0x658>)
 544:	681b      	ldr	r3, [r3, #0]
 546:	1ad2      	subs	r2, r2, r3
 548:	4b47      	ldr	r3, [pc, #284]	; (668 <SX1276FskProcess+0x668>)
 54a:	681b      	ldr	r3, [r3, #0]
 54c:	429a      	cmp	r2, r3
 54e:	f240 8146 	bls.w	7de <SX1276FskProcess+0x7de>
C:\Users\gcristian\Desktop\F429\Drivers\src\radio/sx1276-Fsk.c:501
        {
            RFState = RF_STATE_RX_TIMEOUT;
 552:	4b44      	ldr	r3, [pc, #272]	; (664 <SX1276FskProcess+0x664>)
 554:	f04f 0205 	mov.w	r2, #5
 558:	701a      	strb	r2, [r3, #0]
C:\Users\gcristian\Desktop\F429\Drivers\src\radio/sx1276-Fsk.c:503
        }
        break;
 55a:	e145      	b.n	7e8 <SX1276FskProcess+0x7e8>
C:\Users\gcristian\Desktop\F429\Drivers\src\radio/sx1276-Fsk.c:505
    case RF_STATE_RX_DONE:
        RxBytesRead = 0;
 55c:	4b3a      	ldr	r3, [pc, #232]	; (648 <SX1276FskProcess+0x648>)
 55e:	f04f 0200 	mov.w	r2, #0
 562:	701a      	strb	r2, [r3, #0]
C:\Users\gcristian\Desktop\F429\Drivers\src\radio/sx1276-Fsk.c:506
        RFState = RF_STATE_RX_INIT;
 564:	4b3f      	ldr	r3, [pc, #252]	; (664 <SX1276FskProcess+0x664>)
 566:	f04f 0201 	mov.w	r2, #1
 56a:	701a      	strb	r2, [r3, #0]
C:\Users\gcristian\Desktop\F429\Drivers\src\radio/sx1276-Fsk.c:507
        result = RF_RX_DONE;
 56c:	f04f 0302 	mov.w	r3, #2
 570:	607b      	str	r3, [r7, #4]
C:\Users\gcristian\Desktop\F429\Drivers\src\radio/sx1276-Fsk.c:508
        break;
 572:	e139      	b.n	7e8 <SX1276FskProcess+0x7e8>
C:\Users\gcristian\Desktop\F429\Drivers\src\radio/sx1276-Fsk.c:510
    case RF_STATE_RX_TIMEOUT:
        RxBytesRead = 0;
 574:	4b34      	ldr	r3, [pc, #208]	; (648 <SX1276FskProcess+0x648>)
 576:	f04f 0200 	mov.w	r2, #0
 57a:	701a      	strb	r2, [r3, #0]
C:\Users\gcristian\Desktop\F429\Drivers\src\radio/sx1276-Fsk.c:511
        RxPacketSize = 0;
 57c:	4b34      	ldr	r3, [pc, #208]	; (650 <SX1276FskProcess+0x650>)
 57e:	f04f 0200 	mov.w	r2, #0
 582:	801a      	strh	r2, [r3, #0]
C:\Users\gcristian\Desktop\F429\Drivers\src\radio/sx1276-Fsk.c:512
        SX1276Write( REG_RXCONFIG, SX1276->RegRxConfig | RF_RXCONFIG_RESTARTRXWITHPLLLOCK );
 584:	4b35      	ldr	r3, [pc, #212]	; (65c <SX1276FskProcess+0x65c>)
 586:	681b      	ldr	r3, [r3, #0]
 588:	7b5b      	ldrb	r3, [r3, #13]
 58a:	f043 0320 	orr.w	r3, r3, #32
 58e:	b2db      	uxtb	r3, r3
 590:	f04f 000d 	mov.w	r0, #13
 594:	4619      	mov	r1, r3
 596:	f7ff fffe 	bl	0 <SX1276Write>
C:\Users\gcristian\Desktop\F429\Drivers\src\radio/sx1276-Fsk.c:513
        RFState = RF_STATE_RX_INIT;
 59a:	4b32      	ldr	r3, [pc, #200]	; (664 <SX1276FskProcess+0x664>)
 59c:	f04f 0201 	mov.w	r2, #1
 5a0:	701a      	strb	r2, [r3, #0]
C:\Users\gcristian\Desktop\F429\Drivers\src\radio/sx1276-Fsk.c:514
        result = RF_RX_TIMEOUT;
 5a2:	f04f 0303 	mov.w	r3, #3
 5a6:	607b      	str	r3, [r7, #4]
C:\Users\gcristian\Desktop\F429\Drivers\src\radio/sx1276-Fsk.c:515
        break;
 5a8:	e11e      	b.n	7e8 <SX1276FskProcess+0x7e8>
C:\Users\gcristian\Desktop\F429\Drivers\src\radio/sx1276-Fsk.c:517
    case RF_STATE_RX_LEN_ERROR:
        RxBytesRead = 0;
 5aa:	4b27      	ldr	r3, [pc, #156]	; (648 <SX1276FskProcess+0x648>)
 5ac:	f04f 0200 	mov.w	r2, #0
 5b0:	701a      	strb	r2, [r3, #0]
C:\Users\gcristian\Desktop\F429\Drivers\src\radio/sx1276-Fsk.c:518
        RxPacketSize = 0;
 5b2:	4b27      	ldr	r3, [pc, #156]	; (650 <SX1276FskProcess+0x650>)
 5b4:	f04f 0200 	mov.w	r2, #0
 5b8:	801a      	strh	r2, [r3, #0]
C:\Users\gcristian\Desktop\F429\Drivers\src\radio/sx1276-Fsk.c:519
        SX1276Write( REG_RXCONFIG, SX1276->RegRxConfig | RF_RXCONFIG_RESTARTRXWITHPLLLOCK );
 5ba:	4b28      	ldr	r3, [pc, #160]	; (65c <SX1276FskProcess+0x65c>)
 5bc:	681b      	ldr	r3, [r3, #0]
 5be:	7b5b      	ldrb	r3, [r3, #13]
 5c0:	f043 0320 	orr.w	r3, r3, #32
 5c4:	b2db      	uxtb	r3, r3
 5c6:	f04f 000d 	mov.w	r0, #13
 5ca:	4619      	mov	r1, r3
 5cc:	f7ff fffe 	bl	0 <SX1276Write>
C:\Users\gcristian\Desktop\F429\Drivers\src\radio/sx1276-Fsk.c:520
        RFState = RF_STATE_RX_INIT;
 5d0:	4b24      	ldr	r3, [pc, #144]	; (664 <SX1276FskProcess+0x664>)
 5d2:	f04f 0201 	mov.w	r2, #1
 5d6:	701a      	strb	r2, [r3, #0]
C:\Users\gcristian\Desktop\F429\Drivers\src\radio/sx1276-Fsk.c:521
        result = RF_LEN_ERROR;
 5d8:	f04f 0306 	mov.w	r3, #6
 5dc:	607b      	str	r3, [r7, #4]
C:\Users\gcristian\Desktop\F429\Drivers\src\radio/sx1276-Fsk.c:522
        break;
 5de:	e103      	b.n	7e8 <SX1276FskProcess+0x7e8>
C:\Users\gcristian\Desktop\F429\Drivers\src\radio/sx1276-Fsk.c:527
    // Tx management
    case RF_STATE_TX_INIT:
        // Packet DIO mapping setup
        //                           PacketSent,               FifoLevel,              FifoFull,               TxReady
        SX1276->RegDioMapping1 = RF_DIOMAPPING1_DIO0_00 | RF_DIOMAPPING1_DIO1_00 | RF_DIOMAPPING1_DIO2_00 | RF_DIOMAPPING1_DIO3_01;
 5e0:	4b1e      	ldr	r3, [pc, #120]	; (65c <SX1276FskProcess+0x65c>)
 5e2:	681b      	ldr	r3, [r3, #0]
 5e4:	f04f 0201 	mov.w	r2, #1
 5e8:	f883 2040 	strb.w	r2, [r3, #64]	; 0x40
C:\Users\gcristian\Desktop\F429\Drivers\src\radio/sx1276-Fsk.c:529
        //                           LowBat,                   Data
        SX1276->RegDioMapping2 = RF_DIOMAPPING2_DIO4_00 | RF_DIOMAPPING2_DIO5_10;
 5ec:	4b1b      	ldr	r3, [pc, #108]	; (65c <SX1276FskProcess+0x65c>)
 5ee:	681b      	ldr	r3, [r3, #0]
 5f0:	f04f 0220 	mov.w	r2, #32
 5f4:	f883 2041 	strb.w	r2, [r3, #65]	; 0x41
C:\Users\gcristian\Desktop\F429\Drivers\src\radio/sx1276-Fsk.c:530
        SX1276WriteBuffer( REG_DIOMAPPING1, &SX1276->RegDioMapping1, 2 );
 5f8:	4b18      	ldr	r3, [pc, #96]	; (65c <SX1276FskProcess+0x65c>)
 5fa:	681b      	ldr	r3, [r3, #0]
 5fc:	f103 0340 	add.w	r3, r3, #64	; 0x40
 600:	f04f 0040 	mov.w	r0, #64	; 0x40
 604:	4619      	mov	r1, r3
 606:	f04f 0202 	mov.w	r2, #2
 60a:	f7ff fffe 	bl	0 <SX1276WriteBuffer>
C:\Users\gcristian\Desktop\F429\Drivers\src\radio/sx1276-Fsk.c:532

        SX1276->RegFifoThresh = RF_FIFOTHRESH_TXSTARTCONDITION_FIFONOTEMPTY | 0x18; // 24 bytes of data
 60e:	4b13      	ldr	r3, [pc, #76]	; (65c <SX1276FskProcess+0x65c>)
 610:	681b      	ldr	r3, [r3, #0]
 612:	f04f 0298 	mov.w	r2, #152	; 0x98
 616:	f883 2035 	strb.w	r2, [r3, #53]	; 0x35
C:\Users\gcristian\Desktop\F429\Drivers\src\radio/sx1276-Fsk.c:533
        SX1276Write( REG_FIFOTHRESH, SX1276->RegFifoThresh );
 61a:	4b10      	ldr	r3, [pc, #64]	; (65c <SX1276FskProcess+0x65c>)
 61c:	681b      	ldr	r3, [r3, #0]
 61e:	f893 3035 	ldrb.w	r3, [r3, #53]	; 0x35
 622:	f04f 0035 	mov.w	r0, #53	; 0x35
 626:	4619      	mov	r1, r3
 628:	f7ff fffe 	bl	0 <SX1276Write>
C:\Users\gcristian\Desktop\F429\Drivers\src\radio/sx1276-Fsk.c:535

        SX1276FskSetOpMode( RF_OPMODE_TRANSMITTER );
 62c:	f04f 0003 	mov.w	r0, #3
 630:	f7ff fffe 	bl	0 <SX1276FskProcess>
C:\Users\gcristian\Desktop\F429\Drivers\src\radio/sx1276-Fsk.c:536
        RFState = RF_STATE_TX_READY_WAIT;
 634:	4b0b      	ldr	r3, [pc, #44]	; (664 <SX1276FskProcess+0x664>)
 636:	f04f 0208 	mov.w	r2, #8
 63a:	701a      	strb	r2, [r3, #0]
C:\Users\gcristian\Desktop\F429\Drivers\src\radio/sx1276-Fsk.c:537
        TxBytesSent = 0;
 63c:	4b0b      	ldr	r3, [pc, #44]	; (66c <SX1276FskProcess+0x66c>)
 63e:	f04f 0200 	mov.w	r2, #0
 642:	701a      	strb	r2, [r3, #0]
C:\Users\gcristian\Desktop\F429\Drivers\src\radio/sx1276-Fsk.c:538
        break;
 644:	e0d0      	b.n	7e8 <SX1276FskProcess+0x7e8>
 646:	bf00      	nop
 648:	00000112 	.word	0x00000112
 64c:	00000000 	.word	0x00000000
 650:	00000110 	.word	0x00000110
 654:	00000000 	.word	0x00000000
 658:	00000124 	.word	0x00000124
 65c:	00000000 	.word	0x00000000
 660:	0000010e 	.word	0x0000010e
 664:	00000100 	.word	0x00000100
 668:	00000104 	.word	0x00000104
 66c:	00000113 	.word	0x00000113
C:\Users\gcristian\Desktop\F429\Drivers\src\radio/sx1276-Fsk.c:540
    case RF_STATE_TX_READY_WAIT:
        if( DIO3 == 1 )    // TxReady
 670:	f7ff fffe 	bl	0 <SX1276ReadDio3>
 674:	4603      	mov	r3, r0
 676:	2b01      	cmp	r3, #1
 678:	f040 80b3 	bne.w	7e2 <SX1276FskProcess+0x7e2>
C:\Users\gcristian\Desktop\F429\Drivers\src\radio/sx1276-Fsk.c:542
        {
            if( ( SX1276->RegPacketConfig1 & RF_PACKETCONFIG1_PACKETFORMAT_VARIABLE ) == RF_PACKETCONFIG1_PACKETFORMAT_VARIABLE )
 67c:	4b5d      	ldr	r3, [pc, #372]	; (7f4 <SX1276FskProcess+0x7f4>)
 67e:	681b      	ldr	r3, [r3, #0]
 680:	f893 3030 	ldrb.w	r3, [r3, #48]	; 0x30
 684:	b2db      	uxtb	r3, r3
 686:	b25b      	sxtb	r3, r3
 688:	2b00      	cmp	r3, #0
 68a:	da05      	bge.n	698 <SX1276FskProcess+0x698>
C:\Users\gcristian\Desktop\F429\Drivers\src\radio/sx1276-Fsk.c:544
            {
                SX1276WriteFifo( ( uint8_t* )&TxPacketSize, 1 );
 68c:	4b5a      	ldr	r3, [pc, #360]	; (7f8 <SX1276FskProcess+0x7f8>)
 68e:	4618      	mov	r0, r3
 690:	f04f 0101 	mov.w	r1, #1
 694:	f7ff fffe 	bl	0 <SX1276WriteFifo>
C:\Users\gcristian\Desktop\F429\Drivers\src\radio/sx1276-Fsk.c:547
            }
            
            if( ( TxPacketSize > 0 ) && ( TxPacketSize <= 64 ) )
 698:	4b57      	ldr	r3, [pc, #348]	; (7f8 <SX1276FskProcess+0x7f8>)
 69a:	881b      	ldrh	r3, [r3, #0]
 69c:	2b00      	cmp	r3, #0
 69e:	d009      	beq.n	6b4 <SX1276FskProcess+0x6b4>
 6a0:	4b55      	ldr	r3, [pc, #340]	; (7f8 <SX1276FskProcess+0x7f8>)
 6a2:	881b      	ldrh	r3, [r3, #0]
 6a4:	2b40      	cmp	r3, #64	; 0x40
 6a6:	d805      	bhi.n	6b4 <SX1276FskProcess+0x6b4>
C:\Users\gcristian\Desktop\F429\Drivers\src\radio/sx1276-Fsk.c:549
            {
                DataChunkSize = TxPacketSize;
 6a8:	4b53      	ldr	r3, [pc, #332]	; (7f8 <SX1276FskProcess+0x7f8>)
 6aa:	881b      	ldrh	r3, [r3, #0]
 6ac:	b2da      	uxtb	r2, r3
 6ae:	4b53      	ldr	r3, [pc, #332]	; (7fc <SX1276FskProcess+0x7fc>)
 6b0:	701a      	strb	r2, [r3, #0]
 6b2:	e003      	b.n	6bc <SX1276FskProcess+0x6bc>
C:\Users\gcristian\Desktop\F429\Drivers\src\radio/sx1276-Fsk.c:553
            }
            else
            {
                DataChunkSize = 32;
 6b4:	4b51      	ldr	r3, [pc, #324]	; (7fc <SX1276FskProcess+0x7fc>)
 6b6:	f04f 0220 	mov.w	r2, #32
 6ba:	701a      	strb	r2, [r3, #0]
C:\Users\gcristian\Desktop\F429\Drivers\src\radio/sx1276-Fsk.c:556
            }
            
            SX1276WriteFifo( RFBuffer, DataChunkSize );
 6bc:	4b4f      	ldr	r3, [pc, #316]	; (7fc <SX1276FskProcess+0x7fc>)
 6be:	781b      	ldrb	r3, [r3, #0]
 6c0:	484f      	ldr	r0, [pc, #316]	; (800 <SX1276FskProcess+0x800>)
 6c2:	4619      	mov	r1, r3
 6c4:	f7ff fffe 	bl	0 <SX1276WriteFifo>
C:\Users\gcristian\Desktop\F429\Drivers\src\radio/sx1276-Fsk.c:557
            TxBytesSent += DataChunkSize;
 6c8:	4b4e      	ldr	r3, [pc, #312]	; (804 <SX1276FskProcess+0x804>)
 6ca:	781a      	ldrb	r2, [r3, #0]
 6cc:	4b4b      	ldr	r3, [pc, #300]	; (7fc <SX1276FskProcess+0x7fc>)
 6ce:	781b      	ldrb	r3, [r3, #0]
 6d0:	18d3      	adds	r3, r2, r3
 6d2:	b2da      	uxtb	r2, r3
 6d4:	4b4b      	ldr	r3, [pc, #300]	; (804 <SX1276FskProcess+0x804>)
 6d6:	701a      	strb	r2, [r3, #0]
C:\Users\gcristian\Desktop\F429\Drivers\src\radio/sx1276-Fsk.c:558
            TxTimeoutTimer = GET_TICK_COUNT( );
 6d8:	4b4b      	ldr	r3, [pc, #300]	; (808 <SX1276FskProcess+0x808>)
 6da:	681a      	ldr	r2, [r3, #0]
 6dc:	4b4b      	ldr	r3, [pc, #300]	; (80c <SX1276FskProcess+0x80c>)
 6de:	601a      	str	r2, [r3, #0]
C:\Users\gcristian\Desktop\F429\Drivers\src\radio/sx1276-Fsk.c:559
            RFState = RF_STATE_TX_RUNNING;
 6e0:	4b4b      	ldr	r3, [pc, #300]	; (810 <SX1276FskProcess+0x810>)
 6e2:	f04f 0209 	mov.w	r2, #9
 6e6:	701a      	strb	r2, [r3, #0]
C:\Users\gcristian\Desktop\F429\Drivers\src\radio/sx1276-Fsk.c:561
        }
        break;
 6e8:	e07e      	b.n	7e8 <SX1276FskProcess+0x7e8>
C:\Users\gcristian\Desktop\F429\Drivers\src\radio/sx1276-Fsk.c:564

    case RF_STATE_TX_RUNNING:
        if( DIO1 == 0 )    // FifoLevel below thresold
 6ea:	f7ff fffe 	bl	0 <SX1276ReadDio1>
 6ee:	4603      	mov	r3, r0
 6f0:	2b00      	cmp	r3, #0
 6f2:	d13a      	bne.n	76a <SX1276FskProcess+0x76a>
C:\Users\gcristian\Desktop\F429\Drivers\src\radio/sx1276-Fsk.c:566
        {  
            if( ( TxPacketSize - TxBytesSent ) > DataChunkSize )
 6f4:	4b40      	ldr	r3, [pc, #256]	; (7f8 <SX1276FskProcess+0x7f8>)
 6f6:	881b      	ldrh	r3, [r3, #0]
 6f8:	461a      	mov	r2, r3
 6fa:	4b42      	ldr	r3, [pc, #264]	; (804 <SX1276FskProcess+0x804>)
 6fc:	781b      	ldrb	r3, [r3, #0]
 6fe:	1ad2      	subs	r2, r2, r3
 700:	4b3e      	ldr	r3, [pc, #248]	; (7fc <SX1276FskProcess+0x7fc>)
 702:	781b      	ldrb	r3, [r3, #0]
 704:	429a      	cmp	r2, r3
 706:	dd13      	ble.n	730 <SX1276FskProcess+0x730>
C:\Users\gcristian\Desktop\F429\Drivers\src\radio/sx1276-Fsk.c:568
            {
                SX1276WriteFifo( ( RFBuffer + TxBytesSent ), DataChunkSize );
 708:	4b3e      	ldr	r3, [pc, #248]	; (804 <SX1276FskProcess+0x804>)
 70a:	781b      	ldrb	r3, [r3, #0]
 70c:	461a      	mov	r2, r3
 70e:	4b3c      	ldr	r3, [pc, #240]	; (800 <SX1276FskProcess+0x800>)
 710:	18d2      	adds	r2, r2, r3
 712:	4b3a      	ldr	r3, [pc, #232]	; (7fc <SX1276FskProcess+0x7fc>)
 714:	781b      	ldrb	r3, [r3, #0]
 716:	4610      	mov	r0, r2
 718:	4619      	mov	r1, r3
 71a:	f7ff fffe 	bl	0 <SX1276WriteFifo>
C:\Users\gcristian\Desktop\F429\Drivers\src\radio/sx1276-Fsk.c:569
                TxBytesSent += DataChunkSize;
 71e:	4b39      	ldr	r3, [pc, #228]	; (804 <SX1276FskProcess+0x804>)
 720:	781a      	ldrb	r2, [r3, #0]
 722:	4b36      	ldr	r3, [pc, #216]	; (7fc <SX1276FskProcess+0x7fc>)
 724:	781b      	ldrb	r3, [r3, #0]
 726:	18d3      	adds	r3, r2, r3
 728:	b2da      	uxtb	r2, r3
 72a:	4b36      	ldr	r3, [pc, #216]	; (804 <SX1276FskProcess+0x804>)
 72c:	701a      	strb	r2, [r3, #0]
 72e:	e01c      	b.n	76a <SX1276FskProcess+0x76a>
C:\Users\gcristian\Desktop\F429\Drivers\src\radio/sx1276-Fsk.c:574
            }
            else 
            {
                // we write the last chunk of data
                SX1276WriteFifo( RFBuffer + TxBytesSent, TxPacketSize - TxBytesSent );
 730:	4b34      	ldr	r3, [pc, #208]	; (804 <SX1276FskProcess+0x804>)
 732:	781b      	ldrb	r3, [r3, #0]
 734:	461a      	mov	r2, r3
 736:	4b32      	ldr	r3, [pc, #200]	; (800 <SX1276FskProcess+0x800>)
 738:	18d2      	adds	r2, r2, r3
 73a:	4b2f      	ldr	r3, [pc, #188]	; (7f8 <SX1276FskProcess+0x7f8>)
 73c:	881b      	ldrh	r3, [r3, #0]
 73e:	b2d9      	uxtb	r1, r3
 740:	4b30      	ldr	r3, [pc, #192]	; (804 <SX1276FskProcess+0x804>)
 742:	781b      	ldrb	r3, [r3, #0]
 744:	1acb      	subs	r3, r1, r3
 746:	b2db      	uxtb	r3, r3
 748:	4610      	mov	r0, r2
 74a:	4619      	mov	r1, r3
 74c:	f7ff fffe 	bl	0 <SX1276WriteFifo>
C:\Users\gcristian\Desktop\F429\Drivers\src\radio/sx1276-Fsk.c:575
                TxBytesSent += TxPacketSize - TxBytesSent;
 750:	4b29      	ldr	r3, [pc, #164]	; (7f8 <SX1276FskProcess+0x7f8>)
 752:	881b      	ldrh	r3, [r3, #0]
 754:	b2da      	uxtb	r2, r3
 756:	4b2b      	ldr	r3, [pc, #172]	; (804 <SX1276FskProcess+0x804>)
 758:	781b      	ldrb	r3, [r3, #0]
 75a:	1ad3      	subs	r3, r2, r3
 75c:	b2da      	uxtb	r2, r3
 75e:	4b29      	ldr	r3, [pc, #164]	; (804 <SX1276FskProcess+0x804>)
 760:	781b      	ldrb	r3, [r3, #0]
 762:	18d3      	adds	r3, r2, r3
 764:	b2da      	uxtb	r2, r3
 766:	4b27      	ldr	r3, [pc, #156]	; (804 <SX1276FskProcess+0x804>)
 768:	701a      	strb	r2, [r3, #0]
C:\Users\gcristian\Desktop\F429\Drivers\src\radio/sx1276-Fsk.c:579
            }
        }

        if( DIO0 == 1 ) // PacketSent
 76a:	f7ff fffe 	bl	0 <SX1276ReadDio0>
 76e:	4603      	mov	r3, r0
 770:	2b01      	cmp	r3, #1
 772:	d10b      	bne.n	78c <SX1276FskProcess+0x78c>
C:\Users\gcristian\Desktop\F429\Drivers\src\radio/sx1276-Fsk.c:581
        {
            TxTimeoutTimer = GET_TICK_COUNT( );
 774:	4b24      	ldr	r3, [pc, #144]	; (808 <SX1276FskProcess+0x808>)
 776:	681a      	ldr	r2, [r3, #0]
 778:	4b24      	ldr	r3, [pc, #144]	; (80c <SX1276FskProcess+0x80c>)
 77a:	601a      	str	r2, [r3, #0]
C:\Users\gcristian\Desktop\F429\Drivers\src\radio/sx1276-Fsk.c:582
            RFState = RF_STATE_TX_DONE;
 77c:	4b24      	ldr	r3, [pc, #144]	; (810 <SX1276FskProcess+0x810>)
 77e:	f04f 020a 	mov.w	r2, #10
 782:	701a      	strb	r2, [r3, #0]
C:\Users\gcristian\Desktop\F429\Drivers\src\radio/sx1276-Fsk.c:583
            SX1276FskSetOpMode( RF_OPMODE_STANDBY );
 784:	f04f 0001 	mov.w	r0, #1
 788:	f7ff fffe 	bl	0 <SX1276FskProcess>
C:\Users\gcristian\Desktop\F429\Drivers\src\radio/sx1276-Fsk.c:587
        }
         
        // Packet timeout
        if( ( GET_TICK_COUNT( ) - TxTimeoutTimer ) > TICK_RATE_MS( 1000 ) )
 78c:	4b1e      	ldr	r3, [pc, #120]	; (808 <SX1276FskProcess+0x808>)
 78e:	681a      	ldr	r2, [r3, #0]
 790:	4b1e      	ldr	r3, [pc, #120]	; (80c <SX1276FskProcess+0x80c>)
 792:	681b      	ldr	r3, [r3, #0]
 794:	1ad3      	subs	r3, r2, r3
 796:	f5b3 7f7a 	cmp.w	r3, #1000	; 0x3e8
 79a:	d924      	bls.n	7e6 <SX1276FskProcess+0x7e6>
C:\Users\gcristian\Desktop\F429\Drivers\src\radio/sx1276-Fsk.c:589
        {
            RFState = RF_STATE_TX_TIMEOUT;
 79c:	4b1c      	ldr	r3, [pc, #112]	; (810 <SX1276FskProcess+0x810>)
 79e:	f04f 020b 	mov.w	r2, #11
 7a2:	701a      	strb	r2, [r3, #0]
C:\Users\gcristian\Desktop\F429\Drivers\src\radio/sx1276-Fsk.c:591
        }
        break;
 7a4:	e020      	b.n	7e8 <SX1276FskProcess+0x7e8>
C:\Users\gcristian\Desktop\F429\Drivers\src\radio/sx1276-Fsk.c:593
    case RF_STATE_TX_DONE:
        RFState = RF_STATE_IDLE;
 7a6:	4b1a      	ldr	r3, [pc, #104]	; (810 <SX1276FskProcess+0x810>)
 7a8:	f04f 0200 	mov.w	r2, #0
 7ac:	701a      	strb	r2, [r3, #0]
C:\Users\gcristian\Desktop\F429\Drivers\src\radio/sx1276-Fsk.c:594
        result = RF_TX_DONE;
 7ae:	f04f 0304 	mov.w	r3, #4
 7b2:	607b      	str	r3, [r7, #4]
C:\Users\gcristian\Desktop\F429\Drivers\src\radio/sx1276-Fsk.c:595
        break;
 7b4:	e018      	b.n	7e8 <SX1276FskProcess+0x7e8>
C:\Users\gcristian\Desktop\F429\Drivers\src\radio/sx1276-Fsk.c:597
    case RF_STATE_TX_TIMEOUT:
        RFState = RF_STATE_IDLE;
 7b6:	4b16      	ldr	r3, [pc, #88]	; (810 <SX1276FskProcess+0x810>)
 7b8:	f04f 0200 	mov.w	r2, #0
 7bc:	701a      	strb	r2, [r3, #0]
C:\Users\gcristian\Desktop\F429\Drivers\src\radio/sx1276-Fsk.c:598
        result = RF_TX_TIMEOUT;
 7be:	f04f 0305 	mov.w	r3, #5
 7c2:	607b      	str	r3, [r7, #4]
C:\Users\gcristian\Desktop\F429\Drivers\src\radio/sx1276-Fsk.c:599
        break;
 7c4:	e010      	b.n	7e8 <SX1276FskProcess+0x7e8>
C:\Users\gcristian\Desktop\F429\Drivers\src\radio/sx1276-Fsk.c:601
    default:
        break;
 7c6:	bf00      	nop
 7c8:	e00e      	b.n	7e8 <SX1276FskProcess+0x7e8>
C:\Users\gcristian\Desktop\F429\Drivers\src\radio/sx1276-Fsk.c:437
            ( PacketDetected == false ) &&
            ( ( GET_TICK_COUNT( ) - RxTimeoutTimer ) > PacketTimeout ) )
        {
            RFState = RF_STATE_RX_TIMEOUT;
        }
        break;
 7ca:	bf00      	nop
 7cc:	e00c      	b.n	7e8 <SX1276FskProcess+0x7e8>
 7ce:	bf00      	nop
 7d0:	e00a      	b.n	7e8 <SX1276FskProcess+0x7e8>
 7d2:	bf00      	nop
 7d4:	e008      	b.n	7e8 <SX1276FskProcess+0x7e8>
 7d6:	bf00      	nop
 7d8:	e006      	b.n	7e8 <SX1276FskProcess+0x7e8>
C:\Users\gcristian\Desktop\F429\Drivers\src\radio/sx1276-Fsk.c:503
        // Packet timeout
        if( ( PacketDetected == false ) && ( ( GET_TICK_COUNT( ) - RxTimeoutTimer ) > PacketTimeout ) )
        {
            RFState = RF_STATE_RX_TIMEOUT;
        }
        break;
 7da:	bf00      	nop
 7dc:	e004      	b.n	7e8 <SX1276FskProcess+0x7e8>
 7de:	bf00      	nop
 7e0:	e002      	b.n	7e8 <SX1276FskProcess+0x7e8>
C:\Users\gcristian\Desktop\F429\Drivers\src\radio/sx1276-Fsk.c:561
            SX1276WriteFifo( RFBuffer, DataChunkSize );
            TxBytesSent += DataChunkSize;
            TxTimeoutTimer = GET_TICK_COUNT( );
            RFState = RF_STATE_TX_RUNNING;
        }
        break;
 7e2:	bf00      	nop
 7e4:	e000      	b.n	7e8 <SX1276FskProcess+0x7e8>
C:\Users\gcristian\Desktop\F429\Drivers\src\radio/sx1276-Fsk.c:591
        // Packet timeout
        if( ( GET_TICK_COUNT( ) - TxTimeoutTimer ) > TICK_RATE_MS( 1000 ) )
        {
            RFState = RF_STATE_TX_TIMEOUT;
        }
        break;
 7e6:	bf00      	nop
C:\Users\gcristian\Desktop\F429\Drivers\src\radio/sx1276-Fsk.c:603
        result = RF_TX_TIMEOUT;
        break;
    default:
        break;
    }
    return result;
 7e8:	687b      	ldr	r3, [r7, #4]
C:\Users\gcristian\Desktop\F429\Drivers\src\radio/sx1276-Fsk.c:604
}
 7ea:	4618      	mov	r0, r3
 7ec:	f107 0708 	add.w	r7, r7, #8
 7f0:	46bd      	mov	sp, r7
 7f2:	bdb0      	pop	{r4, r5, r7, pc}
 7f4:	00000000 	.word	0x00000000
 7f8:	0000012c 	.word	0x0000012c
 7fc:	0000001c 	.word	0x0000001c
 800:	00000000 	.word	0x00000000
 804:	00000113 	.word	0x00000113
 808:	00000000 	.word	0x00000000
 80c:	00000130 	.word	0x00000130
 810:	00000100 	.word	0x00000100
 814:	f3af 8000 	nop.w
