
C:\Users\gcristian\Desktop\F429\Drivers\obj\sx12xxEiger.o:     file format elf32-littlearm
C:\Users\gcristian\Desktop\F429\Drivers\obj\sx12xxEiger.o


Disassembly of section .text.NVIC_SetPriority:

00000000 <NVIC_SetPriority>:
NVIC_SetPriority():
C:\Users\gcristian\Desktop\F429\Drivers\src\platform\stm32libs\CMSIS\CM4F/core_cm4.h:1551

    \param [in]      IRQn  Interrupt number.
    \param [in]  priority  Priority to set.
 */
__STATIC_INLINE void NVIC_SetPriority(IRQn_Type IRQn, uint32_t priority)
{
   0:	b480      	push	{r7}
   2:	b083      	sub	sp, #12
   4:	af00      	add	r7, sp, #0
   6:	4603      	mov	r3, r0
   8:	6039      	str	r1, [r7, #0]
   a:	71fb      	strb	r3, [r7, #7]
C:\Users\gcristian\Desktop\F429\Drivers\src\platform\stm32libs\CMSIS\CM4F/core_cm4.h:1552
  if(IRQn < 0) {
   c:	f997 3007 	ldrsb.w	r3, [r7, #7]
  10:	2b00      	cmp	r3, #0
  12:	da0d      	bge.n	30 <NVIC_SetPriority+0x30>
C:\Users\gcristian\Desktop\F429\Drivers\src\platform\stm32libs\CMSIS\CM4F/core_cm4.h:1553
    SCB->SHP[((uint32_t)(IRQn) & 0xF)-4] = ((priority << (8 - __NVIC_PRIO_BITS)) & 0xff); } /* set Priority for Cortex-M  System Interrupts */
  14:	490e      	ldr	r1, [pc, #56]	; (50 <NVIC_SetPriority+0x50>)
  16:	79fb      	ldrb	r3, [r7, #7]
  18:	f003 030f 	and.w	r3, r3, #15
  1c:	f1a3 0304 	sub.w	r3, r3, #4
  20:	683a      	ldr	r2, [r7, #0]
  22:	b2d2      	uxtb	r2, r2
  24:	ea4f 1202 	mov.w	r2, r2, lsl #4
  28:	b2d2      	uxtb	r2, r2
  2a:	18cb      	adds	r3, r1, r3
  2c:	761a      	strb	r2, [r3, #24]
  2e:	e00a      	b.n	46 <NVIC_SetPriority+0x46>
C:\Users\gcristian\Desktop\F429\Drivers\src\platform\stm32libs\CMSIS\CM4F/core_cm4.h:1555
  else {
    NVIC->IP[(uint32_t)(IRQn)] = ((priority << (8 - __NVIC_PRIO_BITS)) & 0xff);    }        /* set Priority for device specific Interrupts  */
  30:	4908      	ldr	r1, [pc, #32]	; (54 <NVIC_SetPriority+0x54>)
  32:	f997 3007 	ldrsb.w	r3, [r7, #7]
  36:	683a      	ldr	r2, [r7, #0]
  38:	b2d2      	uxtb	r2, r2
  3a:	ea4f 1202 	mov.w	r2, r2, lsl #4
  3e:	b2d2      	uxtb	r2, r2
  40:	18cb      	adds	r3, r1, r3
  42:	f883 2300 	strb.w	r2, [r3, #768]	; 0x300
C:\Users\gcristian\Desktop\F429\Drivers\src\platform\stm32libs\CMSIS\CM4F/core_cm4.h:1556
}
  46:	f107 070c 	add.w	r7, r7, #12
  4a:	46bd      	mov	sp, r7
  4c:	bc80      	pop	{r7}
  4e:	4770      	bx	lr
  50:	e000ed00 	.word	0xe000ed00
  54:	e000e100 	.word	0xe000e100

Disassembly of section .text.SysTick_Config:

00000000 <SysTick_Config>:
SysTick_Config():
C:\Users\gcristian\Desktop\F429\Drivers\src\platform\stm32libs\CMSIS\CM4F/core_cm4.h:1678
    function <b>SysTick_Config</b> is not included. In this case, the file <b><i>device</i>.h</b>
    must contain a vendor-specific implementation of this function.

 */
__STATIC_INLINE uint32_t SysTick_Config(uint32_t ticks)
{
   0:	b580      	push	{r7, lr}
   2:	b082      	sub	sp, #8
   4:	af00      	add	r7, sp, #0
   6:	6078      	str	r0, [r7, #4]
C:\Users\gcristian\Desktop\F429\Drivers\src\platform\stm32libs\CMSIS\CM4F/core_cm4.h:1679
  if ((ticks - 1) > SysTick_LOAD_RELOAD_Msk)  return (1);      /* Reload value impossible */
   8:	687b      	ldr	r3, [r7, #4]
   a:	f103 32ff 	add.w	r2, r3, #4294967295
   e:	f06f 437f 	mvn.w	r3, #4278190080	; 0xff000000
  12:	429a      	cmp	r2, r3
  14:	d902      	bls.n	1c <SysTick_Config+0x1c>
  16:	f04f 0301 	mov.w	r3, #1
  1a:	e014      	b.n	46 <SysTick_Config+0x46>
C:\Users\gcristian\Desktop\F429\Drivers\src\platform\stm32libs\CMSIS\CM4F/core_cm4.h:1681

  SysTick->LOAD  = ticks - 1;                                  /* set reload register */
  1c:	4b0c      	ldr	r3, [pc, #48]	; (50 <SysTick_Config+0x50>)
  1e:	687a      	ldr	r2, [r7, #4]
  20:	f102 32ff 	add.w	r2, r2, #4294967295
  24:	605a      	str	r2, [r3, #4]
C:\Users\gcristian\Desktop\F429\Drivers\src\platform\stm32libs\CMSIS\CM4F/core_cm4.h:1682
  NVIC_SetPriority (SysTick_IRQn, (1<<__NVIC_PRIO_BITS) - 1);  /* set Priority for Systick Interrupt */
  26:	f04f 30ff 	mov.w	r0, #4294967295
  2a:	f04f 010f 	mov.w	r1, #15
  2e:	f7ff fffe 	bl	0 <SysTick_Config>
C:\Users\gcristian\Desktop\F429\Drivers\src\platform\stm32libs\CMSIS\CM4F/core_cm4.h:1683
  SysTick->VAL   = 0;                                          /* Load the SysTick Counter Value */
  32:	4b07      	ldr	r3, [pc, #28]	; (50 <SysTick_Config+0x50>)
  34:	f04f 0200 	mov.w	r2, #0
  38:	609a      	str	r2, [r3, #8]
C:\Users\gcristian\Desktop\F429\Drivers\src\platform\stm32libs\CMSIS\CM4F/core_cm4.h:1684
  SysTick->CTRL  = SysTick_CTRL_CLKSOURCE_Msk |
  3a:	4b05      	ldr	r3, [pc, #20]	; (50 <SysTick_Config+0x50>)
  3c:	f04f 0207 	mov.w	r2, #7
  40:	601a      	str	r2, [r3, #0]
C:\Users\gcristian\Desktop\F429\Drivers\src\platform\stm32libs\CMSIS\CM4F/core_cm4.h:1687
                   SysTick_CTRL_TICKINT_Msk   |
                   SysTick_CTRL_ENABLE_Msk;                    /* Enable SysTick IRQ and SysTick Timer */
  return (0);                                                  /* Function successful */
  42:	f04f 0300 	mov.w	r3, #0
C:\Users\gcristian\Desktop\F429\Drivers\src\platform\stm32libs\CMSIS\CM4F/core_cm4.h:1688
}
  46:	4618      	mov	r0, r3
  48:	f107 0708 	add.w	r7, r7, #8
  4c:	46bd      	mov	sp, r7
  4e:	bd80      	pop	{r7, pc}
  50:	e000e010 	.word	0xe000e010

Disassembly of section .text.BoardInit:

00000000 <BoardInit>:
BoardInit():
C:\Users\gcristian\Desktop\F429\Drivers\src\platform\sx12xxEiger/sx12xxEiger.c:62
#else

#endif

void BoardInit( void )
{
   0:	b580      	push	{r7, lr}
   2:	b084      	sub	sp, #16
   4:	af02      	add	r7, sp, #8
C:\Users\gcristian\Desktop\F429\Drivers\src\platform\sx12xxEiger/sx12xxEiger.c:66
    uint8_t i;

    /* Setup SysTick Timer for 1 us interrupts ( not too often to save power ) */
    if( SysTick_Config( SystemCoreClock / 1000 ) )
   6:	4b1e      	ldr	r3, [pc, #120]	; (80 <BoardInit+0x80>)
   8:	681a      	ldr	r2, [r3, #0]
   a:	4b1e      	ldr	r3, [pc, #120]	; (84 <BoardInit+0x84>)
   c:	fba3 1302 	umull	r1, r3, r3, r2
  10:	ea4f 1393 	mov.w	r3, r3, lsr #6
  14:	4618      	mov	r0, r3
  16:	f7ff fffe 	bl	0 <BoardInit>
  1a:	4603      	mov	r3, r0
  1c:	2b00      	cmp	r3, #0
  1e:	d000      	beq.n	22 <BoardInit+0x22>
C:\Users\gcristian\Desktop\F429\Drivers\src\platform\sx12xxEiger/sx12xxEiger.c:69
    { 
        /* Capture error */ 
        while (1);
  20:	e7fe      	b.n	20 <BoardInit+0x20>
C:\Users\gcristian\Desktop\F429\Drivers\src\platform\sx12xxEiger/sx12xxEiger.c:73
    }

    // Initialize SPI
    SpiInit( );
  22:	f7ff fffe 	bl	0 <SpiInit>
C:\Users\gcristian\Desktop\F429\Drivers\src\platform\sx12xxEiger/sx12xxEiger.c:76

    // Initialize I2C
    I2cInit( );
  26:	f7ff fffe 	bl	0 <I2cInit>
C:\Users\gcristian\Desktop\F429\Drivers\src\platform\sx12xxEiger/sx12xxEiger.c:79
    
    // Initialize IO expander
    IoeInit( );
  2a:	f7ff fffe 	bl	0 <IoeInit>
C:\Users\gcristian\Desktop\F429\Drivers\src\platform\sx12xxEiger/sx12xxEiger.c:82
    
    // Initialize LED
    for( i = 0; i < LED_NB; i++ )
  2e:	f04f 0300 	mov.w	r3, #0
  32:	71fb      	strb	r3, [r7, #7]
  34:	e007      	b.n	46 <BoardInit+0x46>
C:\Users\gcristian\Desktop\F429\Drivers\src\platform\sx12xxEiger/sx12xxEiger.c:84
    {
        LedInit( ( tLed )i );
  36:	79fb      	ldrb	r3, [r7, #7]
  38:	4618      	mov	r0, r3
  3a:	f7ff fffe 	bl	0 <LedInit>
C:\Users\gcristian\Desktop\F429\Drivers\src\platform\sx12xxEiger/sx12xxEiger.c:82
    
    // Initialize IO expander
    IoeInit( );
    
    // Initialize LED
    for( i = 0; i < LED_NB; i++ )
  3e:	79fb      	ldrb	r3, [r7, #7]
  40:	f103 0301 	add.w	r3, r3, #1
  44:	71fb      	strb	r3, [r7, #7]
  46:	79fb      	ldrb	r3, [r7, #7]
  48:	2b04      	cmp	r3, #4
  4a:	d9f4      	bls.n	36 <BoardInit+0x36>
C:\Users\gcristian\Desktop\F429\Drivers\src\platform\sx12xxEiger/sx12xxEiger.c:86
    {
        LedInit( ( tLed )i );
    }
    IoePinOn( LED_1_PIN );
  4c:	f04f 0010 	mov.w	r0, #16
  50:	f7ff fffe 	bl	0 <IoePinOn>
C:\Users\gcristian\Desktop\F429\Drivers\src\platform\sx12xxEiger/sx12xxEiger.c:87
    IoePinOn( LED_2_PIN );
  54:	f04f 0011 	mov.w	r0, #17
  58:	f7ff fffe 	bl	0 <IoePinOn>
C:\Users\gcristian\Desktop\F429\Drivers\src\platform\sx12xxEiger/sx12xxEiger.c:88
    IoePinOn( LED_3_PIN );
  5c:	f04f 0012 	mov.w	r0, #18
  60:	f7ff fffe 	bl	0 <IoePinOn>
C:\Users\gcristian\Desktop\F429\Drivers\src\platform\sx12xxEiger/sx12xxEiger.c:92
    
#if( defined( STM32F4XX ) || defined( STM32F2XX ) || defined( STM32F429_439xx ) )
    
    USBD_Init( &USB_OTG_dev,
  64:	4b08      	ldr	r3, [pc, #32]	; (88 <BoardInit+0x88>)
  66:	9300      	str	r3, [sp, #0]
  68:	4808      	ldr	r0, [pc, #32]	; (8c <BoardInit+0x8c>)
  6a:	f04f 0100 	mov.w	r1, #0
  6e:	4a08      	ldr	r2, [pc, #32]	; (90 <BoardInit+0x90>)
  70:	4b08      	ldr	r3, [pc, #32]	; (94 <BoardInit+0x94>)
  72:	f7ff fffe 	bl	0 <USBD_Init>
C:\Users\gcristian\Desktop\F429\Drivers\src\platform\sx12xxEiger/sx12xxEiger.c:111

        USB_Interrupts_Config( );
        Set_USBClock( );
        USB_Init( );
#endif
}
  76:	f107 0708 	add.w	r7, r7, #8
  7a:	46bd      	mov	sp, r7
  7c:	bd80      	pop	{r7, pc}
  7e:	bf00      	nop
  80:	00000000 	.word	0x00000000
  84:	10624dd3 	.word	0x10624dd3
	...

Disassembly of section .text.Delay:

00000000 <Delay>:
Delay():
C:\Users\gcristian\Desktop\F429\Drivers\src\platform\sx12xxEiger/sx12xxEiger.c:114

void Delay ( uint32_t delay )
{
   0:	b085b480 	.word	0xb085b480
   4:	af00      	add	r7, sp, #0
   6:	6078      	str	r0, [r7, #4]
C:\Users\gcristian\Desktop\F429\Drivers\src\platform\sx12xxEiger/sx12xxEiger.c:116
    // Wait delay ms
    uint32_t startTick = TickCounter;
   8:	4b07      	ldr	r3, [pc, #28]	; (28 <Delay+0x28>)
   a:	681b      	ldr	r3, [r3, #0]
   c:	60fb      	str	r3, [r7, #12]
C:\Users\gcristian\Desktop\F429\Drivers\src\platform\sx12xxEiger/sx12xxEiger.c:117
    while( ( TickCounter - startTick ) < delay );   
   e:	bf00      	nop
  10:	4b05      	ldr	r3, [pc, #20]	; (28 <Delay+0x28>)
  12:	681a      	ldr	r2, [r3, #0]
  14:	68fb      	ldr	r3, [r7, #12]
  16:	1ad2      	subs	r2, r2, r3
  18:	687b      	ldr	r3, [r7, #4]
  1a:	429a      	cmp	r2, r3
  1c:	d3f8      	bcc.n	10 <Delay+0x10>
C:\Users\gcristian\Desktop\F429\Drivers\src\platform\sx12xxEiger/sx12xxEiger.c:118
}
  1e:	f107 0714 	add.w	r7, r7, #20
  22:	46bd      	mov	sp, r7
  24:	bc80      	pop	{r7}
  26:	4770      	bx	lr
  28:	00000000 	.word	0x00000000

Disassembly of section .text.LongDelay:

00000000 <LongDelay>:
LongDelay():
C:\Users\gcristian\Desktop\F429\Drivers\src\platform\sx12xxEiger/sx12xxEiger.c:121

void LongDelay ( uint8_t delay )
{
   0:	b480      	push	{r7}
   2:	b085      	sub	sp, #20
   4:	af00      	add	r7, sp, #0
   6:	4603      	mov	r3, r0
   8:	71fb      	strb	r3, [r7, #7]
C:\Users\gcristian\Desktop\F429\Drivers\src\platform\sx12xxEiger/sx12xxEiger.c:125
    uint32_t longDelay;
    uint32_t startTick;

    longDelay = delay * 1000;
   a:	79fb      	ldrb	r3, [r7, #7]
   c:	f44f 727a 	mov.w	r2, #1000	; 0x3e8
  10:	fb02 f303 	mul.w	r3, r2, r3
  14:	60fb      	str	r3, [r7, #12]
C:\Users\gcristian\Desktop\F429\Drivers\src\platform\sx12xxEiger/sx12xxEiger.c:128

    // Wait delay s
    startTick = TickCounter;
  16:	4b08      	ldr	r3, [pc, #32]	; (38 <LongDelay+0x38>)
  18:	681b      	ldr	r3, [r3, #0]
  1a:	60bb      	str	r3, [r7, #8]
C:\Users\gcristian\Desktop\F429\Drivers\src\platform\sx12xxEiger/sx12xxEiger.c:129
    while( ( TickCounter - startTick ) < longDelay );   
  1c:	bf00      	nop
  1e:	4b06      	ldr	r3, [pc, #24]	; (38 <LongDelay+0x38>)
  20:	681a      	ldr	r2, [r3, #0]
  22:	68bb      	ldr	r3, [r7, #8]
  24:	1ad2      	subs	r2, r2, r3
  26:	68fb      	ldr	r3, [r7, #12]
  28:	429a      	cmp	r2, r3
  2a:	d3f8      	bcc.n	1e <LongDelay+0x1e>
C:\Users\gcristian\Desktop\F429\Drivers\src\platform\sx12xxEiger/sx12xxEiger.c:130
}
  2c:	f107 0714 	add.w	r7, r7, #20
  30:	46bd      	mov	sp, r7
  32:	bc80      	pop	{r7}
  34:	4770      	bx	lr
  36:	bf00      	nop
  38:	00000000 	.word	0x00000000
