
C:\Users\gcristian\Desktop\F429\Drivers\obj\usbd_cdc_core.o:     file format elf32-littlearm
C:\Users\gcristian\Desktop\F429\Drivers\obj\usbd_cdc_core.o


Disassembly of section .text.usbd_cdc_Init:

00000000 <usbd_cdc_Init>:
usbd_cdc_Init():
C:\Users\gcristian\Desktop\F429\Drivers\src\platform\stm32libs\STM32_USB_Device_Library\Class\cdc\src/usbd_cdc_core.c:431
  * @param  cfgidx: Configuration index
  * @retval status
  */
static uint8_t  usbd_cdc_Init (void  *pdev, 
                               uint8_t cfgidx)
{
   0:	b580      	push	{r7, lr}
   2:	b084      	sub	sp, #16
   4:	af00      	add	r7, sp, #0
   6:	6078      	str	r0, [r7, #4]
   8:	460b      	mov	r3, r1
   a:	70fb      	strb	r3, [r7, #3]
C:\Users\gcristian\Desktop\F429\Drivers\src\platform\stm32libs\STM32_USB_Device_Library\Class\cdc\src/usbd_cdc_core.c:435
  uint8_t *pbuf;

  /* Open EP IN */
  DCD_EP_Open(pdev,
   c:	687b      	ldr	r3, [r7, #4]
   e:	4618      	mov	r0, r3
  10:	f04f 0181 	mov.w	r1, #129	; 0x81
  14:	f44f 7200 	mov.w	r2, #512	; 0x200
  18:	f04f 0302 	mov.w	r3, #2
  1c:	f7ff fffe 	bl	0 <DCD_EP_Open>
C:\Users\gcristian\Desktop\F429\Drivers\src\platform\stm32libs\STM32_USB_Device_Library\Class\cdc\src/usbd_cdc_core.c:441
              CDC_IN_EP,
              CDC_DATA_IN_PACKET_SIZE,
              USB_OTG_EP_BULK);
  
  /* Open EP OUT */
  DCD_EP_Open(pdev,
  20:	687b      	ldr	r3, [r7, #4]
  22:	4618      	mov	r0, r3
  24:	f04f 0101 	mov.w	r1, #1
  28:	f44f 7200 	mov.w	r2, #512	; 0x200
  2c:	f04f 0302 	mov.w	r3, #2
  30:	f7ff fffe 	bl	0 <DCD_EP_Open>
C:\Users\gcristian\Desktop\F429\Drivers\src\platform\stm32libs\STM32_USB_Device_Library\Class\cdc\src/usbd_cdc_core.c:447
              CDC_OUT_EP,
              CDC_DATA_OUT_PACKET_SIZE,
              USB_OTG_EP_BULK);
  
  /* Open Command IN EP */
  DCD_EP_Open(pdev,
  34:	687b      	ldr	r3, [r7, #4]
  36:	4618      	mov	r0, r3
  38:	f04f 0182 	mov.w	r1, #130	; 0x82
  3c:	f04f 0208 	mov.w	r2, #8
  40:	f04f 0303 	mov.w	r3, #3
  44:	f7ff fffe 	bl	0 <DCD_EP_Open>
C:\Users\gcristian\Desktop\F429\Drivers\src\platform\stm32libs\STM32_USB_Device_Library\Class\cdc\src/usbd_cdc_core.c:452
              CDC_CMD_EP,
              CDC_CMD_PACKET_SZE,
              USB_OTG_EP_INT);
  
  pbuf = (uint8_t *)USBD_DeviceDesc;
  48:	4b10      	ldr	r3, [pc, #64]	; (8c <usbd_cdc_Init+0x8c>)
  4a:	60fb      	str	r3, [r7, #12]
C:\Users\gcristian\Desktop\F429\Drivers\src\platform\stm32libs\STM32_USB_Device_Library\Class\cdc\src/usbd_cdc_core.c:453
  pbuf[4] = DEVICE_CLASS_CDC;
  4c:	68fb      	ldr	r3, [r7, #12]
  4e:	f103 0304 	add.w	r3, r3, #4
  52:	f04f 0202 	mov.w	r2, #2
  56:	701a      	strb	r2, [r3, #0]
C:\Users\gcristian\Desktop\F429\Drivers\src\platform\stm32libs\STM32_USB_Device_Library\Class\cdc\src/usbd_cdc_core.c:454
  pbuf[5] = DEVICE_SUBCLASS_CDC;
  58:	68fb      	ldr	r3, [r7, #12]
  5a:	f103 0305 	add.w	r3, r3, #5
  5e:	f04f 0200 	mov.w	r2, #0
  62:	701a      	strb	r2, [r3, #0]
C:\Users\gcristian\Desktop\F429\Drivers\src\platform\stm32libs\STM32_USB_Device_Library\Class\cdc\src/usbd_cdc_core.c:457
  
  /* Initialize the Interface physical components */
  APP_FOPS.pIf_Init();
  64:	4b0a      	ldr	r3, [pc, #40]	; (90 <usbd_cdc_Init+0x90>)
  66:	681b      	ldr	r3, [r3, #0]
  68:	4798      	blx	r3
C:\Users\gcristian\Desktop\F429\Drivers\src\platform\stm32libs\STM32_USB_Device_Library\Class\cdc\src/usbd_cdc_core.c:460

  /* Prepare Out endpoint to receive next packet */
  DCD_EP_PrepareRx(pdev,
  6a:	687b      	ldr	r3, [r7, #4]
  6c:	4618      	mov	r0, r3
  6e:	f04f 0101 	mov.w	r1, #1
  72:	4a08      	ldr	r2, [pc, #32]	; (94 <usbd_cdc_Init+0x94>)
  74:	f44f 7300 	mov.w	r3, #512	; 0x200
  78:	f7ff fffe 	bl	0 <DCD_EP_PrepareRx>
C:\Users\gcristian\Desktop\F429\Drivers\src\platform\stm32libs\STM32_USB_Device_Library\Class\cdc\src/usbd_cdc_core.c:465
                   CDC_OUT_EP,
                   (uint8_t*)(USB_Rx_Buffer),
                   CDC_DATA_OUT_PACKET_SIZE);
  
  return USBD_OK;
  7c:	f04f 0300 	mov.w	r3, #0
C:\Users\gcristian\Desktop\F429\Drivers\src\platform\stm32libs\STM32_USB_Device_Library\Class\cdc\src/usbd_cdc_core.c:466
}
  80:	4618      	mov	r0, r3
  82:	f107 0710 	add.w	r7, r7, #16
  86:	46bd      	mov	sp, r7
  88:	bd80      	pop	{r7, pc}
  8a:	bf00      	nop
	...

Disassembly of section .text.usbd_cdc_DeInit:

00000000 <usbd_cdc_DeInit>:
usbd_cdc_DeInit():
C:\Users\gcristian\Desktop\F429\Drivers\src\platform\stm32libs\STM32_USB_Device_Library\Class\cdc\src/usbd_cdc_core.c:477
  * @param  cfgidx: Configuration index
  * @retval status
  */
static uint8_t  usbd_cdc_DeInit (void  *pdev, 
                                 uint8_t cfgidx)
{
   0:	b580      	push	{r7, lr}
   2:	b082      	sub	sp, #8
   4:	af00      	add	r7, sp, #0
   6:	6078      	str	r0, [r7, #4]
   8:	460b      	mov	r3, r1
   a:	70fb      	strb	r3, [r7, #3]
C:\Users\gcristian\Desktop\F429\Drivers\src\platform\stm32libs\STM32_USB_Device_Library\Class\cdc\src/usbd_cdc_core.c:479
  /* Open EP IN */
  DCD_EP_Close(pdev,
   c:	687b      	ldr	r3, [r7, #4]
   e:	4618      	mov	r0, r3
  10:	f04f 0181 	mov.w	r1, #129	; 0x81
  14:	f7ff fffe 	bl	0 <DCD_EP_Close>
C:\Users\gcristian\Desktop\F429\Drivers\src\platform\stm32libs\STM32_USB_Device_Library\Class\cdc\src/usbd_cdc_core.c:483
              CDC_IN_EP);
  
  /* Open EP OUT */
  DCD_EP_Close(pdev,
  18:	687b      	ldr	r3, [r7, #4]
  1a:	4618      	mov	r0, r3
  1c:	f04f 0101 	mov.w	r1, #1
  20:	f7ff fffe 	bl	0 <DCD_EP_Close>
C:\Users\gcristian\Desktop\F429\Drivers\src\platform\stm32libs\STM32_USB_Device_Library\Class\cdc\src/usbd_cdc_core.c:487
              CDC_OUT_EP);
  
  /* Open Command IN EP */
  DCD_EP_Close(pdev,
  24:	687b      	ldr	r3, [r7, #4]
  26:	4618      	mov	r0, r3
  28:	f04f 0182 	mov.w	r1, #130	; 0x82
  2c:	f7ff fffe 	bl	0 <DCD_EP_Close>
C:\Users\gcristian\Desktop\F429\Drivers\src\platform\stm32libs\STM32_USB_Device_Library\Class\cdc\src/usbd_cdc_core.c:491
              CDC_CMD_EP);

  /* Restore default state of the Interface physical components */
  APP_FOPS.pIf_DeInit();
  30:	4b04      	ldr	r3, [pc, #16]	; (44 <usbd_cdc_DeInit+0x44>)
  32:	685b      	ldr	r3, [r3, #4]
  34:	4798      	blx	r3
C:\Users\gcristian\Desktop\F429\Drivers\src\platform\stm32libs\STM32_USB_Device_Library\Class\cdc\src/usbd_cdc_core.c:493
  
  return USBD_OK;
  36:	f04f 0300 	mov.w	r3, #0
C:\Users\gcristian\Desktop\F429\Drivers\src\platform\stm32libs\STM32_USB_Device_Library\Class\cdc\src/usbd_cdc_core.c:494
}
  3a:	4618      	mov	r0, r3
  3c:	f107 0708 	add.w	r7, r7, #8
  40:	46bd      	mov	sp, r7
  42:	bd80      	pop	{r7, pc}
  44:	00000000 	.word	0x00000000

Disassembly of section .text.usbd_cdc_Setup:

00000000 <usbd_cdc_Setup>:
usbd_cdc_Setup():
C:\Users\gcristian\Desktop\F429\Drivers\src\platform\stm32libs\STM32_USB_Device_Library\Class\cdc\src/usbd_cdc_core.c:505
  * @param  req: usb requests
  * @retval status
  */
static uint8_t  usbd_cdc_Setup (void  *pdev, 
                                USB_SETUP_REQ *req)
{
   0:	b580      	push	{r7, lr}
   2:	b084      	sub	sp, #16
   4:	af00      	add	r7, sp, #0
   6:	6078      	str	r0, [r7, #4]
   8:	6039      	str	r1, [r7, #0]
C:\Users\gcristian\Desktop\F429\Drivers\src\platform\stm32libs\STM32_USB_Device_Library\Class\cdc\src/usbd_cdc_core.c:506
  uint16_t len=USB_CDC_DESC_SIZ;
   a:	f04f 033a 	mov.w	r3, #58	; 0x3a
   e:	81fb      	strh	r3, [r7, #14]
C:\Users\gcristian\Desktop\F429\Drivers\src\platform\stm32libs\STM32_USB_Device_Library\Class\cdc\src/usbd_cdc_core.c:507
  uint8_t  *pbuf=usbd_cdc_CfgDesc + 9;
  10:	4b47      	ldr	r3, [pc, #284]	; (130 <usbd_cdc_Setup+0x130>)
  12:	60bb      	str	r3, [r7, #8]
C:\Users\gcristian\Desktop\F429\Drivers\src\platform\stm32libs\STM32_USB_Device_Library\Class\cdc\src/usbd_cdc_core.c:509
  
  switch (req->bmRequest & USB_REQ_TYPE_MASK)
  14:	683b      	ldr	r3, [r7, #0]
  16:	781b      	ldrb	r3, [r3, #0]
  18:	f003 0360 	and.w	r3, r3, #96	; 0x60
  1c:	2b00      	cmp	r3, #0
  1e:	d046      	beq.n	ae <usbd_cdc_Setup+0xae>
  20:	2b20      	cmp	r3, #32
  22:	d13c      	bne.n	9e <usbd_cdc_Setup+0x9e>
C:\Users\gcristian\Desktop\F429\Drivers\src\platform\stm32libs\STM32_USB_Device_Library\Class\cdc\src/usbd_cdc_core.c:514
  {
    /* CDC Class Requests -------------------------------*/
  case USB_REQ_TYPE_CLASS :
      /* Check if the request is a data setup packet */
      if (req->wLength)
  24:	683b      	ldr	r3, [r7, #0]
  26:	88db      	ldrh	r3, [r3, #6]
  28:	2b00      	cmp	r3, #0
  2a:	d02b      	beq.n	84 <usbd_cdc_Setup+0x84>
C:\Users\gcristian\Desktop\F429\Drivers\src\platform\stm32libs\STM32_USB_Device_Library\Class\cdc\src/usbd_cdc_core.c:517
      {
        /* Check if the request is Device-to-Host */
        if (req->bmRequest & 0x80)
  2c:	683b      	ldr	r3, [r7, #0]
  2e:	781b      	ldrb	r3, [r3, #0]
  30:	b2db      	uxtb	r3, r3
  32:	b25b      	sxtb	r3, r3
  34:	2b00      	cmp	r3, #0
  36:	da12      	bge.n	5e <usbd_cdc_Setup+0x5e>
C:\Users\gcristian\Desktop\F429\Drivers\src\platform\stm32libs\STM32_USB_Device_Library\Class\cdc\src/usbd_cdc_core.c:520
        {
          /* Get the data to be sent to Host from interface layer */
          APP_FOPS.pIf_Ctrl(req->bRequest, CmdBuff, req->wLength);
  38:	4b3e      	ldr	r3, [pc, #248]	; (134 <usbd_cdc_Setup+0x134>)
  3a:	689b      	ldr	r3, [r3, #8]
  3c:	683a      	ldr	r2, [r7, #0]
  3e:	7852      	ldrb	r2, [r2, #1]
  40:	4611      	mov	r1, r2
  42:	683a      	ldr	r2, [r7, #0]
  44:	88d2      	ldrh	r2, [r2, #6]
  46:	4608      	mov	r0, r1
  48:	493b      	ldr	r1, [pc, #236]	; (138 <usbd_cdc_Setup+0x138>)
  4a:	4798      	blx	r3
C:\Users\gcristian\Desktop\F429\Drivers\src\platform\stm32libs\STM32_USB_Device_Library\Class\cdc\src/usbd_cdc_core.c:523
          
          /* Send the data to the host */
          USBD_CtlSendData (pdev, 
  4c:	687a      	ldr	r2, [r7, #4]
C:\Users\gcristian\Desktop\F429\Drivers\src\platform\stm32libs\STM32_USB_Device_Library\Class\cdc\src/usbd_cdc_core.c:525
                            CmdBuff,
                            req->wLength);          
  4e:	683b      	ldr	r3, [r7, #0]
C:\Users\gcristian\Desktop\F429\Drivers\src\platform\stm32libs\STM32_USB_Device_Library\Class\cdc\src/usbd_cdc_core.c:523
        {
          /* Get the data to be sent to Host from interface layer */
          APP_FOPS.pIf_Ctrl(req->bRequest, CmdBuff, req->wLength);
          
          /* Send the data to the host */
          USBD_CtlSendData (pdev, 
  50:	88db      	ldrh	r3, [r3, #6]
  52:	4610      	mov	r0, r2
  54:	4938      	ldr	r1, [pc, #224]	; (138 <usbd_cdc_Setup+0x138>)
  56:	461a      	mov	r2, r3
  58:	f7ff fffe 	bl	0 <USBD_CtlSendData>
  5c:	e01c      	b.n	98 <usbd_cdc_Setup+0x98>
C:\Users\gcristian\Desktop\F429\Drivers\src\platform\stm32libs\STM32_USB_Device_Library\Class\cdc\src/usbd_cdc_core.c:530
                            req->wLength);          
        }
        else /* Host-to-Device requeset */
        {
          /* Set the value of the current command to be processed */
          cdcCmd = req->bRequest;
  5e:	683b      	ldr	r3, [r7, #0]
  60:	785b      	ldrb	r3, [r3, #1]
  62:	461a      	mov	r2, r3
  64:	4b35      	ldr	r3, [pc, #212]	; (13c <usbd_cdc_Setup+0x13c>)
  66:	601a      	str	r2, [r3, #0]
C:\Users\gcristian\Desktop\F429\Drivers\src\platform\stm32libs\STM32_USB_Device_Library\Class\cdc\src/usbd_cdc_core.c:531
          cdcLen = req->wLength;
  68:	683b      	ldr	r3, [r7, #0]
  6a:	88db      	ldrh	r3, [r3, #6]
  6c:	461a      	mov	r2, r3
  6e:	4b34      	ldr	r3, [pc, #208]	; (140 <usbd_cdc_Setup+0x140>)
  70:	601a      	str	r2, [r3, #0]
C:\Users\gcristian\Desktop\F429\Drivers\src\platform\stm32libs\STM32_USB_Device_Library\Class\cdc\src/usbd_cdc_core.c:536
          
          /* Prepare the reception of the buffer over EP0
          Next step: the received data will be managed in usbd_cdc_EP0_TxSent() 
          function. */
          USBD_CtlPrepareRx (pdev,
  72:	687a      	ldr	r2, [r7, #4]
C:\Users\gcristian\Desktop\F429\Drivers\src\platform\stm32libs\STM32_USB_Device_Library\Class\cdc\src/usbd_cdc_core.c:538
                             CmdBuff,
                             req->wLength);          
  74:	683b      	ldr	r3, [r7, #0]
C:\Users\gcristian\Desktop\F429\Drivers\src\platform\stm32libs\STM32_USB_Device_Library\Class\cdc\src/usbd_cdc_core.c:536
          cdcLen = req->wLength;
          
          /* Prepare the reception of the buffer over EP0
          Next step: the received data will be managed in usbd_cdc_EP0_TxSent() 
          function. */
          USBD_CtlPrepareRx (pdev,
  76:	88db      	ldrh	r3, [r3, #6]
  78:	4610      	mov	r0, r2
  7a:	492f      	ldr	r1, [pc, #188]	; (138 <usbd_cdc_Setup+0x138>)
  7c:	461a      	mov	r2, r3
  7e:	f7ff fffe 	bl	0 <USBD_CtlPrepareRx>
  82:	e009      	b.n	98 <usbd_cdc_Setup+0x98>
C:\Users\gcristian\Desktop\F429\Drivers\src\platform\stm32libs\STM32_USB_Device_Library\Class\cdc\src/usbd_cdc_core.c:544
        }
      }
      else /* No Data request */
      {
        /* Transfer the command to the interface layer */
        APP_FOPS.pIf_Ctrl(req->bRequest, NULL, 0);
  84:	4b2b      	ldr	r3, [pc, #172]	; (134 <usbd_cdc_Setup+0x134>)
  86:	689b      	ldr	r3, [r3, #8]
  88:	683a      	ldr	r2, [r7, #0]
  8a:	7852      	ldrb	r2, [r2, #1]
  8c:	4610      	mov	r0, r2
  8e:	f04f 0100 	mov.w	r1, #0
  92:	f04f 0200 	mov.w	r2, #0
  96:	4798      	blx	r3
C:\Users\gcristian\Desktop\F429\Drivers\src\platform\stm32libs\STM32_USB_Device_Library\Class\cdc\src/usbd_cdc_core.c:547
      }
      
      return USBD_OK;
  98:	f04f 0300 	mov.w	r3, #0
  9c:	e043      	b.n	126 <usbd_cdc_Setup+0x126>
C:\Users\gcristian\Desktop\F429\Drivers\src\platform\stm32libs\STM32_USB_Device_Library\Class\cdc\src/usbd_cdc_core.c:550
      
    default:
      USBD_CtlError (pdev, req);
  9e:	687b      	ldr	r3, [r7, #4]
  a0:	4618      	mov	r0, r3
  a2:	6839      	ldr	r1, [r7, #0]
  a4:	f7ff fffe 	bl	0 <USBD_CtlError>
C:\Users\gcristian\Desktop\F429\Drivers\src\platform\stm32libs\STM32_USB_Device_Library\Class\cdc\src/usbd_cdc_core.c:551
      return USBD_FAIL;
  a8:	f04f 0302 	mov.w	r3, #2
  ac:	e03b      	b.n	126 <usbd_cdc_Setup+0x126>
C:\Users\gcristian\Desktop\F429\Drivers\src\platform\stm32libs\STM32_USB_Device_Library\Class\cdc\src/usbd_cdc_core.c:557
    
      
      
    /* Standard Requests -------------------------------*/
  case USB_REQ_TYPE_STANDARD:
    switch (req->bRequest)
  ae:	683b      	ldr	r3, [r7, #0]
  b0:	785b      	ldrb	r3, [r3, #1]
  b2:	2b0a      	cmp	r3, #10
  b4:	d01a      	beq.n	ec <usbd_cdc_Setup+0xec>
  b6:	2b0b      	cmp	r3, #11
  b8:	d021      	beq.n	fe <usbd_cdc_Setup+0xfe>
  ba:	2b06      	cmp	r3, #6
  bc:	d131      	bne.n	122 <usbd_cdc_Setup+0x122>
C:\Users\gcristian\Desktop\F429\Drivers\src\platform\stm32libs\STM32_USB_Device_Library\Class\cdc\src/usbd_cdc_core.c:560
    {
    case USB_REQ_GET_DESCRIPTOR: 
      if( (req->wValue >> 8) == CDC_DESCRIPTOR_TYPE)
  be:	683b      	ldr	r3, [r7, #0]
  c0:	885b      	ldrh	r3, [r3, #2]
  c2:	ea4f 2313 	mov.w	r3, r3, lsr #8
  c6:	b29b      	uxth	r3, r3
  c8:	2b21      	cmp	r3, #33	; 0x21
  ca:	d107      	bne.n	dc <usbd_cdc_Setup+0xdc>
C:\Users\gcristian\Desktop\F429\Drivers\src\platform\stm32libs\STM32_USB_Device_Library\Class\cdc\src/usbd_cdc_core.c:565
      {
#ifdef USB_OTG_HS_INTERNAL_DMA_ENABLED
        pbuf = usbd_cdc_Desc;   
#else
        pbuf = usbd_cdc_CfgDesc + 9 + (9 * USBD_ITF_MAX_NUM);
  cc:	4b1d      	ldr	r3, [pc, #116]	; (144 <usbd_cdc_Setup+0x144>)
  ce:	60bb      	str	r3, [r7, #8]
C:\Users\gcristian\Desktop\F429\Drivers\src\platform\stm32libs\STM32_USB_Device_Library\Class\cdc\src/usbd_cdc_core.c:567
#endif 
        len = MIN(USB_CDC_DESC_SIZ , req->wLength);
  d0:	683b      	ldr	r3, [r7, #0]
  d2:	88db      	ldrh	r3, [r3, #6]
  d4:	2b3a      	cmp	r3, #58	; 0x3a
  d6:	bf28      	it	cs
  d8:	233a      	movcs	r3, #58	; 0x3a
  da:	81fb      	strh	r3, [r7, #14]
C:\Users\gcristian\Desktop\F429\Drivers\src\platform\stm32libs\STM32_USB_Device_Library\Class\cdc\src/usbd_cdc_core.c:570
      }
      
      USBD_CtlSendData (pdev, 
  dc:	687a      	ldr	r2, [r7, #4]
  de:	89fb      	ldrh	r3, [r7, #14]
  e0:	4610      	mov	r0, r2
  e2:	68b9      	ldr	r1, [r7, #8]
  e4:	461a      	mov	r2, r3
  e6:	f7ff fffe 	bl	0 <USBD_CtlSendData>
C:\Users\gcristian\Desktop\F429\Drivers\src\platform\stm32libs\STM32_USB_Device_Library\Class\cdc\src/usbd_cdc_core.c:573
                        pbuf,
                        len);
      break;
  ea:	e01a      	b.n	122 <usbd_cdc_Setup+0x122>
C:\Users\gcristian\Desktop\F429\Drivers\src\platform\stm32libs\STM32_USB_Device_Library\Class\cdc\src/usbd_cdc_core.c:576
      
    case USB_REQ_GET_INTERFACE :
      USBD_CtlSendData (pdev,
  ec:	687a      	ldr	r2, [r7, #4]
  ee:	4b16      	ldr	r3, [pc, #88]	; (148 <usbd_cdc_Setup+0x148>)
  f0:	4610      	mov	r0, r2
  f2:	4619      	mov	r1, r3
  f4:	f04f 0201 	mov.w	r2, #1
  f8:	f7ff fffe 	bl	0 <USBD_CtlSendData>
C:\Users\gcristian\Desktop\F429\Drivers\src\platform\stm32libs\STM32_USB_Device_Library\Class\cdc\src/usbd_cdc_core.c:579
                        (uint8_t *)&usbd_cdc_AltSet,
                        1);
      break;
  fc:	e011      	b.n	122 <usbd_cdc_Setup+0x122>
C:\Users\gcristian\Desktop\F429\Drivers\src\platform\stm32libs\STM32_USB_Device_Library\Class\cdc\src/usbd_cdc_core.c:582
      
    case USB_REQ_SET_INTERFACE :
      if ((uint8_t)(req->wValue) < USBD_ITF_MAX_NUM)
  fe:	683b      	ldr	r3, [r7, #0]
 100:	885b      	ldrh	r3, [r3, #2]
 102:	b2db      	uxtb	r3, r3
 104:	2b00      	cmp	r3, #0
 106:	d106      	bne.n	116 <usbd_cdc_Setup+0x116>
C:\Users\gcristian\Desktop\F429\Drivers\src\platform\stm32libs\STM32_USB_Device_Library\Class\cdc\src/usbd_cdc_core.c:584
      {
        usbd_cdc_AltSet = (uint8_t)(req->wValue);
 108:	683b      	ldr	r3, [r7, #0]
 10a:	885b      	ldrh	r3, [r3, #2]
 10c:	b2db      	uxtb	r3, r3
 10e:	461a      	mov	r2, r3
 110:	4b0d      	ldr	r3, [pc, #52]	; (148 <usbd_cdc_Setup+0x148>)
 112:	601a      	str	r2, [r3, #0]
C:\Users\gcristian\Desktop\F429\Drivers\src\platform\stm32libs\STM32_USB_Device_Library\Class\cdc\src/usbd_cdc_core.c:591
      else
      {
        /* Call the error management function (command will be nacked */
        USBD_CtlError (pdev, req);
      }
      break;
 114:	e005      	b.n	122 <usbd_cdc_Setup+0x122>
C:\Users\gcristian\Desktop\F429\Drivers\src\platform\stm32libs\STM32_USB_Device_Library\Class\cdc\src/usbd_cdc_core.c:589
        usbd_cdc_AltSet = (uint8_t)(req->wValue);
      }
      else
      {
        /* Call the error management function (command will be nacked */
        USBD_CtlError (pdev, req);
 116:	687b      	ldr	r3, [r7, #4]
 118:	4618      	mov	r0, r3
 11a:	6839      	ldr	r1, [r7, #0]
 11c:	f7ff fffe 	bl	0 <USBD_CtlError>
C:\Users\gcristian\Desktop\F429\Drivers\src\platform\stm32libs\STM32_USB_Device_Library\Class\cdc\src/usbd_cdc_core.c:591
      }
      break;
 120:	bf00      	nop
C:\Users\gcristian\Desktop\F429\Drivers\src\platform\stm32libs\STM32_USB_Device_Library\Class\cdc\src/usbd_cdc_core.c:594
    }
  }
  return USBD_OK;
 122:	f04f 0300 	mov.w	r3, #0
C:\Users\gcristian\Desktop\F429\Drivers\src\platform\stm32libs\STM32_USB_Device_Library\Class\cdc\src/usbd_cdc_core.c:595
}
 126:	4618      	mov	r0, r3
 128:	f107 0710 	add.w	r7, r7, #16
 12c:	46bd      	mov	sp, r7
 12e:	bd80      	pop	{r7, pc}
 130:	00000009 	.word	0x00000009
	...
 13c:	00000088 	.word	0x00000088
 140:	00000014 	.word	0x00000014
 144:	00000012 	.word	0x00000012
 148:	00000000 	.word	0x00000000

Disassembly of section .text.usbd_cdc_EP0_RxReady:

00000000 <usbd_cdc_EP0_RxReady>:
usbd_cdc_EP0_RxReady():
C:\Users\gcristian\Desktop\F429\Drivers\src\platform\stm32libs\STM32_USB_Device_Library\Class\cdc\src/usbd_cdc_core.c:604
  *         Data received on control endpoint
  * @param  pdev: device device instance
  * @retval status
  */
static uint8_t  usbd_cdc_EP0_RxReady (void  *pdev)
{ 
   0:	b082b580 	.word	0xb082b580
   4:	af00      	add	r7, sp, #0
   6:	6078      	str	r0, [r7, #4]
C:\Users\gcristian\Desktop\F429\Drivers\src\platform\stm32libs\STM32_USB_Device_Library\Class\cdc\src/usbd_cdc_core.c:605
  if (cdcCmd != NO_CMD)
   8:	4b0b      	ldr	r3, [pc, #44]	; (38 <usbd_cdc_EP0_RxReady+0x38>)
   a:	681b      	ldr	r3, [r3, #0]
   c:	2bff      	cmp	r3, #255	; 0xff
   e:	d00c      	beq.n	2a <usbd_cdc_EP0_RxReady+0x2a>
C:\Users\gcristian\Desktop\F429\Drivers\src\platform\stm32libs\STM32_USB_Device_Library\Class\cdc\src/usbd_cdc_core.c:608
  {
    /* Process the data */
    APP_FOPS.pIf_Ctrl(cdcCmd, CmdBuff, cdcLen);
  10:	4b0a      	ldr	r3, [pc, #40]	; (3c <usbd_cdc_EP0_RxReady+0x3c>)
  12:	689b      	ldr	r3, [r3, #8]
  14:	4a08      	ldr	r2, [pc, #32]	; (38 <usbd_cdc_EP0_RxReady+0x38>)
  16:	6811      	ldr	r1, [r2, #0]
  18:	4a09      	ldr	r2, [pc, #36]	; (40 <usbd_cdc_EP0_RxReady+0x40>)
  1a:	6812      	ldr	r2, [r2, #0]
  1c:	4608      	mov	r0, r1
  1e:	4909      	ldr	r1, [pc, #36]	; (44 <usbd_cdc_EP0_RxReady+0x44>)
  20:	4798      	blx	r3
C:\Users\gcristian\Desktop\F429\Drivers\src\platform\stm32libs\STM32_USB_Device_Library\Class\cdc\src/usbd_cdc_core.c:611
    
    /* Reset the command variable to default value */
    cdcCmd = NO_CMD;
  22:	4b05      	ldr	r3, [pc, #20]	; (38 <usbd_cdc_EP0_RxReady+0x38>)
  24:	f04f 02ff 	mov.w	r2, #255	; 0xff
  28:	601a      	str	r2, [r3, #0]
C:\Users\gcristian\Desktop\F429\Drivers\src\platform\stm32libs\STM32_USB_Device_Library\Class\cdc\src/usbd_cdc_core.c:614
  }
  
  return USBD_OK;
  2a:	f04f 0300 	mov.w	r3, #0
C:\Users\gcristian\Desktop\F429\Drivers\src\platform\stm32libs\STM32_USB_Device_Library\Class\cdc\src/usbd_cdc_core.c:615
}
  2e:	4618      	mov	r0, r3
  30:	f107 0708 	add.w	r7, r7, #8
  34:	46bd      	mov	sp, r7
  36:	bd80      	pop	{r7, pc}
  38:	00000088 	.word	0x00000088
  3c:	00000000 	.word	0x00000000
  40:	00000014 	.word	0x00000014
  44:	00000000 	.word	0x00000000

Disassembly of section .text.usbd_cdc_DataIn:

00000000 <usbd_cdc_DataIn>:
usbd_cdc_DataIn():
C:\Users\gcristian\Desktop\F429\Drivers\src\platform\stm32libs\STM32_USB_Device_Library\Class\cdc\src/usbd_cdc_core.c:625
  * @param  pdev: device instance
  * @param  epnum: endpoint number
  * @retval status
  */
static uint8_t  usbd_cdc_DataIn (void *pdev, uint8_t epnum)
{
   0:	b580      	push	{r7, lr}
   2:	b084      	sub	sp, #16
   4:	af00      	add	r7, sp, #0
   6:	6078      	str	r0, [r7, #4]
   8:	460b      	mov	r3, r1
   a:	70fb      	strb	r3, [r7, #3]
C:\Users\gcristian\Desktop\F429\Drivers\src\platform\stm32libs\STM32_USB_Device_Library\Class\cdc\src/usbd_cdc_core.c:629
  uint16_t USB_Tx_ptr;
  uint16_t USB_Tx_length;

  if (USB_Tx_State == 1)
   c:	4b23      	ldr	r3, [pc, #140]	; (9c <usbd_cdc_DataIn+0x9c>)
   e:	781b      	ldrb	r3, [r3, #0]
  10:	2b01      	cmp	r3, #1
  12:	d13b      	bne.n	8c <usbd_cdc_DataIn+0x8c>
C:\Users\gcristian\Desktop\F429\Drivers\src\platform\stm32libs\STM32_USB_Device_Library\Class\cdc\src/usbd_cdc_core.c:631
  {
    if (APP_Rx_length == 0) 
  14:	4b22      	ldr	r3, [pc, #136]	; (a0 <usbd_cdc_DataIn+0xa0>)
  16:	681b      	ldr	r3, [r3, #0]
  18:	2b00      	cmp	r3, #0
  1a:	d104      	bne.n	26 <usbd_cdc_DataIn+0x26>
C:\Users\gcristian\Desktop\F429\Drivers\src\platform\stm32libs\STM32_USB_Device_Library\Class\cdc\src/usbd_cdc_core.c:633
    {
      USB_Tx_State = 0;
  1c:	4b1f      	ldr	r3, [pc, #124]	; (9c <usbd_cdc_DataIn+0x9c>)
  1e:	f04f 0200 	mov.w	r2, #0
  22:	701a      	strb	r2, [r3, #0]
  24:	e032      	b.n	8c <usbd_cdc_DataIn+0x8c>
C:\Users\gcristian\Desktop\F429\Drivers\src\platform\stm32libs\STM32_USB_Device_Library\Class\cdc\src/usbd_cdc_core.c:637
    }
    else 
    {
      if (APP_Rx_length > CDC_DATA_IN_PACKET_SIZE){
  26:	4b1e      	ldr	r3, [pc, #120]	; (a0 <usbd_cdc_DataIn+0xa0>)
  28:	681b      	ldr	r3, [r3, #0]
  2a:	f5b3 7f00 	cmp.w	r3, #512	; 0x200
  2e:	d912      	bls.n	56 <usbd_cdc_DataIn+0x56>
C:\Users\gcristian\Desktop\F429\Drivers\src\platform\stm32libs\STM32_USB_Device_Library\Class\cdc\src/usbd_cdc_core.c:638
        USB_Tx_ptr = APP_Rx_ptr_out;
  30:	4b1c      	ldr	r3, [pc, #112]	; (a4 <usbd_cdc_DataIn+0xa4>)
  32:	681b      	ldr	r3, [r3, #0]
  34:	81fb      	strh	r3, [r7, #14]
C:\Users\gcristian\Desktop\F429\Drivers\src\platform\stm32libs\STM32_USB_Device_Library\Class\cdc\src/usbd_cdc_core.c:639
        USB_Tx_length = CDC_DATA_IN_PACKET_SIZE;
  36:	f44f 7300 	mov.w	r3, #512	; 0x200
  3a:	81bb      	strh	r3, [r7, #12]
C:\Users\gcristian\Desktop\F429\Drivers\src\platform\stm32libs\STM32_USB_Device_Library\Class\cdc\src/usbd_cdc_core.c:641
        
        APP_Rx_ptr_out += CDC_DATA_IN_PACKET_SIZE;
  3c:	4b19      	ldr	r3, [pc, #100]	; (a4 <usbd_cdc_DataIn+0xa4>)
  3e:	681b      	ldr	r3, [r3, #0]
  40:	f503 7200 	add.w	r2, r3, #512	; 0x200
  44:	4b17      	ldr	r3, [pc, #92]	; (a4 <usbd_cdc_DataIn+0xa4>)
  46:	601a      	str	r2, [r3, #0]
C:\Users\gcristian\Desktop\F429\Drivers\src\platform\stm32libs\STM32_USB_Device_Library\Class\cdc\src/usbd_cdc_core.c:642
        APP_Rx_length -= CDC_DATA_IN_PACKET_SIZE;    
  48:	4b15      	ldr	r3, [pc, #84]	; (a0 <usbd_cdc_DataIn+0xa0>)
  4a:	681b      	ldr	r3, [r3, #0]
  4c:	f5a3 7200 	sub.w	r2, r3, #512	; 0x200
  50:	4b13      	ldr	r3, [pc, #76]	; (a0 <usbd_cdc_DataIn+0xa0>)
  52:	601a      	str	r2, [r3, #0]
  54:	e010      	b.n	78 <usbd_cdc_DataIn+0x78>
C:\Users\gcristian\Desktop\F429\Drivers\src\platform\stm32libs\STM32_USB_Device_Library\Class\cdc\src/usbd_cdc_core.c:646
      }
      else 
      {
        USB_Tx_ptr = APP_Rx_ptr_out;
  56:	4b13      	ldr	r3, [pc, #76]	; (a4 <usbd_cdc_DataIn+0xa4>)
  58:	681b      	ldr	r3, [r3, #0]
  5a:	81fb      	strh	r3, [r7, #14]
C:\Users\gcristian\Desktop\F429\Drivers\src\platform\stm32libs\STM32_USB_Device_Library\Class\cdc\src/usbd_cdc_core.c:647
        USB_Tx_length = APP_Rx_length;
  5c:	4b10      	ldr	r3, [pc, #64]	; (a0 <usbd_cdc_DataIn+0xa0>)
  5e:	681b      	ldr	r3, [r3, #0]
  60:	81bb      	strh	r3, [r7, #12]
C:\Users\gcristian\Desktop\F429\Drivers\src\platform\stm32libs\STM32_USB_Device_Library\Class\cdc\src/usbd_cdc_core.c:649
        
        APP_Rx_ptr_out += APP_Rx_length;
  62:	4b10      	ldr	r3, [pc, #64]	; (a4 <usbd_cdc_DataIn+0xa4>)
  64:	681a      	ldr	r2, [r3, #0]
  66:	4b0e      	ldr	r3, [pc, #56]	; (a0 <usbd_cdc_DataIn+0xa0>)
  68:	681b      	ldr	r3, [r3, #0]
  6a:	18d2      	adds	r2, r2, r3
  6c:	4b0d      	ldr	r3, [pc, #52]	; (a4 <usbd_cdc_DataIn+0xa4>)
  6e:	601a      	str	r2, [r3, #0]
C:\Users\gcristian\Desktop\F429\Drivers\src\platform\stm32libs\STM32_USB_Device_Library\Class\cdc\src/usbd_cdc_core.c:650
        APP_Rx_length = 0;
  70:	4b0b      	ldr	r3, [pc, #44]	; (a0 <usbd_cdc_DataIn+0xa0>)
  72:	f04f 0200 	mov.w	r2, #0
  76:	601a      	str	r2, [r3, #0]
C:\Users\gcristian\Desktop\F429\Drivers\src\platform\stm32libs\STM32_USB_Device_Library\Class\cdc\src/usbd_cdc_core.c:654
      }
      
      /* Prepare the available data buffer to be sent on IN endpoint */
      DCD_EP_Tx (pdev,
  78:	6879      	ldr	r1, [r7, #4]
  7a:	89fa      	ldrh	r2, [r7, #14]
  7c:	4b0a      	ldr	r3, [pc, #40]	; (a8 <usbd_cdc_DataIn+0xa8>)
  7e:	18d2      	adds	r2, r2, r3
  80:	89bb      	ldrh	r3, [r7, #12]
  82:	4608      	mov	r0, r1
  84:	f04f 0181 	mov.w	r1, #129	; 0x81
  88:	f7ff fffe 	bl	0 <DCD_EP_Tx>
C:\Users\gcristian\Desktop\F429\Drivers\src\platform\stm32libs\STM32_USB_Device_Library\Class\cdc\src/usbd_cdc_core.c:661
                 (uint8_t*)&APP_Rx_Buffer[USB_Tx_ptr],
                 USB_Tx_length);
    }
  }  
  
  return USBD_OK;
  8c:	f04f 0300 	mov.w	r3, #0
C:\Users\gcristian\Desktop\F429\Drivers\src\platform\stm32libs\STM32_USB_Device_Library\Class\cdc\src/usbd_cdc_core.c:662
}
  90:	4618      	mov	r0, r3
  92:	f107 0710 	add.w	r7, r7, #16
  96:	46bd      	mov	sp, r7
  98:	bd80      	pop	{r7, pc}
  9a:	bf00      	nop
	...

Disassembly of section .text.usbd_cdc_DataOut:

00000000 <usbd_cdc_DataOut>:
usbd_cdc_DataOut():
C:\Users\gcristian\Desktop\F429\Drivers\src\platform\stm32libs\STM32_USB_Device_Library\Class\cdc\src/usbd_cdc_core.c:672
  * @param  pdev: device instance
  * @param  epnum: endpoint number
  * @retval status
  */
static uint8_t  usbd_cdc_DataOut (void *pdev, uint8_t epnum)
{      
   0:	b580      	push	{r7, lr}
   2:	b084      	sub	sp, #16
   4:	af00      	add	r7, sp, #0
   6:	6078      	str	r0, [r7, #4]
   8:	460b      	mov	r3, r1
   a:	70fb      	strb	r3, [r7, #3]
C:\Users\gcristian\Desktop\F429\Drivers\src\platform\stm32libs\STM32_USB_Device_Library\Class\cdc\src/usbd_cdc_core.c:676
  uint16_t USB_Rx_Cnt;
  
  /* Get the received data buffer and update the counter */
  USB_Rx_Cnt = ((USB_OTG_CORE_HANDLE*)pdev)->dev.out_ep[epnum].xfer_count;
   c:	6879      	ldr	r1, [r7, #4]
   e:	78fa      	ldrb	r2, [r7, #3]
  10:	4613      	mov	r3, r2
  12:	ea4f 0383 	mov.w	r3, r3, lsl #2
  16:	189b      	adds	r3, r3, r2
  18:	ea4f 03c3 	mov.w	r3, r3, lsl #3
  1c:	18cb      	adds	r3, r1, r3
  1e:	f503 7363 	add.w	r3, r3, #908	; 0x38c
  22:	681b      	ldr	r3, [r3, #0]
  24:	81fb      	strh	r3, [r7, #14]
C:\Users\gcristian\Desktop\F429\Drivers\src\platform\stm32libs\STM32_USB_Device_Library\Class\cdc\src/usbd_cdc_core.c:680
  
  /* USB data will be immediately processed, this allow next USB traffic being 
     NAKed till the end of the application Xfer */
  APP_FOPS.pIf_DataRx(USB_Rx_Buffer, USB_Rx_Cnt);
  26:	4b0b      	ldr	r3, [pc, #44]	; (54 <usbd_cdc_DataOut+0x54>)
  28:	691b      	ldr	r3, [r3, #16]
  2a:	89fa      	ldrh	r2, [r7, #14]
  2c:	480a      	ldr	r0, [pc, #40]	; (58 <usbd_cdc_DataOut+0x58>)
  2e:	4611      	mov	r1, r2
  30:	4798      	blx	r3
C:\Users\gcristian\Desktop\F429\Drivers\src\platform\stm32libs\STM32_USB_Device_Library\Class\cdc\src/usbd_cdc_core.c:683
  
  /* Prepare Out endpoint to receive next packet */
  DCD_EP_PrepareRx(pdev,
  32:	687b      	ldr	r3, [r7, #4]
  34:	4618      	mov	r0, r3
  36:	f04f 0101 	mov.w	r1, #1
  3a:	4a07      	ldr	r2, [pc, #28]	; (58 <usbd_cdc_DataOut+0x58>)
  3c:	f44f 7300 	mov.w	r3, #512	; 0x200
  40:	f7ff fffe 	bl	0 <DCD_EP_PrepareRx>
C:\Users\gcristian\Desktop\F429\Drivers\src\platform\stm32libs\STM32_USB_Device_Library\Class\cdc\src/usbd_cdc_core.c:688
                   CDC_OUT_EP,
                   (uint8_t*)(USB_Rx_Buffer),
                   CDC_DATA_OUT_PACKET_SIZE);

  return USBD_OK;
  44:	f04f 0300 	mov.w	r3, #0
C:\Users\gcristian\Desktop\F429\Drivers\src\platform\stm32libs\STM32_USB_Device_Library\Class\cdc\src/usbd_cdc_core.c:689
}
  48:	4618      	mov	r0, r3
  4a:	f107 0710 	add.w	r7, r7, #16
  4e:	46bd      	mov	sp, r7
  50:	bd80      	pop	{r7, pc}
  52:	bf00      	nop
	...

Disassembly of section .text.usbd_cdc_SOF:

00000000 <usbd_cdc_SOF>:
usbd_cdc_SOF():
C:\Users\gcristian\Desktop\F429\Drivers\src\platform\stm32libs\STM32_USB_Device_Library\Class\cdc\src/usbd_cdc_core.c:699
  * @param  pdev: instance
  * @param  epnum: endpoint number
  * @retval status
  */
static uint8_t  usbd_cdc_SOF (void *pdev)
{      
   0:	b580      	push	{r7, lr}
   2:	b082      	sub	sp, #8
   4:	af00      	add	r7, sp, #0
   6:	6078      	str	r0, [r7, #4]
C:\Users\gcristian\Desktop\F429\Drivers\src\platform\stm32libs\STM32_USB_Device_Library\Class\cdc\src/usbd_cdc_core.c:702
  static uint32_t FrameCount = 0;
  
  if (FrameCount++ == CDC_IN_FRAME_INTERVAL)
   8:	4b0d      	ldr	r3, [pc, #52]	; (40 <usbd_cdc_SOF+0x40>)
   a:	681b      	ldr	r3, [r3, #0]
   c:	2b28      	cmp	r3, #40	; 0x28
   e:	bf14      	ite	ne
  10:	2200      	movne	r2, #0
  12:	2201      	moveq	r2, #1
  14:	b2d2      	uxtb	r2, r2
  16:	f103 0101 	add.w	r1, r3, #1
  1a:	4b09      	ldr	r3, [pc, #36]	; (40 <usbd_cdc_SOF+0x40>)
  1c:	6019      	str	r1, [r3, #0]
  1e:	2a00      	cmp	r2, #0
  20:	d006      	beq.n	30 <usbd_cdc_SOF+0x30>
C:\Users\gcristian\Desktop\F429\Drivers\src\platform\stm32libs\STM32_USB_Device_Library\Class\cdc\src/usbd_cdc_core.c:705
  {
    /* Reset the frame counter */
    FrameCount = 0;
  22:	4b07      	ldr	r3, [pc, #28]	; (40 <usbd_cdc_SOF+0x40>)
  24:	f04f 0200 	mov.w	r2, #0
  28:	601a      	str	r2, [r3, #0]
C:\Users\gcristian\Desktop\F429\Drivers\src\platform\stm32libs\STM32_USB_Device_Library\Class\cdc\src/usbd_cdc_core.c:708
    
    /* Check the data to be sent through IN pipe */
    Handle_USBAsynchXfer(pdev);
  2a:	6878      	ldr	r0, [r7, #4]
  2c:	f7ff fffe 	bl	0 <usbd_cdc_SOF>
C:\Users\gcristian\Desktop\F429\Drivers\src\platform\stm32libs\STM32_USB_Device_Library\Class\cdc\src/usbd_cdc_core.c:711
  }
  
  return USBD_OK;
  30:	f04f 0300 	mov.w	r3, #0
C:\Users\gcristian\Desktop\F429\Drivers\src\platform\stm32libs\STM32_USB_Device_Library\Class\cdc\src/usbd_cdc_core.c:712
}
  34:	4618      	mov	r0, r3
  36:	f107 0708 	add.w	r7, r7, #8
  3a:	46bd      	mov	sp, r7
  3c:	bd80      	pop	{r7, pc}
  3e:	bf00      	nop
  40:	00000018 	.word	0x00000018

Disassembly of section .text.Handle_USBAsynchXfer:

00000000 <Handle_USBAsynchXfer>:
Handle_USBAsynchXfer():
C:\Users\gcristian\Desktop\F429\Drivers\src\platform\stm32libs\STM32_USB_Device_Library\Class\cdc\src/usbd_cdc_core.c:721
  *         Send data to USB
  * @param  pdev: instance
  * @retval None
  */
static void Handle_USBAsynchXfer (void *pdev)
{
   0:	b580      	push	{r7, lr}
   2:	b084      	sub	sp, #16
   4:	af00      	add	r7, sp, #0
   6:	6078      	str	r0, [r7, #4]
C:\Users\gcristian\Desktop\F429\Drivers\src\platform\stm32libs\STM32_USB_Device_Library\Class\cdc\src/usbd_cdc_core.c:725
  uint16_t USB_Tx_ptr;
  uint16_t USB_Tx_length;
  
  if(USB_Tx_State != 1)
   8:	4b33      	ldr	r3, [pc, #204]	; (d8 <Handle_USBAsynchXfer+0xd8>)
   a:	781b      	ldrb	r3, [r3, #0]
   c:	2b01      	cmp	r3, #1
   e:	d05e      	beq.n	ce <Handle_USBAsynchXfer+0xce>
C:\Users\gcristian\Desktop\F429\Drivers\src\platform\stm32libs\STM32_USB_Device_Library\Class\cdc\src/usbd_cdc_core.c:727
  {
    if (APP_Rx_ptr_out == APP_RX_DATA_SIZE)
  10:	4b32      	ldr	r3, [pc, #200]	; (dc <Handle_USBAsynchXfer+0xdc>)
  12:	681b      	ldr	r3, [r3, #0]
  14:	f5b3 6f00 	cmp.w	r3, #2048	; 0x800
  18:	d103      	bne.n	22 <Handle_USBAsynchXfer+0x22>
C:\Users\gcristian\Desktop\F429\Drivers\src\platform\stm32libs\STM32_USB_Device_Library\Class\cdc\src/usbd_cdc_core.c:729
    {
      APP_Rx_ptr_out = 0;
  1a:	4b30      	ldr	r3, [pc, #192]	; (dc <Handle_USBAsynchXfer+0xdc>)
  1c:	f04f 0200 	mov.w	r2, #0
  20:	601a      	str	r2, [r3, #0]
C:\Users\gcristian\Desktop\F429\Drivers\src\platform\stm32libs\STM32_USB_Device_Library\Class\cdc\src/usbd_cdc_core.c:732
    }
    
    if(APP_Rx_ptr_out == APP_Rx_ptr_in) 
  22:	4b2e      	ldr	r3, [pc, #184]	; (dc <Handle_USBAsynchXfer+0xdc>)
  24:	681a      	ldr	r2, [r3, #0]
  26:	4b2e      	ldr	r3, [pc, #184]	; (e0 <Handle_USBAsynchXfer+0xe0>)
  28:	681b      	ldr	r3, [r3, #0]
  2a:	429a      	cmp	r2, r3
  2c:	d104      	bne.n	38 <Handle_USBAsynchXfer+0x38>
C:\Users\gcristian\Desktop\F429\Drivers\src\platform\stm32libs\STM32_USB_Device_Library\Class\cdc\src/usbd_cdc_core.c:734
    {
      USB_Tx_State = 0; 
  2e:	4b2a      	ldr	r3, [pc, #168]	; (d8 <Handle_USBAsynchXfer+0xd8>)
  30:	f04f 0200 	mov.w	r2, #0
  34:	701a      	strb	r2, [r3, #0]
C:\Users\gcristian\Desktop\F429\Drivers\src\platform\stm32libs\STM32_USB_Device_Library\Class\cdc\src/usbd_cdc_core.c:735
      return;
  36:	e04a      	b.n	ce <Handle_USBAsynchXfer+0xce>
C:\Users\gcristian\Desktop\F429\Drivers\src\platform\stm32libs\STM32_USB_Device_Library\Class\cdc\src/usbd_cdc_core.c:738
    }
    
    if(APP_Rx_ptr_out > APP_Rx_ptr_in) /* rollback */
  38:	4b28      	ldr	r3, [pc, #160]	; (dc <Handle_USBAsynchXfer+0xdc>)
  3a:	681a      	ldr	r2, [r3, #0]
  3c:	4b28      	ldr	r3, [pc, #160]	; (e0 <Handle_USBAsynchXfer+0xe0>)
  3e:	681b      	ldr	r3, [r3, #0]
  40:	429a      	cmp	r2, r3
  42:	d906      	bls.n	52 <Handle_USBAsynchXfer+0x52>
C:\Users\gcristian\Desktop\F429\Drivers\src\platform\stm32libs\STM32_USB_Device_Library\Class\cdc\src/usbd_cdc_core.c:740
    { 
      APP_Rx_length = APP_RX_DATA_SIZE - APP_Rx_ptr_out;
  44:	4b25      	ldr	r3, [pc, #148]	; (dc <Handle_USBAsynchXfer+0xdc>)
  46:	681b      	ldr	r3, [r3, #0]
  48:	f5c3 6200 	rsb	r2, r3, #2048	; 0x800
  4c:	4b25      	ldr	r3, [pc, #148]	; (e4 <Handle_USBAsynchXfer+0xe4>)
  4e:	601a      	str	r2, [r3, #0]
  50:	e006      	b.n	60 <Handle_USBAsynchXfer+0x60>
C:\Users\gcristian\Desktop\F429\Drivers\src\platform\stm32libs\STM32_USB_Device_Library\Class\cdc\src/usbd_cdc_core.c:745
    
    }
    else 
    {
      APP_Rx_length = APP_Rx_ptr_in - APP_Rx_ptr_out;
  52:	4b23      	ldr	r3, [pc, #140]	; (e0 <Handle_USBAsynchXfer+0xe0>)
  54:	681a      	ldr	r2, [r3, #0]
  56:	4b21      	ldr	r3, [pc, #132]	; (dc <Handle_USBAsynchXfer+0xdc>)
  58:	681b      	ldr	r3, [r3, #0]
  5a:	1ad2      	subs	r2, r2, r3
  5c:	4b21      	ldr	r3, [pc, #132]	; (e4 <Handle_USBAsynchXfer+0xe4>)
  5e:	601a      	str	r2, [r3, #0]
C:\Users\gcristian\Desktop\F429\Drivers\src\platform\stm32libs\STM32_USB_Device_Library\Class\cdc\src/usbd_cdc_core.c:752
    }
#ifdef USB_OTG_HS_INTERNAL_DMA_ENABLED
     APP_Rx_length &= ~0x03;
#endif /* USB_OTG_HS_INTERNAL_DMA_ENABLED */
    
    if (APP_Rx_length > CDC_DATA_IN_PACKET_SIZE)
  60:	4b20      	ldr	r3, [pc, #128]	; (e4 <Handle_USBAsynchXfer+0xe4>)
  62:	681b      	ldr	r3, [r3, #0]
  64:	f5b3 7f00 	cmp.w	r3, #512	; 0x200
  68:	d912      	bls.n	90 <Handle_USBAsynchXfer+0x90>
C:\Users\gcristian\Desktop\F429\Drivers\src\platform\stm32libs\STM32_USB_Device_Library\Class\cdc\src/usbd_cdc_core.c:754
    {
      USB_Tx_ptr = APP_Rx_ptr_out;
  6a:	4b1c      	ldr	r3, [pc, #112]	; (dc <Handle_USBAsynchXfer+0xdc>)
  6c:	681b      	ldr	r3, [r3, #0]
  6e:	81fb      	strh	r3, [r7, #14]
C:\Users\gcristian\Desktop\F429\Drivers\src\platform\stm32libs\STM32_USB_Device_Library\Class\cdc\src/usbd_cdc_core.c:755
      USB_Tx_length = CDC_DATA_IN_PACKET_SIZE;
  70:	f44f 7300 	mov.w	r3, #512	; 0x200
  74:	81bb      	strh	r3, [r7, #12]
C:\Users\gcristian\Desktop\F429\Drivers\src\platform\stm32libs\STM32_USB_Device_Library\Class\cdc\src/usbd_cdc_core.c:757
      
      APP_Rx_ptr_out += CDC_DATA_IN_PACKET_SIZE;	
  76:	4b19      	ldr	r3, [pc, #100]	; (dc <Handle_USBAsynchXfer+0xdc>)
  78:	681b      	ldr	r3, [r3, #0]
  7a:	f503 7200 	add.w	r2, r3, #512	; 0x200
  7e:	4b17      	ldr	r3, [pc, #92]	; (dc <Handle_USBAsynchXfer+0xdc>)
  80:	601a      	str	r2, [r3, #0]
C:\Users\gcristian\Desktop\F429\Drivers\src\platform\stm32libs\STM32_USB_Device_Library\Class\cdc\src/usbd_cdc_core.c:758
      APP_Rx_length -= CDC_DATA_IN_PACKET_SIZE;
  82:	4b18      	ldr	r3, [pc, #96]	; (e4 <Handle_USBAsynchXfer+0xe4>)
  84:	681b      	ldr	r3, [r3, #0]
  86:	f5a3 7200 	sub.w	r2, r3, #512	; 0x200
  8a:	4b16      	ldr	r3, [pc, #88]	; (e4 <Handle_USBAsynchXfer+0xe4>)
  8c:	601a      	str	r2, [r3, #0]
  8e:	e010      	b.n	b2 <Handle_USBAsynchXfer+0xb2>
C:\Users\gcristian\Desktop\F429\Drivers\src\platform\stm32libs\STM32_USB_Device_Library\Class\cdc\src/usbd_cdc_core.c:762
    }
    else
    {
      USB_Tx_ptr = APP_Rx_ptr_out;
  90:	4b12      	ldr	r3, [pc, #72]	; (dc <Handle_USBAsynchXfer+0xdc>)
  92:	681b      	ldr	r3, [r3, #0]
  94:	81fb      	strh	r3, [r7, #14]
C:\Users\gcristian\Desktop\F429\Drivers\src\platform\stm32libs\STM32_USB_Device_Library\Class\cdc\src/usbd_cdc_core.c:763
      USB_Tx_length = APP_Rx_length;
  96:	4b13      	ldr	r3, [pc, #76]	; (e4 <Handle_USBAsynchXfer+0xe4>)
  98:	681b      	ldr	r3, [r3, #0]
  9a:	81bb      	strh	r3, [r7, #12]
C:\Users\gcristian\Desktop\F429\Drivers\src\platform\stm32libs\STM32_USB_Device_Library\Class\cdc\src/usbd_cdc_core.c:765
      
      APP_Rx_ptr_out += APP_Rx_length;
  9c:	4b0f      	ldr	r3, [pc, #60]	; (dc <Handle_USBAsynchXfer+0xdc>)
  9e:	681a      	ldr	r2, [r3, #0]
  a0:	4b10      	ldr	r3, [pc, #64]	; (e4 <Handle_USBAsynchXfer+0xe4>)
  a2:	681b      	ldr	r3, [r3, #0]
  a4:	18d2      	adds	r2, r2, r3
  a6:	4b0d      	ldr	r3, [pc, #52]	; (dc <Handle_USBAsynchXfer+0xdc>)
  a8:	601a      	str	r2, [r3, #0]
C:\Users\gcristian\Desktop\F429\Drivers\src\platform\stm32libs\STM32_USB_Device_Library\Class\cdc\src/usbd_cdc_core.c:766
      APP_Rx_length = 0;
  aa:	4b0e      	ldr	r3, [pc, #56]	; (e4 <Handle_USBAsynchXfer+0xe4>)
  ac:	f04f 0200 	mov.w	r2, #0
  b0:	601a      	str	r2, [r3, #0]
C:\Users\gcristian\Desktop\F429\Drivers\src\platform\stm32libs\STM32_USB_Device_Library\Class\cdc\src/usbd_cdc_core.c:768
    }
    USB_Tx_State = 1; 
  b2:	4b09      	ldr	r3, [pc, #36]	; (d8 <Handle_USBAsynchXfer+0xd8>)
  b4:	f04f 0201 	mov.w	r2, #1
  b8:	701a      	strb	r2, [r3, #0]
C:\Users\gcristian\Desktop\F429\Drivers\src\platform\stm32libs\STM32_USB_Device_Library\Class\cdc\src/usbd_cdc_core.c:770

    DCD_EP_Tx (pdev,
  ba:	6879      	ldr	r1, [r7, #4]
  bc:	89fa      	ldrh	r2, [r7, #14]
  be:	4b0a      	ldr	r3, [pc, #40]	; (e8 <Handle_USBAsynchXfer+0xe8>)
  c0:	18d2      	adds	r2, r2, r3
  c2:	89bb      	ldrh	r3, [r7, #12]
  c4:	4608      	mov	r0, r1
  c6:	f04f 0181 	mov.w	r1, #129	; 0x81
  ca:	f7ff fffe 	bl	0 <DCD_EP_Tx>
C:\Users\gcristian\Desktop\F429\Drivers\src\platform\stm32libs\STM32_USB_Device_Library\Class\cdc\src/usbd_cdc_core.c:776
               CDC_IN_EP,
               (uint8_t*)&APP_Rx_Buffer[USB_Tx_ptr],
               USB_Tx_length);
  }  
  
}
  ce:	f107 0710 	add.w	r7, r7, #16
  d2:	46bd      	mov	sp, r7
  d4:	bd80      	pop	{r7, pc}
  d6:	bf00      	nop
	...

Disassembly of section .text.USBD_cdc_GetCfgDesc:

00000000 <USBD_cdc_GetCfgDesc>:
USBD_cdc_GetCfgDesc():
C:\Users\gcristian\Desktop\F429\Drivers\src\platform\stm32libs\STM32_USB_Device_Library\Class\cdc\src/usbd_cdc_core.c:786
  * @param  speed : current device speed
  * @param  length : pointer data length
  * @retval pointer to descriptor buffer
  */
static uint8_t  *USBD_cdc_GetCfgDesc (uint8_t speed, uint16_t *length)
{
   0:	b480      	push	{r7}
   2:	b083      	sub	sp, #12
   4:	af00      	add	r7, sp, #0
   6:	4603      	mov	r3, r0
   8:	6039      	str	r1, [r7, #0]
   a:	71fb      	strb	r3, [r7, #7]
C:\Users\gcristian\Desktop\F429\Drivers\src\platform\stm32libs\STM32_USB_Device_Library\Class\cdc\src/usbd_cdc_core.c:787
  *length = sizeof (usbd_cdc_CfgDesc);
   c:	683b      	ldr	r3, [r7, #0]
   e:	f04f 0243 	mov.w	r2, #67	; 0x43
  12:	801a      	strh	r2, [r3, #0]
C:\Users\gcristian\Desktop\F429\Drivers\src\platform\stm32libs\STM32_USB_Device_Library\Class\cdc\src/usbd_cdc_core.c:788
  return usbd_cdc_CfgDesc;
  14:	4b03      	ldr	r3, [pc, #12]	; (24 <USBD_cdc_GetCfgDesc+0x24>)
C:\Users\gcristian\Desktop\F429\Drivers\src\platform\stm32libs\STM32_USB_Device_Library\Class\cdc\src/usbd_cdc_core.c:789
}
  16:	4618      	mov	r0, r3
  18:	f107 070c 	add.w	r7, r7, #12
  1c:	46bd      	mov	sp, r7
  1e:	bc80      	pop	{r7}
  20:	4770      	bx	lr
  22:	bf00      	nop
  24:	00000000 	.word	0x00000000

Disassembly of section .text.USBD_cdc_GetOtherCfgDesc:

00000000 <USBD_cdc_GetOtherCfgDesc>:
USBD_cdc_GetOtherCfgDesc():
C:\Users\gcristian\Desktop\F429\Drivers\src\platform\stm32libs\STM32_USB_Device_Library\Class\cdc\src/usbd_cdc_core.c:800
  * @param  length : pointer data length
  * @retval pointer to descriptor buffer
  */
#ifdef USE_USB_OTG_HS 
static uint8_t  *USBD_cdc_GetOtherCfgDesc (uint8_t speed, uint16_t *length)
{
   0:	b480      	push	{r7}
   2:	b083      	sub	sp, #12
   4:	af00      	add	r7, sp, #0
   6:	4603      	mov	r3, r0
   8:	6039      	str	r1, [r7, #0]
   a:	71fb      	strb	r3, [r7, #7]
C:\Users\gcristian\Desktop\F429\Drivers\src\platform\stm32libs\STM32_USB_Device_Library\Class\cdc\src/usbd_cdc_core.c:801
  *length = sizeof (usbd_cdc_OtherCfgDesc);
   c:	683b      	ldr	r3, [r7, #0]
   e:	f04f 0243 	mov.w	r2, #67	; 0x43
  12:	801a      	strh	r2, [r3, #0]
C:\Users\gcristian\Desktop\F429\Drivers\src\platform\stm32libs\STM32_USB_Device_Library\Class\cdc\src/usbd_cdc_core.c:802
  return usbd_cdc_OtherCfgDesc;
  14:	4b03      	ldr	r3, [pc, #12]	; (24 <USBD_cdc_GetOtherCfgDesc+0x24>)
C:\Users\gcristian\Desktop\F429\Drivers\src\platform\stm32libs\STM32_USB_Device_Library\Class\cdc\src/usbd_cdc_core.c:803
}
  16:	4618      	mov	r0, r3
  18:	f107 070c 	add.w	r7, r7, #12
  1c:	46bd      	mov	sp, r7
  1e:	bc80      	pop	{r7}
  20:	4770      	bx	lr
  22:	bf00      	nop
  24:	00000000 	.word	0x00000000
